[0.059s] DEBUG:colcon:Command line arguments: ['/usr/bin/colcon', 'build', '--symlink-install']
[0.059s] DEBUG:colcon:Parsed command line arguments: Namespace(log_base=None, log_level=None, verb_name='build', build_base='build', install_base='install', merge_install=False, symlink_install=True, test_result_base=None, continue_on_error=False, executor='parallel', parallel_workers=16, event_handlers=None, ignore_user_meta=False, metas=['./colcon.meta'], base_paths=['.'], packages_ignore=None, packages_ignore_regex=None, paths=None, packages_up_to=None, packages_up_to_regex=None, packages_above=None, packages_above_and_dependencies=None, packages_above_depth=None, packages_select_by_dep=None, packages_skip_by_dep=None, packages_skip_up_to=None, packages_select_build_failed=False, packages_skip_build_finished=False, packages_select_test_failures=False, packages_skip_test_passed=False, packages_select=None, packages_skip=None, packages_select_regex=None, packages_skip_regex=None, packages_start=None, packages_end=None, allow_overriding=[], cmake_args=None, cmake_target=None, cmake_target_skip_unavailable=False, cmake_clean_cache=False, cmake_clean_first=False, cmake_force_configure=False, ament_cmake_args=None, catkin_cmake_args=None, catkin_skip_building_tests=False, mixin_files=None, mixin=None, verb_parser=<colcon_mixin.mixin.mixin_argument.MixinArgumentDecorator object at 0x775a05c549a0>, verb_extension=<colcon_core.verb.build.BuildVerb object at 0x775a05d69810>, main=<bound method BuildVerb.main of <colcon_core.verb.build.BuildVerb object at 0x775a05d69810>>, mixin_verb=('build',))
[0.143s] Level 1:colcon.colcon_core.package_discovery:discover_packages(colcon_meta) check parameters
[0.143s] Level 1:colcon.colcon_core.package_discovery:discover_packages(recursive) check parameters
[0.143s] Level 1:colcon.colcon_core.package_discovery:discover_packages(ignore) check parameters
[0.143s] Level 1:colcon.colcon_core.package_discovery:discover_packages(path) check parameters
[0.143s] Level 1:colcon.colcon_core.package_discovery:discover_packages(colcon_meta) discover
[0.143s] Level 1:colcon.colcon_core.package_discovery:discover_packages(recursive) discover
[0.143s] INFO:colcon.colcon_core.package_discovery:Crawling recursively for packages in '/home/kai137/ee4308'
[0.143s] Level 1:colcon.colcon_core.package_identification:_identify(.) by extensions ['ignore', 'ignore_ament_install']
[0.144s] Level 1:colcon.colcon_core.package_identification:_identify(.) by extension 'ignore'
[0.144s] Level 1:colcon.colcon_core.package_identification:_identify(.) by extension 'ignore_ament_install'
[0.144s] Level 1:colcon.colcon_core.package_identification:_identify(.) by extensions ['colcon_pkg']
[0.144s] Level 1:colcon.colcon_core.package_identification:_identify(.) by extension 'colcon_pkg'
[0.144s] Level 1:colcon.colcon_core.package_identification:_identify(.) by extensions ['colcon_meta']
[0.144s] Level 1:colcon.colcon_core.package_identification:_identify(.) by extension 'colcon_meta'
[0.144s] Level 1:colcon.colcon_core.package_identification:_identify(.) by extensions ['ros']
[0.144s] Level 1:colcon.colcon_core.package_identification:_identify(.) by extension 'ros'
[0.150s] Level 1:colcon.colcon_core.package_identification:_identify(.) by extensions ['cmake', 'python']
[0.150s] Level 1:colcon.colcon_core.package_identification:_identify(.) by extension 'cmake'
[0.150s] Level 1:colcon.colcon_core.package_identification:_identify(.) by extension 'python'
[0.150s] Level 1:colcon.colcon_core.package_identification:_identify(.) by extensions ['python_setup_py']
[0.150s] Level 1:colcon.colcon_core.package_identification:_identify(.) by extension 'python_setup_py'
[0.150s] Level 1:colcon.colcon_core.package_identification:_identify(build) by extensions ['ignore', 'ignore_ament_install']
[0.150s] Level 1:colcon.colcon_core.package_identification:_identify(build) by extension 'ignore'
[0.150s] Level 1:colcon.colcon_core.package_identification:_identify(build) ignored
[0.151s] Level 1:colcon.colcon_core.package_identification:_identify(docs) by extensions ['ignore', 'ignore_ament_install']
[0.151s] Level 1:colcon.colcon_core.package_identification:_identify(docs) by extension 'ignore'
[0.151s] Level 1:colcon.colcon_core.package_identification:_identify(docs) by extension 'ignore_ament_install'
[0.151s] Level 1:colcon.colcon_core.package_identification:_identify(docs) by extensions ['colcon_pkg']
[0.151s] Level 1:colcon.colcon_core.package_identification:_identify(docs) by extension 'colcon_pkg'
[0.151s] Level 1:colcon.colcon_core.package_identification:_identify(docs) by extensions ['colcon_meta']
[0.151s] Level 1:colcon.colcon_core.package_identification:_identify(docs) by extension 'colcon_meta'
[0.151s] Level 1:colcon.colcon_core.package_identification:_identify(docs) by extensions ['ros']
[0.151s] Level 1:colcon.colcon_core.package_identification:_identify(docs) by extension 'ros'
[0.151s] Level 1:colcon.colcon_core.package_identification:_identify(docs) by extensions ['cmake', 'python']
[0.151s] Level 1:colcon.colcon_core.package_identification:_identify(docs) by extension 'cmake'
[0.151s] Level 1:colcon.colcon_core.package_identification:_identify(docs) by extension 'python'
[0.151s] Level 1:colcon.colcon_core.package_identification:_identify(docs) by extensions ['python_setup_py']
[0.151s] Level 1:colcon.colcon_core.package_identification:_identify(docs) by extension 'python_setup_py'
[0.151s] Level 1:colcon.colcon_core.package_identification:_identify(docs/img) by extensions ['ignore', 'ignore_ament_install']
[0.151s] Level 1:colcon.colcon_core.package_identification:_identify(docs/img) by extension 'ignore'
[0.151s] Level 1:colcon.colcon_core.package_identification:_identify(docs/img) by extension 'ignore_ament_install'
[0.151s] Level 1:colcon.colcon_core.package_identification:_identify(docs/img) by extensions ['colcon_pkg']
[0.151s] Level 1:colcon.colcon_core.package_identification:_identify(docs/img) by extension 'colcon_pkg'
[0.151s] Level 1:colcon.colcon_core.package_identification:_identify(docs/img) by extensions ['colcon_meta']
[0.151s] Level 1:colcon.colcon_core.package_identification:_identify(docs/img) by extension 'colcon_meta'
[0.151s] Level 1:colcon.colcon_core.package_identification:_identify(docs/img) by extensions ['ros']
[0.151s] Level 1:colcon.colcon_core.package_identification:_identify(docs/img) by extension 'ros'
[0.151s] Level 1:colcon.colcon_core.package_identification:_identify(docs/img) by extensions ['cmake', 'python']
[0.151s] Level 1:colcon.colcon_core.package_identification:_identify(docs/img) by extension 'cmake'
[0.151s] Level 1:colcon.colcon_core.package_identification:_identify(docs/img) by extension 'python'
[0.151s] Level 1:colcon.colcon_core.package_identification:_identify(docs/img) by extensions ['python_setup_py']
[0.151s] Level 1:colcon.colcon_core.package_identification:_identify(docs/img) by extension 'python_setup_py'
[0.151s] Level 1:colcon.colcon_core.package_identification:_identify(install) by extensions ['ignore', 'ignore_ament_install']
[0.151s] Level 1:colcon.colcon_core.package_identification:_identify(install) by extension 'ignore'
[0.151s] Level 1:colcon.colcon_core.package_identification:_identify(install) ignored
[0.151s] Level 1:colcon.colcon_core.package_identification:_identify(log) by extensions ['ignore', 'ignore_ament_install']
[0.151s] Level 1:colcon.colcon_core.package_identification:_identify(log) by extension 'ignore'
[0.151s] Level 1:colcon.colcon_core.package_identification:_identify(log) ignored
[0.151s] Level 1:colcon.colcon_core.package_identification:_identify(src) by extensions ['ignore', 'ignore_ament_install']
[0.151s] Level 1:colcon.colcon_core.package_identification:_identify(src) by extension 'ignore'
[0.152s] Level 1:colcon.colcon_core.package_identification:_identify(src) by extension 'ignore_ament_install'
[0.152s] Level 1:colcon.colcon_core.package_identification:_identify(src) by extensions ['colcon_pkg']
[0.152s] Level 1:colcon.colcon_core.package_identification:_identify(src) by extension 'colcon_pkg'
[0.152s] Level 1:colcon.colcon_core.package_identification:_identify(src) by extensions ['colcon_meta']
[0.152s] Level 1:colcon.colcon_core.package_identification:_identify(src) by extension 'colcon_meta'
[0.152s] Level 1:colcon.colcon_core.package_identification:_identify(src) by extensions ['ros']
[0.152s] Level 1:colcon.colcon_core.package_identification:_identify(src) by extension 'ros'
[0.152s] Level 1:colcon.colcon_core.package_identification:_identify(src) by extensions ['cmake', 'python']
[0.152s] Level 1:colcon.colcon_core.package_identification:_identify(src) by extension 'cmake'
[0.152s] Level 1:colcon.colcon_core.package_identification:_identify(src) by extension 'python'
[0.152s] Level 1:colcon.colcon_core.package_identification:_identify(src) by extensions ['python_setup_py']
[0.152s] Level 1:colcon.colcon_core.package_identification:_identify(src) by extension 'python_setup_py'
[0.152s] Level 1:colcon.colcon_core.package_identification:_identify(src/ee4308_bringup) by extensions ['ignore', 'ignore_ament_install']
[0.152s] Level 1:colcon.colcon_core.package_identification:_identify(src/ee4308_bringup) by extension 'ignore'
[0.152s] Level 1:colcon.colcon_core.package_identification:_identify(src/ee4308_bringup) by extension 'ignore_ament_install'
[0.152s] Level 1:colcon.colcon_core.package_identification:_identify(src/ee4308_bringup) by extensions ['colcon_pkg']
[0.152s] Level 1:colcon.colcon_core.package_identification:_identify(src/ee4308_bringup) by extension 'colcon_pkg'
[0.152s] Level 1:colcon.colcon_core.package_identification:_identify(src/ee4308_bringup) by extensions ['colcon_meta']
[0.152s] Level 1:colcon.colcon_core.package_identification:_identify(src/ee4308_bringup) by extension 'colcon_meta'
[0.152s] Level 1:colcon.colcon_core.package_identification:_identify(src/ee4308_bringup) by extensions ['ros']
[0.152s] Level 1:colcon.colcon_core.package_identification:_identify(src/ee4308_bringup) by extension 'ros'
[0.153s] DEBUG:colcon.colcon_core.package_identification:Package 'src/ee4308_bringup' with type 'ros.ament_cmake' and name 'ee4308_bringup'
[0.153s] Level 1:colcon.colcon_core.package_identification:_identify(src/ee4308_core) by extensions ['ignore', 'ignore_ament_install']
[0.154s] Level 1:colcon.colcon_core.package_identification:_identify(src/ee4308_core) by extension 'ignore'
[0.154s] Level 1:colcon.colcon_core.package_identification:_identify(src/ee4308_core) by extension 'ignore_ament_install'
[0.154s] Level 1:colcon.colcon_core.package_identification:_identify(src/ee4308_core) by extensions ['colcon_pkg']
[0.154s] Level 1:colcon.colcon_core.package_identification:_identify(src/ee4308_core) by extension 'colcon_pkg'
[0.154s] Level 1:colcon.colcon_core.package_identification:_identify(src/ee4308_core) by extensions ['colcon_meta']
[0.154s] Level 1:colcon.colcon_core.package_identification:_identify(src/ee4308_core) by extension 'colcon_meta'
[0.154s] Level 1:colcon.colcon_core.package_identification:_identify(src/ee4308_core) by extensions ['ros']
[0.154s] Level 1:colcon.colcon_core.package_identification:_identify(src/ee4308_core) by extension 'ros'
[0.154s] DEBUG:colcon.colcon_core.package_identification:Package 'src/ee4308_core' with type 'ros.ament_cmake' and name 'ee4308_core'
[0.154s] Level 1:colcon.colcon_core.package_identification:_identify(src/ee4308_turtle) by extensions ['ignore', 'ignore_ament_install']
[0.154s] Level 1:colcon.colcon_core.package_identification:_identify(src/ee4308_turtle) by extension 'ignore'
[0.154s] Level 1:colcon.colcon_core.package_identification:_identify(src/ee4308_turtle) by extension 'ignore_ament_install'
[0.154s] Level 1:colcon.colcon_core.package_identification:_identify(src/ee4308_turtle) by extensions ['colcon_pkg']
[0.154s] Level 1:colcon.colcon_core.package_identification:_identify(src/ee4308_turtle) by extension 'colcon_pkg'
[0.154s] Level 1:colcon.colcon_core.package_identification:_identify(src/ee4308_turtle) by extensions ['colcon_meta']
[0.154s] Level 1:colcon.colcon_core.package_identification:_identify(src/ee4308_turtle) by extension 'colcon_meta'
[0.154s] Level 1:colcon.colcon_core.package_identification:_identify(src/ee4308_turtle) by extensions ['ros']
[0.154s] Level 1:colcon.colcon_core.package_identification:_identify(src/ee4308_turtle) by extension 'ros'
[0.155s] DEBUG:colcon.colcon_core.package_identification:Package 'src/ee4308_turtle' with type 'ros.ament_cmake' and name 'ee4308_turtle'
[0.155s] Level 1:colcon.colcon_core.package_discovery:discover_packages(recursive) using defaults
[0.155s] Level 1:colcon.colcon_core.package_discovery:discover_packages(ignore) discover
[0.155s] Level 1:colcon.colcon_core.package_discovery:discover_packages(ignore) using defaults
[0.155s] Level 1:colcon.colcon_core.package_discovery:discover_packages(path) discover
[0.155s] Level 1:colcon.colcon_core.package_discovery:discover_packages(path) using defaults
[0.173s] Level 1:colcon.colcon_core.package_discovery:discover_packages(prefix_path) check parameters
[0.173s] Level 1:colcon.colcon_core.package_discovery:discover_packages(prefix_path) discover
[0.174s] DEBUG:colcon.colcon_installed_package_information.package_discovery:Found 3 installed packages in /home/kai137/ee4308/install
[0.175s] DEBUG:colcon.colcon_installed_package_information.package_discovery:Found 328 installed packages in /opt/ros/humble
[0.176s] Level 1:colcon.colcon_core.package_discovery:discover_packages(prefix_path) using defaults
[0.197s] Level 5:colcon.colcon_core.verb:set package 'ee4308_bringup' build argument 'cmake_args' from command line to 'None'
[0.197s] Level 5:colcon.colcon_core.verb:set package 'ee4308_bringup' build argument 'cmake_target' from command line to 'None'
[0.197s] Level 5:colcon.colcon_core.verb:set package 'ee4308_bringup' build argument 'cmake_target_skip_unavailable' from command line to 'False'
[0.197s] Level 5:colcon.colcon_core.verb:set package 'ee4308_bringup' build argument 'cmake_clean_cache' from command line to 'False'
[0.197s] Level 5:colcon.colcon_core.verb:set package 'ee4308_bringup' build argument 'cmake_clean_first' from command line to 'False'
[0.198s] Level 5:colcon.colcon_core.verb:set package 'ee4308_bringup' build argument 'cmake_force_configure' from command line to 'False'
[0.198s] Level 5:colcon.colcon_core.verb:set package 'ee4308_bringup' build argument 'ament_cmake_args' from command line to 'None'
[0.198s] Level 5:colcon.colcon_core.verb:set package 'ee4308_bringup' build argument 'catkin_cmake_args' from command line to 'None'
[0.198s] Level 5:colcon.colcon_core.verb:set package 'ee4308_bringup' build argument 'catkin_skip_building_tests' from command line to 'False'
[0.198s] DEBUG:colcon.colcon_core.verb:Building package 'ee4308_bringup' with the following arguments: {'ament_cmake_args': None, 'build_base': '/home/kai137/ee4308/build/ee4308_bringup', 'catkin_cmake_args': None, 'catkin_skip_building_tests': False, 'cmake_args': None, 'cmake_clean_cache': False, 'cmake_clean_first': False, 'cmake_force_configure': False, 'cmake_target': None, 'cmake_target_skip_unavailable': False, 'install_base': '/home/kai137/ee4308/install/ee4308_bringup', 'merge_install': False, 'path': '/home/kai137/ee4308/src/ee4308_bringup', 'symlink_install': True, 'test_result_base': None}
[0.198s] Level 5:colcon.colcon_core.verb:set package 'ee4308_core' build argument 'cmake_args' from command line to 'None'
[0.198s] Level 5:colcon.colcon_core.verb:set package 'ee4308_core' build argument 'cmake_target' from command line to 'None'
[0.198s] Level 5:colcon.colcon_core.verb:set package 'ee4308_core' build argument 'cmake_target_skip_unavailable' from command line to 'False'
[0.198s] Level 5:colcon.colcon_core.verb:set package 'ee4308_core' build argument 'cmake_clean_cache' from command line to 'False'
[0.198s] Level 5:colcon.colcon_core.verb:set package 'ee4308_core' build argument 'cmake_clean_first' from command line to 'False'
[0.198s] Level 5:colcon.colcon_core.verb:set package 'ee4308_core' build argument 'cmake_force_configure' from command line to 'False'
[0.198s] Level 5:colcon.colcon_core.verb:set package 'ee4308_core' build argument 'ament_cmake_args' from command line to 'None'
[0.198s] Level 5:colcon.colcon_core.verb:set package 'ee4308_core' build argument 'catkin_cmake_args' from command line to 'None'
[0.198s] Level 5:colcon.colcon_core.verb:set package 'ee4308_core' build argument 'catkin_skip_building_tests' from command line to 'False'
[0.198s] DEBUG:colcon.colcon_core.verb:Building package 'ee4308_core' with the following arguments: {'ament_cmake_args': None, 'build_base': '/home/kai137/ee4308/build/ee4308_core', 'catkin_cmake_args': None, 'catkin_skip_building_tests': False, 'cmake_args': None, 'cmake_clean_cache': False, 'cmake_clean_first': False, 'cmake_force_configure': False, 'cmake_target': None, 'cmake_target_skip_unavailable': False, 'install_base': '/home/kai137/ee4308/install/ee4308_core', 'merge_install': False, 'path': '/home/kai137/ee4308/src/ee4308_core', 'symlink_install': True, 'test_result_base': None}
[0.198s] Level 5:colcon.colcon_core.verb:set package 'ee4308_turtle' build argument 'cmake_args' from command line to 'None'
[0.198s] Level 5:colcon.colcon_core.verb:set package 'ee4308_turtle' build argument 'cmake_target' from command line to 'None'
[0.198s] Level 5:colcon.colcon_core.verb:set package 'ee4308_turtle' build argument 'cmake_target_skip_unavailable' from command line to 'False'
[0.198s] Level 5:colcon.colcon_core.verb:set package 'ee4308_turtle' build argument 'cmake_clean_cache' from command line to 'False'
[0.198s] Level 5:colcon.colcon_core.verb:set package 'ee4308_turtle' build argument 'cmake_clean_first' from command line to 'False'
[0.198s] Level 5:colcon.colcon_core.verb:set package 'ee4308_turtle' build argument 'cmake_force_configure' from command line to 'False'
[0.198s] Level 5:colcon.colcon_core.verb:set package 'ee4308_turtle' build argument 'ament_cmake_args' from command line to 'None'
[0.198s] Level 5:colcon.colcon_core.verb:set package 'ee4308_turtle' build argument 'catkin_cmake_args' from command line to 'None'
[0.198s] Level 5:colcon.colcon_core.verb:set package 'ee4308_turtle' build argument 'catkin_skip_building_tests' from command line to 'False'
[0.198s] DEBUG:colcon.colcon_core.verb:Building package 'ee4308_turtle' with the following arguments: {'ament_cmake_args': None, 'build_base': '/home/kai137/ee4308/build/ee4308_turtle', 'catkin_cmake_args': None, 'catkin_skip_building_tests': False, 'cmake_args': None, 'cmake_clean_cache': False, 'cmake_clean_first': False, 'cmake_force_configure': False, 'cmake_target': None, 'cmake_target_skip_unavailable': False, 'install_base': '/home/kai137/ee4308/install/ee4308_turtle', 'merge_install': False, 'path': '/home/kai137/ee4308/src/ee4308_turtle', 'symlink_install': True, 'test_result_base': None}
[0.198s] INFO:colcon.colcon_core.executor:Executing jobs using 'parallel' executor
[0.199s] DEBUG:colcon.colcon_parallel_executor.executor.parallel:run_until_complete
[0.199s] INFO:colcon.colcon_ros.task.ament_cmake.build:Building ROS package in '/home/kai137/ee4308/src/ee4308_core' with build type 'ament_cmake'
[0.199s] INFO:colcon.colcon_cmake.task.cmake.build:Building CMake package in '/home/kai137/ee4308/src/ee4308_core'
[0.201s] INFO:colcon.colcon_core.plugin_system:Skipping extension 'colcon_core.shell.bat': Not used on non-Windows systems
[0.201s] INFO:colcon.colcon_core.shell:Skip shell extension 'powershell' for command environment: Not usable outside of PowerShell
[0.201s] DEBUG:colcon.colcon_core.shell:Skip shell extension 'dsv' for command environment
[0.203s] INFO:colcon.colcon_ros.task.ament_cmake.build:Building ROS package in '/home/kai137/ee4308/src/ee4308_bringup' with build type 'ament_cmake'
[0.203s] INFO:colcon.colcon_cmake.task.cmake.build:Building CMake package in '/home/kai137/ee4308/src/ee4308_bringup'
[0.204s] INFO:colcon.colcon_core.shell:Skip shell extension 'powershell' for command environment: Not usable outside of PowerShell
[0.204s] DEBUG:colcon.colcon_core.shell:Skip shell extension 'dsv' for command environment
[0.211s] DEBUG:colcon.colcon_core.event_handler.log_command:Invoking command in '/home/kai137/ee4308/build/ee4308_core': CMAKE_PREFIX_PATH=${CMAKE_PREFIX_PATH}:/opt/ros/humble /usr/bin/cmake --build /home/kai137/ee4308/build/ee4308_core -- -j16 -l16
[0.215s] DEBUG:colcon.colcon_core.event_handler.log_command:Invoking command in '/home/kai137/ee4308/build/ee4308_bringup': CMAKE_PREFIX_PATH=${CMAKE_PREFIX_PATH}:/opt/ros/humble /usr/bin/cmake --build /home/kai137/ee4308/build/ee4308_bringup -- -j16 -l16
[0.243s] DEBUG:colcon.colcon_core.event_handler.log_command:Invoked command in '/home/kai137/ee4308/build/ee4308_bringup' returned '0': CMAKE_PREFIX_PATH=${CMAKE_PREFIX_PATH}:/opt/ros/humble /usr/bin/cmake --build /home/kai137/ee4308/build/ee4308_bringup -- -j16 -l16
[0.251s] DEBUG:colcon.colcon_core.event_handler.log_command:Invoking command in '/home/kai137/ee4308/build/ee4308_bringup': CMAKE_PREFIX_PATH=${CMAKE_PREFIX_PATH}:/opt/ros/humble /usr/bin/cmake --install /home/kai137/ee4308/build/ee4308_bringup
[0.252s] DEBUG:colcon.colcon_core.event_handler.log_command:Invoked command in '/home/kai137/ee4308/build/ee4308_core' returned '0': CMAKE_PREFIX_PATH=${CMAKE_PREFIX_PATH}:/opt/ros/humble /usr/bin/cmake --build /home/kai137/ee4308/build/ee4308_core -- -j16 -l16
[0.254s] DEBUG:colcon.colcon_core.event_handler.log_command:Invoking command in '/home/kai137/ee4308/build/ee4308_core': CMAKE_PREFIX_PATH=${CMAKE_PREFIX_PATH}:/opt/ros/humble /usr/bin/cmake --install /home/kai137/ee4308/build/ee4308_core
[0.267s] Level 1:colcon.colcon_core.environment:create_environment_scripts_only(ee4308_bringup)
[0.267s] DEBUG:colcon.colcon_core.event_handler.log_command:Invoked command in '/home/kai137/ee4308/build/ee4308_bringup' returned '0': CMAKE_PREFIX_PATH=${CMAKE_PREFIX_PATH}:/opt/ros/humble /usr/bin/cmake --install /home/kai137/ee4308/build/ee4308_bringup
[0.268s] Level 1:colcon.colcon_core.environment:checking '/home/kai137/ee4308/install/ee4308_bringup' for CMake module files
[0.269s] Level 1:colcon.colcon_core.environment:checking '/home/kai137/ee4308/install/ee4308_bringup' for CMake config files
[0.270s] Level 1:colcon.colcon_core.shell:create_environment_hook('ee4308_bringup', 'cmake_prefix_path')
[0.270s] INFO:colcon.colcon_core.shell:Creating environment hook '/home/kai137/ee4308/install/ee4308_bringup/share/ee4308_bringup/hook/cmake_prefix_path.ps1'
[0.270s] INFO:colcon.colcon_core.shell:Creating environment descriptor '/home/kai137/ee4308/install/ee4308_bringup/share/ee4308_bringup/hook/cmake_prefix_path.dsv'
[0.271s] INFO:colcon.colcon_core.shell:Creating environment hook '/home/kai137/ee4308/install/ee4308_bringup/share/ee4308_bringup/hook/cmake_prefix_path.sh'
[0.271s] Level 1:colcon.colcon_core.environment:checking '/home/kai137/ee4308/install/ee4308_bringup/bin'
[0.271s] Level 1:colcon.colcon_core.environment:checking '/home/kai137/ee4308/install/ee4308_bringup/lib/pkgconfig/ee4308_bringup.pc'
[0.271s] Level 1:colcon.colcon_core.environment:checking '/home/kai137/ee4308/install/ee4308_bringup/lib/python3.10/site-packages'
[0.271s] Level 1:colcon.colcon_core.environment:checking '/home/kai137/ee4308/install/ee4308_bringup/bin'
[0.272s] INFO:colcon.colcon_core.shell:Creating package script '/home/kai137/ee4308/install/ee4308_bringup/share/ee4308_bringup/package.ps1'
[0.272s] INFO:colcon.colcon_core.shell:Creating package descriptor '/home/kai137/ee4308/install/ee4308_bringup/share/ee4308_bringup/package.dsv'
[0.272s] INFO:colcon.colcon_core.shell:Creating package script '/home/kai137/ee4308/install/ee4308_bringup/share/ee4308_bringup/package.sh'
[0.273s] INFO:colcon.colcon_core.shell:Creating package script '/home/kai137/ee4308/install/ee4308_bringup/share/ee4308_bringup/package.bash'
[0.273s] INFO:colcon.colcon_core.shell:Creating package script '/home/kai137/ee4308/install/ee4308_bringup/share/ee4308_bringup/package.zsh'
[0.274s] Level 1:colcon.colcon_core.environment:create_file_with_runtime_dependencies(/home/kai137/ee4308/install/ee4308_bringup/share/colcon-core/packages/ee4308_bringup)
[0.274s] Level 1:colcon.colcon_core.environment:create_environment_scripts_only(ee4308_bringup)
[0.274s] Level 1:colcon.colcon_core.environment:checking '/home/kai137/ee4308/install/ee4308_bringup' for CMake module files
[0.274s] Level 1:colcon.colcon_core.environment:checking '/home/kai137/ee4308/install/ee4308_bringup' for CMake config files
[0.274s] Level 1:colcon.colcon_core.shell:create_environment_hook('ee4308_bringup', 'cmake_prefix_path')
[0.275s] INFO:colcon.colcon_core.shell:Creating environment hook '/home/kai137/ee4308/install/ee4308_bringup/share/ee4308_bringup/hook/cmake_prefix_path.ps1'
[0.275s] INFO:colcon.colcon_core.shell:Creating environment descriptor '/home/kai137/ee4308/install/ee4308_bringup/share/ee4308_bringup/hook/cmake_prefix_path.dsv'
[0.275s] INFO:colcon.colcon_core.shell:Creating environment hook '/home/kai137/ee4308/install/ee4308_bringup/share/ee4308_bringup/hook/cmake_prefix_path.sh'
[0.275s] Level 1:colcon.colcon_core.environment:checking '/home/kai137/ee4308/install/ee4308_bringup/bin'
[0.275s] Level 1:colcon.colcon_core.environment:checking '/home/kai137/ee4308/install/ee4308_bringup/lib/pkgconfig/ee4308_bringup.pc'
[0.275s] Level 1:colcon.colcon_core.environment:checking '/home/kai137/ee4308/install/ee4308_bringup/lib/python3.10/site-packages'
[0.276s] Level 1:colcon.colcon_core.environment:checking '/home/kai137/ee4308/install/ee4308_bringup/bin'
[0.276s] INFO:colcon.colcon_core.shell:Creating package script '/home/kai137/ee4308/install/ee4308_bringup/share/ee4308_bringup/package.ps1'
[0.276s] INFO:colcon.colcon_core.shell:Creating package descriptor '/home/kai137/ee4308/install/ee4308_bringup/share/ee4308_bringup/package.dsv'
[0.276s] INFO:colcon.colcon_core.shell:Creating package script '/home/kai137/ee4308/install/ee4308_bringup/share/ee4308_bringup/package.sh'
[0.276s] INFO:colcon.colcon_core.shell:Creating package script '/home/kai137/ee4308/install/ee4308_bringup/share/ee4308_bringup/package.bash'
[0.277s] INFO:colcon.colcon_core.shell:Creating package script '/home/kai137/ee4308/install/ee4308_bringup/share/ee4308_bringup/package.zsh'
[0.277s] Level 1:colcon.colcon_core.environment:create_file_with_runtime_dependencies(/home/kai137/ee4308/install/ee4308_bringup/share/colcon-core/packages/ee4308_bringup)
[0.277s] Level 1:colcon.colcon_core.environment:create_environment_scripts_only(ee4308_core)
[0.278s] Level 1:colcon.colcon_core.environment:checking '/home/kai137/ee4308/install/ee4308_core' for CMake module files
[0.278s] DEBUG:colcon.colcon_core.event_handler.log_command:Invoked command in '/home/kai137/ee4308/build/ee4308_core' returned '0': CMAKE_PREFIX_PATH=${CMAKE_PREFIX_PATH}:/opt/ros/humble /usr/bin/cmake --install /home/kai137/ee4308/build/ee4308_core
[0.278s] Level 1:colcon.colcon_core.environment:checking '/home/kai137/ee4308/install/ee4308_core' for CMake config files
[0.278s] Level 1:colcon.colcon_core.shell:create_environment_hook('ee4308_core', 'cmake_prefix_path')
[0.278s] INFO:colcon.colcon_core.shell:Creating environment hook '/home/kai137/ee4308/install/ee4308_core/share/ee4308_core/hook/cmake_prefix_path.ps1'
[0.279s] INFO:colcon.colcon_core.shell:Creating environment descriptor '/home/kai137/ee4308/install/ee4308_core/share/ee4308_core/hook/cmake_prefix_path.dsv'
[0.279s] INFO:colcon.colcon_core.shell:Creating environment hook '/home/kai137/ee4308/install/ee4308_core/share/ee4308_core/hook/cmake_prefix_path.sh'
[0.279s] Level 1:colcon.colcon_core.environment:checking '/home/kai137/ee4308/install/ee4308_core/bin'
[0.279s] Level 1:colcon.colcon_core.environment:checking '/home/kai137/ee4308/install/ee4308_core/lib/pkgconfig/ee4308_core.pc'
[0.280s] Level 1:colcon.colcon_core.environment:checking '/home/kai137/ee4308/install/ee4308_core/lib/python3.10/site-packages'
[0.280s] Level 1:colcon.colcon_core.environment:checking '/home/kai137/ee4308/install/ee4308_core/bin'
[0.280s] INFO:colcon.colcon_core.shell:Creating package script '/home/kai137/ee4308/install/ee4308_core/share/ee4308_core/package.ps1'
[0.280s] INFO:colcon.colcon_core.shell:Creating package descriptor '/home/kai137/ee4308/install/ee4308_core/share/ee4308_core/package.dsv'
[0.280s] INFO:colcon.colcon_core.shell:Creating package script '/home/kai137/ee4308/install/ee4308_core/share/ee4308_core/package.sh'
[0.281s] INFO:colcon.colcon_core.shell:Creating package script '/home/kai137/ee4308/install/ee4308_core/share/ee4308_core/package.bash'
[0.281s] INFO:colcon.colcon_core.shell:Creating package script '/home/kai137/ee4308/install/ee4308_core/share/ee4308_core/package.zsh'
[0.281s] Level 1:colcon.colcon_core.environment:create_file_with_runtime_dependencies(/home/kai137/ee4308/install/ee4308_core/share/colcon-core/packages/ee4308_core)
[0.281s] Level 1:colcon.colcon_core.environment:create_environment_scripts_only(ee4308_core)
[0.281s] Level 1:colcon.colcon_core.environment:checking '/home/kai137/ee4308/install/ee4308_core' for CMake module files
[0.282s] Level 1:colcon.colcon_core.environment:checking '/home/kai137/ee4308/install/ee4308_core' for CMake config files
[0.282s] Level 1:colcon.colcon_core.shell:create_environment_hook('ee4308_core', 'cmake_prefix_path')
[0.282s] INFO:colcon.colcon_core.shell:Creating environment hook '/home/kai137/ee4308/install/ee4308_core/share/ee4308_core/hook/cmake_prefix_path.ps1'
[0.282s] INFO:colcon.colcon_core.shell:Creating environment descriptor '/home/kai137/ee4308/install/ee4308_core/share/ee4308_core/hook/cmake_prefix_path.dsv'
[0.282s] INFO:colcon.colcon_core.shell:Creating environment hook '/home/kai137/ee4308/install/ee4308_core/share/ee4308_core/hook/cmake_prefix_path.sh'
[0.283s] Level 1:colcon.colcon_core.environment:checking '/home/kai137/ee4308/install/ee4308_core/bin'
[0.283s] Level 1:colcon.colcon_core.environment:checking '/home/kai137/ee4308/install/ee4308_core/lib/pkgconfig/ee4308_core.pc'
[0.283s] Level 1:colcon.colcon_core.environment:checking '/home/kai137/ee4308/install/ee4308_core/lib/python3.10/site-packages'
[0.283s] Level 1:colcon.colcon_core.environment:checking '/home/kai137/ee4308/install/ee4308_core/bin'
[0.283s] INFO:colcon.colcon_core.shell:Creating package script '/home/kai137/ee4308/install/ee4308_core/share/ee4308_core/package.ps1'
[0.283s] INFO:colcon.colcon_core.shell:Creating package descriptor '/home/kai137/ee4308/install/ee4308_core/share/ee4308_core/package.dsv'
[0.284s] INFO:colcon.colcon_core.shell:Creating package script '/home/kai137/ee4308/install/ee4308_core/share/ee4308_core/package.sh'
[0.284s] INFO:colcon.colcon_core.shell:Creating package script '/home/kai137/ee4308/install/ee4308_core/share/ee4308_core/package.bash'
[0.284s] INFO:colcon.colcon_core.shell:Creating package script '/home/kai137/ee4308/install/ee4308_core/share/ee4308_core/package.zsh'
[0.284s] Level 1:colcon.colcon_core.environment:create_file_with_runtime_dependencies(/home/kai137/ee4308/install/ee4308_core/share/colcon-core/packages/ee4308_core)
[0.285s] INFO:colcon.colcon_ros.task.ament_cmake.build:Building ROS package in '/home/kai137/ee4308/src/ee4308_turtle' with build type 'ament_cmake'
[0.285s] INFO:colcon.colcon_cmake.task.cmake.build:Building CMake package in '/home/kai137/ee4308/src/ee4308_turtle'
[0.285s] INFO:colcon.colcon_core.shell:Skip shell extension 'powershell' for command environment: Not usable outside of PowerShell
[0.285s] DEBUG:colcon.colcon_core.shell:Skip shell extension 'dsv' for command environment
[0.291s] DEBUG:colcon.colcon_core.event_handler.log_command:Invoking command in '/home/kai137/ee4308/build/ee4308_turtle': CMAKE_PREFIX_PATH=/home/kai137/ee4308/install/ee4308_core:/home/kai137/ee4308/install/ee4308_turtle:/home/kai137/ee4308/install/ee4308_bringup:/opt/ros/humble /usr/bin/cmake --build /home/kai137/ee4308/build/ee4308_turtle -- -j16 -l16
[3.605s] DEBUG:colcon.colcon_core.event_handler.log_command:Invoked command in '/home/kai137/ee4308/build/ee4308_turtle' returned '0': CMAKE_PREFIX_PATH=/home/kai137/ee4308/install/ee4308_core:/home/kai137/ee4308/install/ee4308_turtle:/home/kai137/ee4308/install/ee4308_bringup:/opt/ros/humble /usr/bin/cmake --build /home/kai137/ee4308/build/ee4308_turtle -- -j16 -l16
[3.606s] DEBUG:colcon.colcon_core.event_handler.log_command:Invoking command in '/home/kai137/ee4308/build/ee4308_turtle': CMAKE_PREFIX_PATH=/home/kai137/ee4308/install/ee4308_core:/home/kai137/ee4308/install/ee4308_turtle:/home/kai137/ee4308/install/ee4308_bringup:/opt/ros/humble /usr/bin/cmake --install /home/kai137/ee4308/build/ee4308_turtle
[3.620s] Level 1:colcon.colcon_core.environment:create_environment_scripts_only(ee4308_turtle)
[3.620s] DEBUG:colcon.colcon_core.event_handler.log_command:Invoked command in '/home/kai137/ee4308/build/ee4308_turtle' returned '0': CMAKE_PREFIX_PATH=/home/kai137/ee4308/install/ee4308_core:/home/kai137/ee4308/install/ee4308_turtle:/home/kai137/ee4308/install/ee4308_bringup:/opt/ros/humble /usr/bin/cmake --install /home/kai137/ee4308/build/ee4308_turtle
[3.620s] Level 1:colcon.colcon_core.environment:checking '/home/kai137/ee4308/install/ee4308_turtle' for CMake module files
[3.621s] Level 1:colcon.colcon_core.environment:checking '/home/kai137/ee4308/install/ee4308_turtle' for CMake config files
[3.621s] Level 1:colcon.colcon_core.shell:create_environment_hook('ee4308_turtle', 'cmake_prefix_path')
[3.621s] INFO:colcon.colcon_core.shell:Creating environment hook '/home/kai137/ee4308/install/ee4308_turtle/share/ee4308_turtle/hook/cmake_prefix_path.ps1'
[3.621s] INFO:colcon.colcon_core.shell:Creating environment descriptor '/home/kai137/ee4308/install/ee4308_turtle/share/ee4308_turtle/hook/cmake_prefix_path.dsv'
[3.622s] INFO:colcon.colcon_core.shell:Creating environment hook '/home/kai137/ee4308/install/ee4308_turtle/share/ee4308_turtle/hook/cmake_prefix_path.sh'
[3.622s] Level 1:colcon.colcon_core.environment:checking '/home/kai137/ee4308/install/ee4308_turtle/lib'
[3.622s] Level 1:colcon.colcon_core.shell:create_environment_hook('ee4308_turtle', 'ld_library_path_lib')
[3.622s] INFO:colcon.colcon_core.shell:Creating environment hook '/home/kai137/ee4308/install/ee4308_turtle/share/ee4308_turtle/hook/ld_library_path_lib.ps1'
[3.623s] INFO:colcon.colcon_core.shell:Creating environment descriptor '/home/kai137/ee4308/install/ee4308_turtle/share/ee4308_turtle/hook/ld_library_path_lib.dsv'
[3.623s] INFO:colcon.colcon_core.shell:Creating environment hook '/home/kai137/ee4308/install/ee4308_turtle/share/ee4308_turtle/hook/ld_library_path_lib.sh'
[3.623s] Level 1:colcon.colcon_core.environment:checking '/home/kai137/ee4308/install/ee4308_turtle/bin'
[3.623s] Level 1:colcon.colcon_core.environment:checking '/home/kai137/ee4308/install/ee4308_turtle/lib/pkgconfig/ee4308_turtle.pc'
[3.623s] Level 1:colcon.colcon_core.environment:checking '/home/kai137/ee4308/install/ee4308_turtle/lib/python3.10/site-packages'
[3.623s] Level 1:colcon.colcon_core.environment:checking '/home/kai137/ee4308/install/ee4308_turtle/bin'
[3.624s] INFO:colcon.colcon_core.shell:Creating package script '/home/kai137/ee4308/install/ee4308_turtle/share/ee4308_turtle/package.ps1'
[3.624s] INFO:colcon.colcon_core.shell:Creating package descriptor '/home/kai137/ee4308/install/ee4308_turtle/share/ee4308_turtle/package.dsv'
[3.624s] INFO:colcon.colcon_core.shell:Creating package script '/home/kai137/ee4308/install/ee4308_turtle/share/ee4308_turtle/package.sh'
[3.625s] INFO:colcon.colcon_core.shell:Creating package script '/home/kai137/ee4308/install/ee4308_turtle/share/ee4308_turtle/package.bash'
[3.625s] INFO:colcon.colcon_core.shell:Creating package script '/home/kai137/ee4308/install/ee4308_turtle/share/ee4308_turtle/package.zsh'
[3.625s] Level 1:colcon.colcon_core.environment:create_file_with_runtime_dependencies(/home/kai137/ee4308/install/ee4308_turtle/share/colcon-core/packages/ee4308_turtle)
[3.625s] Level 1:colcon.colcon_core.environment:create_environment_scripts_only(ee4308_turtle)
[3.625s] Level 1:colcon.colcon_core.environment:checking '/home/kai137/ee4308/install/ee4308_turtle' for CMake module files
[3.626s] Level 1:colcon.colcon_core.environment:checking '/home/kai137/ee4308/install/ee4308_turtle' for CMake config files
[3.626s] Level 1:colcon.colcon_core.shell:create_environment_hook('ee4308_turtle', 'cmake_prefix_path')
[3.626s] INFO:colcon.colcon_core.shell:Creating environment hook '/home/kai137/ee4308/install/ee4308_turtle/share/ee4308_turtle/hook/cmake_prefix_path.ps1'
[3.626s] INFO:colcon.colcon_core.shell:Creating environment descriptor '/home/kai137/ee4308/install/ee4308_turtle/share/ee4308_turtle/hook/cmake_prefix_path.dsv'
[3.626s] INFO:colcon.colcon_core.shell:Creating environment hook '/home/kai137/ee4308/install/ee4308_turtle/share/ee4308_turtle/hook/cmake_prefix_path.sh'
[3.627s] Level 1:colcon.colcon_core.environment:checking '/home/kai137/ee4308/install/ee4308_turtle/lib'
[3.627s] Level 1:colcon.colcon_core.shell:create_environment_hook('ee4308_turtle', 'ld_library_path_lib')
[3.627s] INFO:colcon.colcon_core.shell:Creating environment hook '/home/kai137/ee4308/install/ee4308_turtle/share/ee4308_turtle/hook/ld_library_path_lib.ps1'
[3.627s] INFO:colcon.colcon_core.shell:Creating environment descriptor '/home/kai137/ee4308/install/ee4308_turtle/share/ee4308_turtle/hook/ld_library_path_lib.dsv'
[3.627s] INFO:colcon.colcon_core.shell:Creating environment hook '/home/kai137/ee4308/install/ee4308_turtle/share/ee4308_turtle/hook/ld_library_path_lib.sh'
[3.628s] Level 1:colcon.colcon_core.environment:checking '/home/kai137/ee4308/install/ee4308_turtle/bin'
[3.628s] Level 1:colcon.colcon_core.environment:checking '/home/kai137/ee4308/install/ee4308_turtle/lib/pkgconfig/ee4308_turtle.pc'
[3.628s] Level 1:colcon.colcon_core.environment:checking '/home/kai137/ee4308/install/ee4308_turtle/lib/python3.10/site-packages'
[3.628s] Level 1:colcon.colcon_core.environment:checking '/home/kai137/ee4308/install/ee4308_turtle/bin'
[3.628s] INFO:colcon.colcon_core.shell:Creating package script '/home/kai137/ee4308/install/ee4308_turtle/share/ee4308_turtle/package.ps1'
[3.628s] INFO:colcon.colcon_core.shell:Creating package descriptor '/home/kai137/ee4308/install/ee4308_turtle/share/ee4308_turtle/package.dsv'
[3.629s] INFO:colcon.colcon_core.shell:Creating package script '/home/kai137/ee4308/install/ee4308_turtle/share/ee4308_turtle/package.sh'
[3.629s] INFO:colcon.colcon_core.shell:Creating package script '/home/kai137/ee4308/install/ee4308_turtle/share/ee4308_turtle/package.bash'
[3.629s] INFO:colcon.colcon_core.shell:Creating package script '/home/kai137/ee4308/install/ee4308_turtle/share/ee4308_turtle/package.zsh'
[3.629s] Level 1:colcon.colcon_core.environment:create_file_with_runtime_dependencies(/home/kai137/ee4308/install/ee4308_turtle/share/colcon-core/packages/ee4308_turtle)
[3.630s] DEBUG:colcon.colcon_parallel_executor.executor.parallel:closing loop
[3.630s] DEBUG:colcon.colcon_parallel_executor.executor.parallel:loop closed
[3.630s] DEBUG:colcon.colcon_parallel_executor.executor.parallel:run_until_complete finished with '0'
[3.630s] DEBUG:colcon.colcon_core.event_reactor:joining thread
[3.634s] INFO:colcon.colcon_core.plugin_system:Skipping extension 'colcon_notification.desktop_notification.terminal_notifier': Not used on non-Darwin systems
[3.634s] INFO:colcon.colcon_core.plugin_system:Skipping extension 'colcon_notification.desktop_notification.win32': Not used on non-Windows systems
[3.634s] INFO:colcon.colcon_notification.desktop_notification:Sending desktop notification using 'notify2'
[3.640s] DEBUG:colcon.colcon_core.event_reactor:joined thread
[3.640s] INFO:colcon.colcon_core.shell:Creating prefix script '/home/kai137/ee4308/install/local_setup.ps1'
[3.641s] INFO:colcon.colcon_core.shell:Creating prefix util module '/home/kai137/ee4308/install/_local_setup_util_ps1.py'
[3.641s] INFO:colcon.colcon_core.shell:Creating prefix chain script '/home/kai137/ee4308/install/setup.ps1'
[3.642s] INFO:colcon.colcon_core.shell:Creating prefix script '/home/kai137/ee4308/install/local_setup.sh'
[3.643s] INFO:colcon.colcon_core.shell:Creating prefix util module '/home/kai137/ee4308/install/_local_setup_util_sh.py'
[3.643s] INFO:colcon.colcon_core.shell:Creating prefix chain script '/home/kai137/ee4308/install/setup.sh'
[3.644s] INFO:colcon.colcon_core.shell:Creating prefix script '/home/kai137/ee4308/install/local_setup.bash'
[3.644s] INFO:colcon.colcon_core.shell:Creating prefix chain script '/home/kai137/ee4308/install/setup.bash'
[3.645s] INFO:colcon.colcon_core.shell:Creating prefix script '/home/kai137/ee4308/install/local_setup.zsh'
[3.645s] INFO:colcon.colcon_core.shell:Creating prefix chain script '/home/kai137/ee4308/install/setup.zsh'
