-- The C compiler identification is GNU 11.4.0
-- The CXX compiler identification is GNU 11.4.0
-- Detecting C compiler ABI info
-- Detecting C compiler ABI info - done
-- Check for working C compiler: /usr/bin/cc - skipped
-- Detecting C compile features
-- Detecting C compile features - done
-- Detecting CXX compiler ABI info
-- Detecting CXX compiler ABI info - done
-- Check for working CXX compiler: /usr/bin/c++ - skipped
-- Detecting CXX compile features
-- Detecting CXX compile features - done
-- Found ament_cmake: 1.3.11 (/opt/ros/humble/share/ament_cmake/cmake)
-- Found Python3: /usr/bin/python3 (found version "3.10.12") found components: Interpreter 
-- Override CMake install command with custom implementation using symlinks instead of copying resources
-- Configuring done
-- Generating done
-- Build files have been written to: /home/kai137/ee4308/build/ee4308_core
-- Install configuration: ""
-- Execute custom install script
-- Symlinking: /home/kai137/ee4308/install/ee4308_core/include/ee4308_core//core.hpp
-- Symlinking: /home/kai137/ee4308/install/ee4308_core/include/ee4308_core//raytracer.hpp
-- Symlinking: /home/kai137/ee4308/install/ee4308_core/share/ament_index/resource_index/package_run_dependencies/ee4308_core
-- Symlinking: /home/kai137/ee4308/install/ee4308_core/share/ament_index/resource_index/parent_prefix_path/ee4308_core
-- Symlinking: /home/kai137/ee4308/install/ee4308_core/share/ee4308_core/environment/ament_prefix_path.sh
-- Symlinking: /home/kai137/ee4308/install/ee4308_core/share/ee4308_core/environment/ament_prefix_path.dsv
-- Symlinking: /home/kai137/ee4308/install/ee4308_core/share/ee4308_core/environment/path.sh
-- Symlinking: /home/kai137/ee4308/install/ee4308_core/share/ee4308_core/environment/path.dsv
-- Symlinking: /home/kai137/ee4308/install/ee4308_core/share/ee4308_core/local_setup.bash
-- Symlinking: /home/kai137/ee4308/install/ee4308_core/share/ee4308_core/local_setup.sh
-- Symlinking: /home/kai137/ee4308/install/ee4308_core/share/ee4308_core/local_setup.zsh
-- Symlinking: /home/kai137/ee4308/install/ee4308_core/share/ee4308_core/local_setup.dsv
-- Symlinking: /home/kai137/ee4308/install/ee4308_core/share/ee4308_core/package.dsv
-- Symlinking: /home/kai137/ee4308/install/ee4308_core/share/ament_index/resource_index/packages/ee4308_core
-- Symlinking: /home/kai137/ee4308/install/ee4308_core/share/ee4308_core/cmake/ament_cmake_export_include_directories-extras.cmake
-- Symlinking: /home/kai137/ee4308/install/ee4308_core/share/ee4308_core/cmake/ee4308_coreConfig.cmake
-- Symlinking: /home/kai137/ee4308/install/ee4308_core/share/ee4308_core/cmake/ee4308_coreConfig-version.cmake
-- Symlinking: /home/kai137/ee4308/install/ee4308_core/share/ee4308_core/package.xml
