[0.007s] Invoking command in '/home/kai137/ee4308/build/ee4308_core': CMAKE_PREFIX_PATH=/opt/ros/humble /usr/bin/cmake /home/kai137/ee4308/src/ee4308_core -DAMENT_CMAKE_SYMLINK_INSTALL=1 -DCMAKE_INSTALL_PREFIX=/home/kai137/ee4308/install/ee4308_core
[0.077s] -- The C compiler identification is GNU 11.4.0
[0.140s] -- The CXX compiler identification is GNU 11.4.0
[0.145s] -- Detecting C compiler ABI info
[0.200s] -- Detecting C compiler ABI info - done
[0.204s] -- Check for working C compiler: /usr/bin/cc - skipped
[0.205s] -- Detecting C compile features
[0.205s] -- Detecting C compile features - done
[0.207s] -- Detecting CXX compiler ABI info
[0.271s] -- Detecting CXX compiler ABI info - done
[0.278s] -- Check for working CXX compiler: /usr/bin/c++ - skipped
[0.278s] -- Detecting CXX compile features
[0.279s] -- Detecting CXX compile features - done
[0.280s] -- Found ament_cmake: 1.3.11 (/opt/ros/humble/share/ament_cmake/cmake)
[0.394s] -- Found Python3: /usr/bin/python3 (found version "3.10.12") found components: Interpreter 
[0.433s] -- Override CMake install command with custom implementation using symlinks instead of copying resources
[0.486s] -- Configuring done
[0.487s] -- Generating done
[0.487s] -- Build files have been written to: /home/kai137/ee4308/build/ee4308_core
[0.491s] Invoked command in '/home/kai137/ee4308/build/ee4308_core' returned '0': CMAKE_PREFIX_PATH=/opt/ros/humble /usr/bin/cmake /home/kai137/ee4308/src/ee4308_core -DAMENT_CMAKE_SYMLINK_INSTALL=1 -DCMAKE_INSTALL_PREFIX=/home/kai137/ee4308/install/ee4308_core
[0.491s] Invoking command in '/home/kai137/ee4308/build/ee4308_core': CMAKE_PREFIX_PATH=/opt/ros/humble /usr/bin/cmake --build /home/kai137/ee4308/build/ee4308_core -- -j16 -l16
[0.520s] Invoked command in '/home/kai137/ee4308/build/ee4308_core' returned '0': CMAKE_PREFIX_PATH=/opt/ros/humble /usr/bin/cmake --build /home/kai137/ee4308/build/ee4308_core -- -j16 -l16
[0.521s] Invoking command in '/home/kai137/ee4308/build/ee4308_core': CMAKE_PREFIX_PATH=/opt/ros/humble /usr/bin/cmake --install /home/kai137/ee4308/build/ee4308_core
[0.527s] -- Install configuration: ""
[0.528s] -- Execute custom install script
[0.528s] -- Symlinking: /home/kai137/ee4308/install/ee4308_core/include/ee4308_core//core.hpp
[0.536s] -- Symlinking: /home/kai137/ee4308/install/ee4308_core/include/ee4308_core//raytracer.hpp
[0.542s] -- Symlinking: /home/kai137/ee4308/install/ee4308_core/share/ament_index/resource_index/package_run_dependencies/ee4308_core
[0.547s] -- Symlinking: /home/kai137/ee4308/install/ee4308_core/share/ament_index/resource_index/parent_prefix_path/ee4308_core
[0.553s] -- Symlinking: /home/kai137/ee4308/install/ee4308_core/share/ee4308_core/environment/ament_prefix_path.sh
[0.561s] -- Symlinking: /home/kai137/ee4308/install/ee4308_core/share/ee4308_core/environment/ament_prefix_path.dsv
[0.567s] -- Symlinking: /home/kai137/ee4308/install/ee4308_core/share/ee4308_core/environment/path.sh
[0.573s] -- Symlinking: /home/kai137/ee4308/install/ee4308_core/share/ee4308_core/environment/path.dsv
[0.580s] -- Symlinking: /home/kai137/ee4308/install/ee4308_core/share/ee4308_core/local_setup.bash
[0.586s] -- Symlinking: /home/kai137/ee4308/install/ee4308_core/share/ee4308_core/local_setup.sh
[0.592s] -- Symlinking: /home/kai137/ee4308/install/ee4308_core/share/ee4308_core/local_setup.zsh
[0.599s] -- Symlinking: /home/kai137/ee4308/install/ee4308_core/share/ee4308_core/local_setup.dsv
[0.605s] -- Symlinking: /home/kai137/ee4308/install/ee4308_core/share/ee4308_core/package.dsv
[0.611s] -- Symlinking: /home/kai137/ee4308/install/ee4308_core/share/ament_index/resource_index/packages/ee4308_core
[0.616s] -- Symlinking: /home/kai137/ee4308/install/ee4308_core/share/ee4308_core/cmake/ament_cmake_export_include_directories-extras.cmake
[0.623s] -- Symlinking: /home/kai137/ee4308/install/ee4308_core/share/ee4308_core/cmake/ee4308_coreConfig.cmake
[0.631s] -- Symlinking: /home/kai137/ee4308/install/ee4308_core/share/ee4308_core/cmake/ee4308_coreConfig-version.cmake
[0.637s] -- Symlinking: /home/kai137/ee4308/install/ee4308_core/share/ee4308_core/package.xml
[0.645s] Invoked command in '/home/kai137/ee4308/build/ee4308_core' returned '0': CMAKE_PREFIX_PATH=/opt/ros/humble /usr/bin/cmake --install /home/kai137/ee4308/build/ee4308_core
