[0.007s] Invoking command in '/home/kai137/ee4308/build/ee4308_bringup': CMAKE_PREFIX_PATH=/opt/ros/humble /usr/bin/cmake /home/kai137/ee4308/src/ee4308_bringup -DAMENT_CMAKE_SYMLINK_INSTALL=1 -DCMAKE_INSTALL_PREFIX=/home/kai137/ee4308/install/ee4308_bringup
[0.074s] -- The C compiler identification is GNU 11.4.0
[0.138s] -- The CXX compiler identification is GNU 11.4.0
[0.142s] -- Detecting C compiler ABI info
[0.200s] -- Detecting C compiler ABI info - done
[0.207s] -- Check for working C compiler: /usr/bin/cc - skipped
[0.207s] -- Detecting C compile features
[0.208s] -- Detecting C compile features - done
[0.211s] -- Detecting CXX compiler ABI info
[0.271s] -- Detecting CXX compiler ABI info - done
[0.277s] -- Check for working CXX compiler: /usr/bin/c++ - skipped
[0.277s] -- Detecting CXX compile features
[0.278s] -- Detecting CXX compile features - done
[0.279s] -- Found ament_cmake: 1.3.11 (/opt/ros/humble/share/ament_cmake/cmake)
[0.383s] -- Found Python3: /usr/bin/python3 (found version "3.10.12") found components: Interpreter 
[0.422s] -- Override CMake install command with custom implementation using symlinks instead of copying resources
[0.475s] -- Configuring done
[0.476s] -- Generating done
[0.477s] -- Build files have been written to: /home/kai137/ee4308/build/ee4308_bringup
[0.481s] Invoked command in '/home/kai137/ee4308/build/ee4308_bringup' returned '0': CMAKE_PREFIX_PATH=/opt/ros/humble /usr/bin/cmake /home/kai137/ee4308/src/ee4308_bringup -DAMENT_CMAKE_SYMLINK_INSTALL=1 -DCMAKE_INSTALL_PREFIX=/home/kai137/ee4308/install/ee4308_bringup
[0.482s] Invoking command in '/home/kai137/ee4308/build/ee4308_bringup': CMAKE_PREFIX_PATH=/opt/ros/humble /usr/bin/cmake --build /home/kai137/ee4308/build/ee4308_bringup -- -j16 -l16
[0.508s] Invoked command in '/home/kai137/ee4308/build/ee4308_bringup' returned '0': CMAKE_PREFIX_PATH=/opt/ros/humble /usr/bin/cmake --build /home/kai137/ee4308/build/ee4308_bringup -- -j16 -l16
[0.515s] Invoking command in '/home/kai137/ee4308/build/ee4308_bringup': CMAKE_PREFIX_PATH=/opt/ros/humble /usr/bin/cmake --install /home/kai137/ee4308/build/ee4308_bringup
[0.520s] -- Install configuration: ""
[0.521s] -- Execute custom install script
[0.521s] -- Symlinking: /home/kai137/ee4308/install/ee4308_bringup/share/ee4308_bringup//launch/proj1.launch.py
[0.526s] -- Symlinking: /home/kai137/ee4308/install/ee4308_bringup/share/ee4308_bringup//launch/proj1_sim.launch.py
[0.533s] -- Symlinking: /home/kai137/ee4308/install/ee4308_bringup/share/ee4308_bringup//launch/proj1_sim_slam.launch.py
[0.540s] -- Symlinking: /home/kai137/ee4308/install/ee4308_bringup/share/ee4308_bringup//launch/proj1_slam.launch.py
[0.545s] -- Symlinking: /home/kai137/ee4308/install/ee4308_bringup/share/ee4308_bringup//rviz/.gitignore
[0.551s] -- Symlinking: /home/kai137/ee4308/install/ee4308_bringup/share/ee4308_bringup//params/proj1.yaml
[0.557s] -- Symlinking: /home/kai137/ee4308/install/ee4308_bringup/share/ee4308_bringup//maps/.gitignore
[0.563s] -- Symlinking: /home/kai137/ee4308/install/ee4308_bringup/share/ee4308_bringup//urdf/turtle_proj1.urdf.xacro
[0.570s] -- Symlinking: /home/kai137/ee4308/install/ee4308_bringup/share/ee4308_bringup//worlds/empty_world.world
[0.577s] -- Symlinking: /home/kai137/ee4308/install/ee4308_bringup/share/ee4308_bringup//worlds/turtlebot3_house.world
[0.584s] -- Symlinking: /home/kai137/ee4308/install/ee4308_bringup/share/ament_index/resource_index/package_run_dependencies/ee4308_bringup
[0.590s] -- Symlinking: /home/kai137/ee4308/install/ee4308_bringup/share/ament_index/resource_index/parent_prefix_path/ee4308_bringup
[0.597s] -- Symlinking: /home/kai137/ee4308/install/ee4308_bringup/share/ee4308_bringup/environment/ament_prefix_path.sh
[0.603s] -- Symlinking: /home/kai137/ee4308/install/ee4308_bringup/share/ee4308_bringup/environment/ament_prefix_path.dsv
[0.610s] -- Symlinking: /home/kai137/ee4308/install/ee4308_bringup/share/ee4308_bringup/environment/path.sh
[0.617s] -- Symlinking: /home/kai137/ee4308/install/ee4308_bringup/share/ee4308_bringup/environment/path.dsv
[0.622s] -- Symlinking: /home/kai137/ee4308/install/ee4308_bringup/share/ee4308_bringup/local_setup.bash
[0.629s] -- Symlinking: /home/kai137/ee4308/install/ee4308_bringup/share/ee4308_bringup/local_setup.sh
[0.636s] -- Symlinking: /home/kai137/ee4308/install/ee4308_bringup/share/ee4308_bringup/local_setup.zsh
[0.643s] -- Symlinking: /home/kai137/ee4308/install/ee4308_bringup/share/ee4308_bringup/local_setup.dsv
[0.649s] -- Symlinking: /home/kai137/ee4308/install/ee4308_bringup/share/ee4308_bringup/package.dsv
[0.657s] -- Symlinking: /home/kai137/ee4308/install/ee4308_bringup/share/ament_index/resource_index/packages/ee4308_bringup
[0.662s] -- Symlinking: /home/kai137/ee4308/install/ee4308_bringup/share/ee4308_bringup/cmake/ament_cmake_export_dependencies-extras.cmake
[0.671s] -- Symlinking: /home/kai137/ee4308/install/ee4308_bringup/share/ee4308_bringup/cmake/ee4308_bringupConfig.cmake
[0.677s] -- Symlinking: /home/kai137/ee4308/install/ee4308_bringup/share/ee4308_bringup/cmake/ee4308_bringupConfig-version.cmake
[0.683s] -- Symlinking: /home/kai137/ee4308/install/ee4308_bringup/share/ee4308_bringup/package.xml
[0.691s] Invoked command in '/home/kai137/ee4308/build/ee4308_bringup' returned '0': CMAKE_PREFIX_PATH=/opt/ros/humble /usr/bin/cmake --install /home/kai137/ee4308/build/ee4308_bringup
