[0.010s] Invoking command in '/home/kai137/ee4308/build/ee4308_core': CMAKE_PREFIX_PATH=${CMAKE_PREFIX_PATH}:/opt/ros/humble /usr/bin/cmake --build /home/kai137/ee4308/build/ee4308_core -- -j16 -l16
[0.043s] Invoked command in '/home/kai137/ee4308/build/ee4308_core' returned '0': CMAKE_PREFIX_PATH=${CMAKE_PREFIX_PATH}:/opt/ros/humble /usr/bin/cmake --build /home/kai137/ee4308/build/ee4308_core -- -j16 -l16
[0.054s] Invoking command in '/home/kai137/ee4308/build/ee4308_core': CMAKE_PREFIX_PATH=${CMAKE_PREFIX_PATH}:/opt/ros/humble /usr/bin/cmake --install /home/kai137/ee4308/build/ee4308_core
[0.059s] -- Install configuration: ""
[0.059s] -- Execute custom install script
[0.060s] -- Up-to-date symlink: /home/kai137/ee4308/install/ee4308_core/include/ee4308_core//core.hpp
[0.060s] -- Up-to-date symlink: /home/kai137/ee4308/install/ee4308_core/include/ee4308_core//raytracer.hpp
[0.060s] -- Up-to-date symlink: /home/kai137/ee4308/install/ee4308_core/share/ament_index/resource_index/package_run_dependencies/ee4308_core
[0.060s] -- Up-to-date symlink: /home/kai137/ee4308/install/ee4308_core/share/ament_index/resource_index/parent_prefix_path/ee4308_core
[0.060s] -- Up-to-date symlink: /home/kai137/ee4308/install/ee4308_core/share/ee4308_core/environment/ament_prefix_path.sh
[0.060s] -- Up-to-date symlink: /home/kai137/ee4308/install/ee4308_core/share/ee4308_core/environment/ament_prefix_path.dsv
[0.060s] -- Up-to-date symlink: /home/kai137/ee4308/install/ee4308_core/share/ee4308_core/environment/path.sh
[0.061s] -- Up-to-date symlink: /home/kai137/ee4308/install/ee4308_core/share/ee4308_core/environment/path.dsv
[0.061s] -- Up-to-date symlink: /home/kai137/ee4308/install/ee4308_core/share/ee4308_core/local_setup.bash
[0.061s] -- Up-to-date symlink: /home/kai137/ee4308/install/ee4308_core/share/ee4308_core/local_setup.sh
[0.061s] -- Up-to-date symlink: /home/kai137/ee4308/install/ee4308_core/share/ee4308_core/local_setup.zsh
[0.061s] -- Up-to-date symlink: /home/kai137/ee4308/install/ee4308_core/share/ee4308_core/local_setup.dsv
[0.061s] -- Symlinking: /home/kai137/ee4308/install/ee4308_core/share/ee4308_core/package.dsv
[0.068s] -- Up-to-date symlink: /home/kai137/ee4308/install/ee4308_core/share/ament_index/resource_index/packages/ee4308_core
[0.068s] -- Up-to-date symlink: /home/kai137/ee4308/install/ee4308_core/share/ee4308_core/cmake/ament_cmake_export_include_directories-extras.cmake
[0.068s] -- Up-to-date symlink: /home/kai137/ee4308/install/ee4308_core/share/ee4308_core/cmake/ee4308_coreConfig.cmake
[0.068s] -- Up-to-date symlink: /home/kai137/ee4308/install/ee4308_core/share/ee4308_core/cmake/ee4308_coreConfig-version.cmake
[0.069s] -- Up-to-date symlink: /home/kai137/ee4308/install/ee4308_core/share/ee4308_core/package.xml
[0.070s] Invoked command in '/home/kai137/ee4308/build/ee4308_core' returned '0': CMAKE_PREFIX_PATH=${CMAKE_PREFIX_PATH}:/opt/ros/humble /usr/bin/cmake --install /home/kai137/ee4308/build/ee4308_core
