[0.067s] DEBUG:colcon:Command line arguments: ['/usr/bin/colcon', 'build', '--symlink-install']
[0.067s] DEBUG:colcon:Parsed command line arguments: Namespace(log_base=None, log_level=None, verb_name='build', build_base='build', install_base='install', merge_install=False, symlink_install=True, test_result_base=None, continue_on_error=False, executor='parallel', parallel_workers=16, event_handlers=None, ignore_user_meta=False, metas=['./colcon.meta'], base_paths=['.'], packages_ignore=None, packages_ignore_regex=None, paths=None, packages_up_to=None, packages_up_to_regex=None, packages_above=None, packages_above_and_dependencies=None, packages_above_depth=None, packages_select_by_dep=None, packages_skip_by_dep=None, packages_skip_up_to=None, packages_select_build_failed=False, packages_skip_build_finished=False, packages_select_test_failures=False, packages_skip_test_passed=False, packages_select=None, packages_skip=None, packages_select_regex=None, packages_skip_regex=None, packages_start=None, packages_end=None, allow_overriding=[], cmake_args=None, cmake_target=None, cmake_target_skip_unavailable=False, cmake_clean_cache=False, cmake_clean_first=False, cmake_force_configure=False, ament_cmake_args=None, catkin_cmake_args=None, catkin_skip_building_tests=False, mixin_files=None, mixin=None, verb_parser=<colcon_mixin.mixin.mixin_argument.MixinArgumentDecorator object at 0x7c29a45c89d0>, verb_extension=<colcon_core.verb.build.BuildVerb object at 0x7c29a4759840>, main=<bound method BuildVerb.main of <colcon_core.verb.build.BuildVerb object at 0x7c29a4759840>>, mixin_verb=('build',))
[0.154s] Level 1:colcon.colcon_core.package_discovery:discover_packages(colcon_meta) check parameters
[0.154s] Level 1:colcon.colcon_core.package_discovery:discover_packages(recursive) check parameters
[0.154s] Level 1:colcon.colcon_core.package_discovery:discover_packages(ignore) check parameters
[0.154s] Level 1:colcon.colcon_core.package_discovery:discover_packages(path) check parameters
[0.154s] Level 1:colcon.colcon_core.package_discovery:discover_packages(colcon_meta) discover
[0.154s] Level 1:colcon.colcon_core.package_discovery:discover_packages(recursive) discover
[0.154s] INFO:colcon.colcon_core.package_discovery:Crawling recursively for packages in '/home/kai137/ee4308'
[0.154s] Level 1:colcon.colcon_core.package_identification:_identify(.) by extensions ['ignore', 'ignore_ament_install']
[0.154s] Level 1:colcon.colcon_core.package_identification:_identify(.) by extension 'ignore'
[0.154s] Level 1:colcon.colcon_core.package_identification:_identify(.) by extension 'ignore_ament_install'
[0.154s] Level 1:colcon.colcon_core.package_identification:_identify(.) by extensions ['colcon_pkg']
[0.155s] Level 1:colcon.colcon_core.package_identification:_identify(.) by extension 'colcon_pkg'
[0.155s] Level 1:colcon.colcon_core.package_identification:_identify(.) by extensions ['colcon_meta']
[0.155s] Level 1:colcon.colcon_core.package_identification:_identify(.) by extension 'colcon_meta'
[0.155s] Level 1:colcon.colcon_core.package_identification:_identify(.) by extensions ['ros']
[0.155s] Level 1:colcon.colcon_core.package_identification:_identify(.) by extension 'ros'
[0.161s] Level 1:colcon.colcon_core.package_identification:_identify(.) by extensions ['cmake', 'python']
[0.161s] Level 1:colcon.colcon_core.package_identification:_identify(.) by extension 'cmake'
[0.161s] Level 1:colcon.colcon_core.package_identification:_identify(.) by extension 'python'
[0.161s] Level 1:colcon.colcon_core.package_identification:_identify(.) by extensions ['python_setup_py']
[0.161s] Level 1:colcon.colcon_core.package_identification:_identify(.) by extension 'python_setup_py'
[0.161s] Level 1:colcon.colcon_core.package_identification:_identify(build) by extensions ['ignore', 'ignore_ament_install']
[0.161s] Level 1:colcon.colcon_core.package_identification:_identify(build) by extension 'ignore'
[0.161s] Level 1:colcon.colcon_core.package_identification:_identify(build) ignored
[0.161s] Level 1:colcon.colcon_core.package_identification:_identify(docs) by extensions ['ignore', 'ignore_ament_install']
[0.162s] Level 1:colcon.colcon_core.package_identification:_identify(docs) by extension 'ignore'
[0.162s] Level 1:colcon.colcon_core.package_identification:_identify(docs) by extension 'ignore_ament_install'
[0.162s] Level 1:colcon.colcon_core.package_identification:_identify(docs) by extensions ['colcon_pkg']
[0.162s] Level 1:colcon.colcon_core.package_identification:_identify(docs) by extension 'colcon_pkg'
[0.162s] Level 1:colcon.colcon_core.package_identification:_identify(docs) by extensions ['colcon_meta']
[0.162s] Level 1:colcon.colcon_core.package_identification:_identify(docs) by extension 'colcon_meta'
[0.162s] Level 1:colcon.colcon_core.package_identification:_identify(docs) by extensions ['ros']
[0.162s] Level 1:colcon.colcon_core.package_identification:_identify(docs) by extension 'ros'
[0.162s] Level 1:colcon.colcon_core.package_identification:_identify(docs) by extensions ['cmake', 'python']
[0.162s] Level 1:colcon.colcon_core.package_identification:_identify(docs) by extension 'cmake'
[0.162s] Level 1:colcon.colcon_core.package_identification:_identify(docs) by extension 'python'
[0.162s] Level 1:colcon.colcon_core.package_identification:_identify(docs) by extensions ['python_setup_py']
[0.162s] Level 1:colcon.colcon_core.package_identification:_identify(docs) by extension 'python_setup_py'
[0.162s] Level 1:colcon.colcon_core.package_identification:_identify(docs/img) by extensions ['ignore', 'ignore_ament_install']
[0.162s] Level 1:colcon.colcon_core.package_identification:_identify(docs/img) by extension 'ignore'
[0.162s] Level 1:colcon.colcon_core.package_identification:_identify(docs/img) by extension 'ignore_ament_install'
[0.162s] Level 1:colcon.colcon_core.package_identification:_identify(docs/img) by extensions ['colcon_pkg']
[0.162s] Level 1:colcon.colcon_core.package_identification:_identify(docs/img) by extension 'colcon_pkg'
[0.162s] Level 1:colcon.colcon_core.package_identification:_identify(docs/img) by extensions ['colcon_meta']
[0.162s] Level 1:colcon.colcon_core.package_identification:_identify(docs/img) by extension 'colcon_meta'
[0.162s] Level 1:colcon.colcon_core.package_identification:_identify(docs/img) by extensions ['ros']
[0.162s] Level 1:colcon.colcon_core.package_identification:_identify(docs/img) by extension 'ros'
[0.162s] Level 1:colcon.colcon_core.package_identification:_identify(docs/img) by extensions ['cmake', 'python']
[0.162s] Level 1:colcon.colcon_core.package_identification:_identify(docs/img) by extension 'cmake'
[0.162s] Level 1:colcon.colcon_core.package_identification:_identify(docs/img) by extension 'python'
[0.162s] Level 1:colcon.colcon_core.package_identification:_identify(docs/img) by extensions ['python_setup_py']
[0.162s] Level 1:colcon.colcon_core.package_identification:_identify(docs/img) by extension 'python_setup_py'
[0.162s] Level 1:colcon.colcon_core.package_identification:_identify(install) by extensions ['ignore', 'ignore_ament_install']
[0.162s] Level 1:colcon.colcon_core.package_identification:_identify(install) by extension 'ignore'
[0.162s] Level 1:colcon.colcon_core.package_identification:_identify(install) ignored
[0.162s] Level 1:colcon.colcon_core.package_identification:_identify(log) by extensions ['ignore', 'ignore_ament_install']
[0.162s] Level 1:colcon.colcon_core.package_identification:_identify(log) by extension 'ignore'
[0.162s] Level 1:colcon.colcon_core.package_identification:_identify(log) ignored
[0.162s] Level 1:colcon.colcon_core.package_identification:_identify(src) by extensions ['ignore', 'ignore_ament_install']
[0.162s] Level 1:colcon.colcon_core.package_identification:_identify(src) by extension 'ignore'
[0.163s] Level 1:colcon.colcon_core.package_identification:_identify(src) by extension 'ignore_ament_install'
[0.163s] Level 1:colcon.colcon_core.package_identification:_identify(src) by extensions ['colcon_pkg']
[0.163s] Level 1:colcon.colcon_core.package_identification:_identify(src) by extension 'colcon_pkg'
[0.163s] Level 1:colcon.colcon_core.package_identification:_identify(src) by extensions ['colcon_meta']
[0.163s] Level 1:colcon.colcon_core.package_identification:_identify(src) by extension 'colcon_meta'
[0.163s] Level 1:colcon.colcon_core.package_identification:_identify(src) by extensions ['ros']
[0.163s] Level 1:colcon.colcon_core.package_identification:_identify(src) by extension 'ros'
[0.163s] Level 1:colcon.colcon_core.package_identification:_identify(src) by extensions ['cmake', 'python']
[0.163s] Level 1:colcon.colcon_core.package_identification:_identify(src) by extension 'cmake'
[0.163s] Level 1:colcon.colcon_core.package_identification:_identify(src) by extension 'python'
[0.163s] Level 1:colcon.colcon_core.package_identification:_identify(src) by extensions ['python_setup_py']
[0.163s] Level 1:colcon.colcon_core.package_identification:_identify(src) by extension 'python_setup_py'
[0.163s] Level 1:colcon.colcon_core.package_identification:_identify(src/ee4308_bringup) by extensions ['ignore', 'ignore_ament_install']
[0.163s] Level 1:colcon.colcon_core.package_identification:_identify(src/ee4308_bringup) by extension 'ignore'
[0.163s] Level 1:colcon.colcon_core.package_identification:_identify(src/ee4308_bringup) by extension 'ignore_ament_install'
[0.163s] Level 1:colcon.colcon_core.package_identification:_identify(src/ee4308_bringup) by extensions ['colcon_pkg']
[0.163s] Level 1:colcon.colcon_core.package_identification:_identify(src/ee4308_bringup) by extension 'colcon_pkg'
[0.163s] Level 1:colcon.colcon_core.package_identification:_identify(src/ee4308_bringup) by extensions ['colcon_meta']
[0.163s] Level 1:colcon.colcon_core.package_identification:_identify(src/ee4308_bringup) by extension 'colcon_meta'
[0.163s] Level 1:colcon.colcon_core.package_identification:_identify(src/ee4308_bringup) by extensions ['ros']
[0.163s] Level 1:colcon.colcon_core.package_identification:_identify(src/ee4308_bringup) by extension 'ros'
[0.164s] DEBUG:colcon.colcon_core.package_identification:Package 'src/ee4308_bringup' with type 'ros.ament_cmake' and name 'ee4308_bringup'
[0.165s] Level 1:colcon.colcon_core.package_identification:_identify(src/ee4308_core) by extensions ['ignore', 'ignore_ament_install']
[0.165s] Level 1:colcon.colcon_core.package_identification:_identify(src/ee4308_core) by extension 'ignore'
[0.165s] Level 1:colcon.colcon_core.package_identification:_identify(src/ee4308_core) by extension 'ignore_ament_install'
[0.165s] Level 1:colcon.colcon_core.package_identification:_identify(src/ee4308_core) by extensions ['colcon_pkg']
[0.165s] Level 1:colcon.colcon_core.package_identification:_identify(src/ee4308_core) by extension 'colcon_pkg'
[0.165s] Level 1:colcon.colcon_core.package_identification:_identify(src/ee4308_core) by extensions ['colcon_meta']
[0.165s] Level 1:colcon.colcon_core.package_identification:_identify(src/ee4308_core) by extension 'colcon_meta'
[0.165s] Level 1:colcon.colcon_core.package_identification:_identify(src/ee4308_core) by extensions ['ros']
[0.165s] Level 1:colcon.colcon_core.package_identification:_identify(src/ee4308_core) by extension 'ros'
[0.165s] DEBUG:colcon.colcon_core.package_identification:Package 'src/ee4308_core' with type 'ros.ament_cmake' and name 'ee4308_core'
[0.165s] Level 1:colcon.colcon_core.package_identification:_identify(src/ee4308_turtle) by extensions ['ignore', 'ignore_ament_install']
[0.165s] Level 1:colcon.colcon_core.package_identification:_identify(src/ee4308_turtle) by extension 'ignore'
[0.165s] Level 1:colcon.colcon_core.package_identification:_identify(src/ee4308_turtle) by extension 'ignore_ament_install'
[0.165s] Level 1:colcon.colcon_core.package_identification:_identify(src/ee4308_turtle) by extensions ['colcon_pkg']
[0.165s] Level 1:colcon.colcon_core.package_identification:_identify(src/ee4308_turtle) by extension 'colcon_pkg'
[0.165s] Level 1:colcon.colcon_core.package_identification:_identify(src/ee4308_turtle) by extensions ['colcon_meta']
[0.165s] Level 1:colcon.colcon_core.package_identification:_identify(src/ee4308_turtle) by extension 'colcon_meta'
[0.165s] Level 1:colcon.colcon_core.package_identification:_identify(src/ee4308_turtle) by extensions ['ros']
[0.165s] Level 1:colcon.colcon_core.package_identification:_identify(src/ee4308_turtle) by extension 'ros'
[0.166s] DEBUG:colcon.colcon_core.package_identification:Package 'src/ee4308_turtle' with type 'ros.ament_cmake' and name 'ee4308_turtle'
[0.166s] Level 1:colcon.colcon_core.package_discovery:discover_packages(recursive) using defaults
[0.166s] Level 1:colcon.colcon_core.package_discovery:discover_packages(ignore) discover
[0.166s] Level 1:colcon.colcon_core.package_discovery:discover_packages(ignore) using defaults
[0.166s] Level 1:colcon.colcon_core.package_discovery:discover_packages(path) discover
[0.166s] Level 1:colcon.colcon_core.package_discovery:discover_packages(path) using defaults
[0.186s] Level 1:colcon.colcon_core.package_discovery:discover_packages(prefix_path) check parameters
[0.186s] Level 1:colcon.colcon_core.package_discovery:discover_packages(prefix_path) discover
[0.187s] DEBUG:colcon.colcon_installed_package_information.package_discovery:Found 3 installed packages in /home/kai137/ee4308/install
[0.188s] DEBUG:colcon.colcon_installed_package_information.package_discovery:Found 328 installed packages in /opt/ros/humble
[0.189s] Level 1:colcon.colcon_core.package_discovery:discover_packages(prefix_path) using defaults
[0.211s] Level 5:colcon.colcon_core.verb:set package 'ee4308_bringup' build argument 'cmake_args' from command line to 'None'
[0.211s] Level 5:colcon.colcon_core.verb:set package 'ee4308_bringup' build argument 'cmake_target' from command line to 'None'
[0.211s] Level 5:colcon.colcon_core.verb:set package 'ee4308_bringup' build argument 'cmake_target_skip_unavailable' from command line to 'False'
[0.211s] Level 5:colcon.colcon_core.verb:set package 'ee4308_bringup' build argument 'cmake_clean_cache' from command line to 'False'
[0.211s] Level 5:colcon.colcon_core.verb:set package 'ee4308_bringup' build argument 'cmake_clean_first' from command line to 'False'
[0.211s] Level 5:colcon.colcon_core.verb:set package 'ee4308_bringup' build argument 'cmake_force_configure' from command line to 'False'
[0.211s] Level 5:colcon.colcon_core.verb:set package 'ee4308_bringup' build argument 'ament_cmake_args' from command line to 'None'
[0.211s] Level 5:colcon.colcon_core.verb:set package 'ee4308_bringup' build argument 'catkin_cmake_args' from command line to 'None'
[0.211s] Level 5:colcon.colcon_core.verb:set package 'ee4308_bringup' build argument 'catkin_skip_building_tests' from command line to 'False'
[0.211s] DEBUG:colcon.colcon_core.verb:Building package 'ee4308_bringup' with the following arguments: {'ament_cmake_args': None, 'build_base': '/home/kai137/ee4308/build/ee4308_bringup', 'catkin_cmake_args': None, 'catkin_skip_building_tests': False, 'cmake_args': None, 'cmake_clean_cache': False, 'cmake_clean_first': False, 'cmake_force_configure': False, 'cmake_target': None, 'cmake_target_skip_unavailable': False, 'install_base': '/home/kai137/ee4308/install/ee4308_bringup', 'merge_install': False, 'path': '/home/kai137/ee4308/src/ee4308_bringup', 'symlink_install': True, 'test_result_base': None}
[0.211s] Level 5:colcon.colcon_core.verb:set package 'ee4308_core' build argument 'cmake_args' from command line to 'None'
[0.211s] Level 5:colcon.colcon_core.verb:set package 'ee4308_core' build argument 'cmake_target' from command line to 'None'
[0.211s] Level 5:colcon.colcon_core.verb:set package 'ee4308_core' build argument 'cmake_target_skip_unavailable' from command line to 'False'
[0.211s] Level 5:colcon.colcon_core.verb:set package 'ee4308_core' build argument 'cmake_clean_cache' from command line to 'False'
[0.211s] Level 5:colcon.colcon_core.verb:set package 'ee4308_core' build argument 'cmake_clean_first' from command line to 'False'
[0.211s] Level 5:colcon.colcon_core.verb:set package 'ee4308_core' build argument 'cmake_force_configure' from command line to 'False'
[0.211s] Level 5:colcon.colcon_core.verb:set package 'ee4308_core' build argument 'ament_cmake_args' from command line to 'None'
[0.211s] Level 5:colcon.colcon_core.verb:set package 'ee4308_core' build argument 'catkin_cmake_args' from command line to 'None'
[0.211s] Level 5:colcon.colcon_core.verb:set package 'ee4308_core' build argument 'catkin_skip_building_tests' from command line to 'False'
[0.211s] DEBUG:colcon.colcon_core.verb:Building package 'ee4308_core' with the following arguments: {'ament_cmake_args': None, 'build_base': '/home/kai137/ee4308/build/ee4308_core', 'catkin_cmake_args': None, 'catkin_skip_building_tests': False, 'cmake_args': None, 'cmake_clean_cache': False, 'cmake_clean_first': False, 'cmake_force_configure': False, 'cmake_target': None, 'cmake_target_skip_unavailable': False, 'install_base': '/home/kai137/ee4308/install/ee4308_core', 'merge_install': False, 'path': '/home/kai137/ee4308/src/ee4308_core', 'symlink_install': True, 'test_result_base': None}
[0.212s] Level 5:colcon.colcon_core.verb:set package 'ee4308_turtle' build argument 'cmake_args' from command line to 'None'
[0.212s] Level 5:colcon.colcon_core.verb:set package 'ee4308_turtle' build argument 'cmake_target' from command line to 'None'
[0.212s] Level 5:colcon.colcon_core.verb:set package 'ee4308_turtle' build argument 'cmake_target_skip_unavailable' from command line to 'False'
[0.212s] Level 5:colcon.colcon_core.verb:set package 'ee4308_turtle' build argument 'cmake_clean_cache' from command line to 'False'
[0.212s] Level 5:colcon.colcon_core.verb:set package 'ee4308_turtle' build argument 'cmake_clean_first' from command line to 'False'
[0.212s] Level 5:colcon.colcon_core.verb:set package 'ee4308_turtle' build argument 'cmake_force_configure' from command line to 'False'
[0.212s] Level 5:colcon.colcon_core.verb:set package 'ee4308_turtle' build argument 'ament_cmake_args' from command line to 'None'
[0.212s] Level 5:colcon.colcon_core.verb:set package 'ee4308_turtle' build argument 'catkin_cmake_args' from command line to 'None'
[0.212s] Level 5:colcon.colcon_core.verb:set package 'ee4308_turtle' build argument 'catkin_skip_building_tests' from command line to 'False'
[0.212s] DEBUG:colcon.colcon_core.verb:Building package 'ee4308_turtle' with the following arguments: {'ament_cmake_args': None, 'build_base': '/home/kai137/ee4308/build/ee4308_turtle', 'catkin_cmake_args': None, 'catkin_skip_building_tests': False, 'cmake_args': None, 'cmake_clean_cache': False, 'cmake_clean_first': False, 'cmake_force_configure': False, 'cmake_target': None, 'cmake_target_skip_unavailable': False, 'install_base': '/home/kai137/ee4308/install/ee4308_turtle', 'merge_install': False, 'path': '/home/kai137/ee4308/src/ee4308_turtle', 'symlink_install': True, 'test_result_base': None}
[0.212s] INFO:colcon.colcon_core.executor:Executing jobs using 'parallel' executor
[0.213s] DEBUG:colcon.colcon_parallel_executor.executor.parallel:run_until_complete
[0.213s] INFO:colcon.colcon_ros.task.ament_cmake.build:Building ROS package in '/home/kai137/ee4308/src/ee4308_core' with build type 'ament_cmake'
[0.213s] INFO:colcon.colcon_cmake.task.cmake.build:Building CMake package in '/home/kai137/ee4308/src/ee4308_core'
[0.214s] INFO:colcon.colcon_core.plugin_system:Skipping extension 'colcon_core.shell.bat': Not used on non-Windows systems
[0.215s] INFO:colcon.colcon_core.shell:Skip shell extension 'powershell' for command environment: Not usable outside of PowerShell
[0.215s] DEBUG:colcon.colcon_core.shell:Skip shell extension 'dsv' for command environment
[0.217s] INFO:colcon.colcon_ros.task.ament_cmake.build:Building ROS package in '/home/kai137/ee4308/src/ee4308_bringup' with build type 'ament_cmake'
[0.217s] INFO:colcon.colcon_cmake.task.cmake.build:Building CMake package in '/home/kai137/ee4308/src/ee4308_bringup'
[0.217s] INFO:colcon.colcon_core.shell:Skip shell extension 'powershell' for command environment: Not usable outside of PowerShell
[0.217s] DEBUG:colcon.colcon_core.shell:Skip shell extension 'dsv' for command environment
[0.223s] DEBUG:colcon.colcon_core.event_handler.log_command:Invoking command in '/home/kai137/ee4308/build/ee4308_core': CMAKE_PREFIX_PATH=${CMAKE_PREFIX_PATH}:/opt/ros/humble /usr/bin/cmake --build /home/kai137/ee4308/build/ee4308_core -- -j16 -l16
[0.225s] DEBUG:colcon.colcon_core.event_handler.log_command:Invoking command in '/home/kai137/ee4308/build/ee4308_bringup': CMAKE_PREFIX_PATH=${CMAKE_PREFIX_PATH}:/opt/ros/humble /usr/bin/cmake --build /home/kai137/ee4308/build/ee4308_bringup -- -j16 -l16
[0.259s] DEBUG:colcon.colcon_core.event_handler.log_command:Invoked command in '/home/kai137/ee4308/build/ee4308_bringup' returned '0': CMAKE_PREFIX_PATH=${CMAKE_PREFIX_PATH}:/opt/ros/humble /usr/bin/cmake --build /home/kai137/ee4308/build/ee4308_bringup -- -j16 -l16
[0.267s] DEBUG:colcon.colcon_core.event_handler.log_command:Invoking command in '/home/kai137/ee4308/build/ee4308_bringup': CMAKE_PREFIX_PATH=${CMAKE_PREFIX_PATH}:/opt/ros/humble /usr/bin/cmake --install /home/kai137/ee4308/build/ee4308_bringup
[0.267s] DEBUG:colcon.colcon_core.event_handler.log_command:Invoked command in '/home/kai137/ee4308/build/ee4308_core' returned '0': CMAKE_PREFIX_PATH=${CMAKE_PREFIX_PATH}:/opt/ros/humble /usr/bin/cmake --build /home/kai137/ee4308/build/ee4308_core -- -j16 -l16
[0.268s] DEBUG:colcon.colcon_core.event_handler.log_command:Invoking command in '/home/kai137/ee4308/build/ee4308_core': CMAKE_PREFIX_PATH=${CMAKE_PREFIX_PATH}:/opt/ros/humble /usr/bin/cmake --install /home/kai137/ee4308/build/ee4308_core
[0.285s] Level 1:colcon.colcon_core.environment:create_environment_scripts_only(ee4308_bringup)
[0.285s] DEBUG:colcon.colcon_core.event_handler.log_command:Invoked command in '/home/kai137/ee4308/build/ee4308_bringup' returned '0': CMAKE_PREFIX_PATH=${CMAKE_PREFIX_PATH}:/opt/ros/humble /usr/bin/cmake --install /home/kai137/ee4308/build/ee4308_bringup
[0.287s] Level 1:colcon.colcon_core.environment:checking '/home/kai137/ee4308/install/ee4308_bringup' for CMake module files
[0.288s] Level 1:colcon.colcon_core.environment:checking '/home/kai137/ee4308/install/ee4308_bringup' for CMake config files
[0.288s] Level 1:colcon.colcon_core.shell:create_environment_hook('ee4308_bringup', 'cmake_prefix_path')
[0.288s] INFO:colcon.colcon_core.shell:Creating environment hook '/home/kai137/ee4308/install/ee4308_bringup/share/ee4308_bringup/hook/cmake_prefix_path.ps1'
[0.289s] INFO:colcon.colcon_core.shell:Creating environment descriptor '/home/kai137/ee4308/install/ee4308_bringup/share/ee4308_bringup/hook/cmake_prefix_path.dsv'
[0.289s] INFO:colcon.colcon_core.shell:Creating environment hook '/home/kai137/ee4308/install/ee4308_bringup/share/ee4308_bringup/hook/cmake_prefix_path.sh'
[0.290s] Level 1:colcon.colcon_core.environment:checking '/home/kai137/ee4308/install/ee4308_bringup/bin'
[0.290s] Level 1:colcon.colcon_core.environment:checking '/home/kai137/ee4308/install/ee4308_bringup/lib/pkgconfig/ee4308_bringup.pc'
[0.290s] Level 1:colcon.colcon_core.environment:checking '/home/kai137/ee4308/install/ee4308_bringup/lib/python3.10/site-packages'
[0.290s] Level 1:colcon.colcon_core.environment:checking '/home/kai137/ee4308/install/ee4308_bringup/bin'
[0.290s] INFO:colcon.colcon_core.shell:Creating package script '/home/kai137/ee4308/install/ee4308_bringup/share/ee4308_bringup/package.ps1'
[0.291s] INFO:colcon.colcon_core.shell:Creating package descriptor '/home/kai137/ee4308/install/ee4308_bringup/share/ee4308_bringup/package.dsv'
[0.291s] INFO:colcon.colcon_core.shell:Creating package script '/home/kai137/ee4308/install/ee4308_bringup/share/ee4308_bringup/package.sh'
[0.292s] INFO:colcon.colcon_core.shell:Creating package script '/home/kai137/ee4308/install/ee4308_bringup/share/ee4308_bringup/package.bash'
[0.293s] INFO:colcon.colcon_core.shell:Creating package script '/home/kai137/ee4308/install/ee4308_bringup/share/ee4308_bringup/package.zsh'
[0.293s] Level 1:colcon.colcon_core.environment:create_file_with_runtime_dependencies(/home/kai137/ee4308/install/ee4308_bringup/share/colcon-core/packages/ee4308_bringup)
[0.294s] Level 1:colcon.colcon_core.environment:create_environment_scripts_only(ee4308_bringup)
[0.294s] Level 1:colcon.colcon_core.environment:checking '/home/kai137/ee4308/install/ee4308_bringup' for CMake module files
[0.294s] Level 1:colcon.colcon_core.environment:checking '/home/kai137/ee4308/install/ee4308_bringup' for CMake config files
[0.294s] Level 1:colcon.colcon_core.shell:create_environment_hook('ee4308_bringup', 'cmake_prefix_path')
[0.294s] INFO:colcon.colcon_core.shell:Creating environment hook '/home/kai137/ee4308/install/ee4308_bringup/share/ee4308_bringup/hook/cmake_prefix_path.ps1'
[0.295s] INFO:colcon.colcon_core.shell:Creating environment descriptor '/home/kai137/ee4308/install/ee4308_bringup/share/ee4308_bringup/hook/cmake_prefix_path.dsv'
[0.295s] INFO:colcon.colcon_core.shell:Creating environment hook '/home/kai137/ee4308/install/ee4308_bringup/share/ee4308_bringup/hook/cmake_prefix_path.sh'
[0.295s] Level 1:colcon.colcon_core.environment:checking '/home/kai137/ee4308/install/ee4308_bringup/bin'
[0.295s] Level 1:colcon.colcon_core.environment:checking '/home/kai137/ee4308/install/ee4308_bringup/lib/pkgconfig/ee4308_bringup.pc'
[0.295s] Level 1:colcon.colcon_core.environment:checking '/home/kai137/ee4308/install/ee4308_bringup/lib/python3.10/site-packages'
[0.295s] Level 1:colcon.colcon_core.environment:checking '/home/kai137/ee4308/install/ee4308_bringup/bin'
[0.296s] INFO:colcon.colcon_core.shell:Creating package script '/home/kai137/ee4308/install/ee4308_bringup/share/ee4308_bringup/package.ps1'
[0.296s] INFO:colcon.colcon_core.shell:Creating package descriptor '/home/kai137/ee4308/install/ee4308_bringup/share/ee4308_bringup/package.dsv'
[0.296s] INFO:colcon.colcon_core.shell:Creating package script '/home/kai137/ee4308/install/ee4308_bringup/share/ee4308_bringup/package.sh'
[0.296s] INFO:colcon.colcon_core.shell:Creating package script '/home/kai137/ee4308/install/ee4308_bringup/share/ee4308_bringup/package.bash'
[0.297s] INFO:colcon.colcon_core.shell:Creating package script '/home/kai137/ee4308/install/ee4308_bringup/share/ee4308_bringup/package.zsh'
[0.297s] Level 1:colcon.colcon_core.environment:create_file_with_runtime_dependencies(/home/kai137/ee4308/install/ee4308_bringup/share/colcon-core/packages/ee4308_bringup)
[0.297s] Level 1:colcon.colcon_core.environment:create_environment_scripts_only(ee4308_core)
[0.297s] Level 1:colcon.colcon_core.environment:checking '/home/kai137/ee4308/install/ee4308_core' for CMake module files
[0.298s] DEBUG:colcon.colcon_core.event_handler.log_command:Invoked command in '/home/kai137/ee4308/build/ee4308_core' returned '0': CMAKE_PREFIX_PATH=${CMAKE_PREFIX_PATH}:/opt/ros/humble /usr/bin/cmake --install /home/kai137/ee4308/build/ee4308_core
[0.298s] Level 1:colcon.colcon_core.environment:checking '/home/kai137/ee4308/install/ee4308_core' for CMake config files
[0.298s] Level 1:colcon.colcon_core.shell:create_environment_hook('ee4308_core', 'cmake_prefix_path')
[0.298s] INFO:colcon.colcon_core.shell:Creating environment hook '/home/kai137/ee4308/install/ee4308_core/share/ee4308_core/hook/cmake_prefix_path.ps1'
[0.299s] INFO:colcon.colcon_core.shell:Creating environment descriptor '/home/kai137/ee4308/install/ee4308_core/share/ee4308_core/hook/cmake_prefix_path.dsv'
[0.299s] INFO:colcon.colcon_core.shell:Creating environment hook '/home/kai137/ee4308/install/ee4308_core/share/ee4308_core/hook/cmake_prefix_path.sh'
[0.299s] Level 1:colcon.colcon_core.environment:checking '/home/kai137/ee4308/install/ee4308_core/bin'
[0.299s] Level 1:colcon.colcon_core.environment:checking '/home/kai137/ee4308/install/ee4308_core/lib/pkgconfig/ee4308_core.pc'
[0.299s] Level 1:colcon.colcon_core.environment:checking '/home/kai137/ee4308/install/ee4308_core/lib/python3.10/site-packages'
[0.300s] Level 1:colcon.colcon_core.environment:checking '/home/kai137/ee4308/install/ee4308_core/bin'
[0.300s] INFO:colcon.colcon_core.shell:Creating package script '/home/kai137/ee4308/install/ee4308_core/share/ee4308_core/package.ps1'
[0.300s] INFO:colcon.colcon_core.shell:Creating package descriptor '/home/kai137/ee4308/install/ee4308_core/share/ee4308_core/package.dsv'
[0.300s] INFO:colcon.colcon_core.shell:Creating package script '/home/kai137/ee4308/install/ee4308_core/share/ee4308_core/package.sh'
[0.300s] INFO:colcon.colcon_core.shell:Creating package script '/home/kai137/ee4308/install/ee4308_core/share/ee4308_core/package.bash'
[0.301s] INFO:colcon.colcon_core.shell:Creating package script '/home/kai137/ee4308/install/ee4308_core/share/ee4308_core/package.zsh'
[0.301s] Level 1:colcon.colcon_core.environment:create_file_with_runtime_dependencies(/home/kai137/ee4308/install/ee4308_core/share/colcon-core/packages/ee4308_core)
[0.301s] Level 1:colcon.colcon_core.environment:create_environment_scripts_only(ee4308_core)
[0.301s] Level 1:colcon.colcon_core.environment:checking '/home/kai137/ee4308/install/ee4308_core' for CMake module files
[0.302s] Level 1:colcon.colcon_core.environment:checking '/home/kai137/ee4308/install/ee4308_core' for CMake config files
[0.302s] Level 1:colcon.colcon_core.shell:create_environment_hook('ee4308_core', 'cmake_prefix_path')
[0.302s] INFO:colcon.colcon_core.shell:Creating environment hook '/home/kai137/ee4308/install/ee4308_core/share/ee4308_core/hook/cmake_prefix_path.ps1'
[0.302s] INFO:colcon.colcon_core.shell:Creating environment descriptor '/home/kai137/ee4308/install/ee4308_core/share/ee4308_core/hook/cmake_prefix_path.dsv'
[0.302s] INFO:colcon.colcon_core.shell:Creating environment hook '/home/kai137/ee4308/install/ee4308_core/share/ee4308_core/hook/cmake_prefix_path.sh'
[0.303s] Level 1:colcon.colcon_core.environment:checking '/home/kai137/ee4308/install/ee4308_core/bin'
[0.303s] Level 1:colcon.colcon_core.environment:checking '/home/kai137/ee4308/install/ee4308_core/lib/pkgconfig/ee4308_core.pc'
[0.303s] Level 1:colcon.colcon_core.environment:checking '/home/kai137/ee4308/install/ee4308_core/lib/python3.10/site-packages'
[0.303s] Level 1:colcon.colcon_core.environment:checking '/home/kai137/ee4308/install/ee4308_core/bin'
[0.303s] INFO:colcon.colcon_core.shell:Creating package script '/home/kai137/ee4308/install/ee4308_core/share/ee4308_core/package.ps1'
[0.303s] INFO:colcon.colcon_core.shell:Creating package descriptor '/home/kai137/ee4308/install/ee4308_core/share/ee4308_core/package.dsv'
[0.304s] INFO:colcon.colcon_core.shell:Creating package script '/home/kai137/ee4308/install/ee4308_core/share/ee4308_core/package.sh'
[0.304s] INFO:colcon.colcon_core.shell:Creating package script '/home/kai137/ee4308/install/ee4308_core/share/ee4308_core/package.bash'
[0.304s] INFO:colcon.colcon_core.shell:Creating package script '/home/kai137/ee4308/install/ee4308_core/share/ee4308_core/package.zsh'
[0.304s] Level 1:colcon.colcon_core.environment:create_file_with_runtime_dependencies(/home/kai137/ee4308/install/ee4308_core/share/colcon-core/packages/ee4308_core)
[0.305s] INFO:colcon.colcon_ros.task.ament_cmake.build:Building ROS package in '/home/kai137/ee4308/src/ee4308_turtle' with build type 'ament_cmake'
[0.305s] INFO:colcon.colcon_cmake.task.cmake.build:Building CMake package in '/home/kai137/ee4308/src/ee4308_turtle'
[0.305s] INFO:colcon.colcon_core.shell:Skip shell extension 'powershell' for command environment: Not usable outside of PowerShell
[0.305s] DEBUG:colcon.colcon_core.shell:Skip shell extension 'dsv' for command environment
[0.312s] DEBUG:colcon.colcon_core.event_handler.log_command:Invoking command in '/home/kai137/ee4308/build/ee4308_turtle': CMAKE_PREFIX_PATH=/home/kai137/ee4308/install/ee4308_core:/home/kai137/ee4308/install/ee4308_turtle:/home/kai137/ee4308/install/ee4308_bringup:/opt/ros/humble /usr/bin/cmake --build /home/kai137/ee4308/build/ee4308_turtle -- -j16 -l16
[0.384s] DEBUG:colcon.colcon_core.event_handler.log_command:Invoked command in '/home/kai137/ee4308/build/ee4308_turtle' returned '0': CMAKE_PREFIX_PATH=/home/kai137/ee4308/install/ee4308_core:/home/kai137/ee4308/install/ee4308_turtle:/home/kai137/ee4308/install/ee4308_bringup:/opt/ros/humble /usr/bin/cmake --build /home/kai137/ee4308/build/ee4308_turtle -- -j16 -l16
[0.386s] DEBUG:colcon.colcon_core.event_handler.log_command:Invoking command in '/home/kai137/ee4308/build/ee4308_turtle': CMAKE_PREFIX_PATH=/home/kai137/ee4308/install/ee4308_core:/home/kai137/ee4308/install/ee4308_turtle:/home/kai137/ee4308/install/ee4308_bringup:/opt/ros/humble /usr/bin/cmake --install /home/kai137/ee4308/build/ee4308_turtle
[0.404s] Level 1:colcon.colcon_core.environment:create_environment_scripts_only(ee4308_turtle)
[0.404s] Level 1:colcon.colcon_core.environment:checking '/home/kai137/ee4308/install/ee4308_turtle' for CMake module files
[0.404s] DEBUG:colcon.colcon_core.event_handler.log_command:Invoked command in '/home/kai137/ee4308/build/ee4308_turtle' returned '0': CMAKE_PREFIX_PATH=/home/kai137/ee4308/install/ee4308_core:/home/kai137/ee4308/install/ee4308_turtle:/home/kai137/ee4308/install/ee4308_bringup:/opt/ros/humble /usr/bin/cmake --install /home/kai137/ee4308/build/ee4308_turtle
[0.405s] Level 1:colcon.colcon_core.environment:checking '/home/kai137/ee4308/install/ee4308_turtle' for CMake config files
[0.405s] Level 1:colcon.colcon_core.shell:create_environment_hook('ee4308_turtle', 'cmake_prefix_path')
[0.405s] INFO:colcon.colcon_core.shell:Creating environment hook '/home/kai137/ee4308/install/ee4308_turtle/share/ee4308_turtle/hook/cmake_prefix_path.ps1'
[0.405s] INFO:colcon.colcon_core.shell:Creating environment descriptor '/home/kai137/ee4308/install/ee4308_turtle/share/ee4308_turtle/hook/cmake_prefix_path.dsv'
[0.406s] INFO:colcon.colcon_core.shell:Creating environment hook '/home/kai137/ee4308/install/ee4308_turtle/share/ee4308_turtle/hook/cmake_prefix_path.sh'
[0.406s] Level 1:colcon.colcon_core.environment:checking '/home/kai137/ee4308/install/ee4308_turtle/lib'
[0.406s] Level 1:colcon.colcon_core.shell:create_environment_hook('ee4308_turtle', 'ld_library_path_lib')
[0.406s] INFO:colcon.colcon_core.shell:Creating environment hook '/home/kai137/ee4308/install/ee4308_turtle/share/ee4308_turtle/hook/ld_library_path_lib.ps1'
[0.406s] INFO:colcon.colcon_core.shell:Creating environment descriptor '/home/kai137/ee4308/install/ee4308_turtle/share/ee4308_turtle/hook/ld_library_path_lib.dsv'
[0.407s] INFO:colcon.colcon_core.shell:Creating environment hook '/home/kai137/ee4308/install/ee4308_turtle/share/ee4308_turtle/hook/ld_library_path_lib.sh'
[0.407s] Level 1:colcon.colcon_core.environment:checking '/home/kai137/ee4308/install/ee4308_turtle/bin'
[0.407s] Level 1:colcon.colcon_core.environment:checking '/home/kai137/ee4308/install/ee4308_turtle/lib/pkgconfig/ee4308_turtle.pc'
[0.407s] Level 1:colcon.colcon_core.environment:checking '/home/kai137/ee4308/install/ee4308_turtle/lib/python3.10/site-packages'
[0.407s] Level 1:colcon.colcon_core.environment:checking '/home/kai137/ee4308/install/ee4308_turtle/bin'
[0.407s] INFO:colcon.colcon_core.shell:Creating package script '/home/kai137/ee4308/install/ee4308_turtle/share/ee4308_turtle/package.ps1'
[0.408s] INFO:colcon.colcon_core.shell:Creating package descriptor '/home/kai137/ee4308/install/ee4308_turtle/share/ee4308_turtle/package.dsv'
[0.408s] INFO:colcon.colcon_core.shell:Creating package script '/home/kai137/ee4308/install/ee4308_turtle/share/ee4308_turtle/package.sh'
[0.408s] INFO:colcon.colcon_core.shell:Creating package script '/home/kai137/ee4308/install/ee4308_turtle/share/ee4308_turtle/package.bash'
[0.408s] INFO:colcon.colcon_core.shell:Creating package script '/home/kai137/ee4308/install/ee4308_turtle/share/ee4308_turtle/package.zsh'
[0.409s] Level 1:colcon.colcon_core.environment:create_file_with_runtime_dependencies(/home/kai137/ee4308/install/ee4308_turtle/share/colcon-core/packages/ee4308_turtle)
[0.409s] Level 1:colcon.colcon_core.environment:create_environment_scripts_only(ee4308_turtle)
[0.409s] Level 1:colcon.colcon_core.environment:checking '/home/kai137/ee4308/install/ee4308_turtle' for CMake module files
[0.409s] Level 1:colcon.colcon_core.environment:checking '/home/kai137/ee4308/install/ee4308_turtle' for CMake config files
[0.409s] Level 1:colcon.colcon_core.shell:create_environment_hook('ee4308_turtle', 'cmake_prefix_path')
[0.410s] INFO:colcon.colcon_core.shell:Creating environment hook '/home/kai137/ee4308/install/ee4308_turtle/share/ee4308_turtle/hook/cmake_prefix_path.ps1'
[0.410s] INFO:colcon.colcon_core.shell:Creating environment descriptor '/home/kai137/ee4308/install/ee4308_turtle/share/ee4308_turtle/hook/cmake_prefix_path.dsv'
[0.410s] INFO:colcon.colcon_core.shell:Creating environment hook '/home/kai137/ee4308/install/ee4308_turtle/share/ee4308_turtle/hook/cmake_prefix_path.sh'
[0.410s] Level 1:colcon.colcon_core.environment:checking '/home/kai137/ee4308/install/ee4308_turtle/lib'
[0.410s] Level 1:colcon.colcon_core.shell:create_environment_hook('ee4308_turtle', 'ld_library_path_lib')
[0.411s] INFO:colcon.colcon_core.shell:Creating environment hook '/home/kai137/ee4308/install/ee4308_turtle/share/ee4308_turtle/hook/ld_library_path_lib.ps1'
[0.411s] INFO:colcon.colcon_core.shell:Creating environment descriptor '/home/kai137/ee4308/install/ee4308_turtle/share/ee4308_turtle/hook/ld_library_path_lib.dsv'
[0.411s] INFO:colcon.colcon_core.shell:Creating environment hook '/home/kai137/ee4308/install/ee4308_turtle/share/ee4308_turtle/hook/ld_library_path_lib.sh'
[0.411s] Level 1:colcon.colcon_core.environment:checking '/home/kai137/ee4308/install/ee4308_turtle/bin'
[0.411s] Level 1:colcon.colcon_core.environment:checking '/home/kai137/ee4308/install/ee4308_turtle/lib/pkgconfig/ee4308_turtle.pc'
[0.411s] Level 1:colcon.colcon_core.environment:checking '/home/kai137/ee4308/install/ee4308_turtle/lib/python3.10/site-packages'
[0.412s] Level 1:colcon.colcon_core.environment:checking '/home/kai137/ee4308/install/ee4308_turtle/bin'
[0.412s] INFO:colcon.colcon_core.shell:Creating package script '/home/kai137/ee4308/install/ee4308_turtle/share/ee4308_turtle/package.ps1'
[0.412s] INFO:colcon.colcon_core.shell:Creating package descriptor '/home/kai137/ee4308/install/ee4308_turtle/share/ee4308_turtle/package.dsv'
[0.412s] INFO:colcon.colcon_core.shell:Creating package script '/home/kai137/ee4308/install/ee4308_turtle/share/ee4308_turtle/package.sh'
[0.413s] INFO:colcon.colcon_core.shell:Creating package script '/home/kai137/ee4308/install/ee4308_turtle/share/ee4308_turtle/package.bash'
[0.413s] INFO:colcon.colcon_core.shell:Creating package script '/home/kai137/ee4308/install/ee4308_turtle/share/ee4308_turtle/package.zsh'
[0.413s] Level 1:colcon.colcon_core.environment:create_file_with_runtime_dependencies(/home/kai137/ee4308/install/ee4308_turtle/share/colcon-core/packages/ee4308_turtle)
[0.413s] DEBUG:colcon.colcon_parallel_executor.executor.parallel:closing loop
[0.414s] DEBUG:colcon.colcon_parallel_executor.executor.parallel:loop closed
[0.414s] DEBUG:colcon.colcon_parallel_executor.executor.parallel:run_until_complete finished with '0'
[0.414s] DEBUG:colcon.colcon_core.event_reactor:joining thread
[0.417s] INFO:colcon.colcon_core.plugin_system:Skipping extension 'colcon_notification.desktop_notification.terminal_notifier': Not used on non-Darwin systems
[0.417s] INFO:colcon.colcon_core.plugin_system:Skipping extension 'colcon_notification.desktop_notification.win32': Not used on non-Windows systems
[0.417s] INFO:colcon.colcon_notification.desktop_notification:Sending desktop notification using 'notify2'
[0.426s] DEBUG:colcon.colcon_core.event_reactor:joined thread
[0.426s] INFO:colcon.colcon_core.shell:Creating prefix script '/home/kai137/ee4308/install/local_setup.ps1'
[0.427s] INFO:colcon.colcon_core.shell:Creating prefix util module '/home/kai137/ee4308/install/_local_setup_util_ps1.py'
[0.428s] INFO:colcon.colcon_core.shell:Creating prefix chain script '/home/kai137/ee4308/install/setup.ps1'
[0.429s] INFO:colcon.colcon_core.shell:Creating prefix script '/home/kai137/ee4308/install/local_setup.sh'
[0.429s] INFO:colcon.colcon_core.shell:Creating prefix util module '/home/kai137/ee4308/install/_local_setup_util_sh.py'
[0.429s] INFO:colcon.colcon_core.shell:Creating prefix chain script '/home/kai137/ee4308/install/setup.sh'
[0.430s] INFO:colcon.colcon_core.shell:Creating prefix script '/home/kai137/ee4308/install/local_setup.bash'
[0.430s] INFO:colcon.colcon_core.shell:Creating prefix chain script '/home/kai137/ee4308/install/setup.bash'
[0.431s] INFO:colcon.colcon_core.shell:Creating prefix script '/home/kai137/ee4308/install/local_setup.zsh'
[0.432s] INFO:colcon.colcon_core.shell:Creating prefix chain script '/home/kai137/ee4308/install/setup.zsh'
