-- Install configuration: ""
-- Execute custom install script
-- Up-to-date symlink: /home/kai137/ee4308/install/ee4308_core/include/ee4308_core//core.hpp
-- Up-to-date symlink: /home/kai137/ee4308/install/ee4308_core/include/ee4308_core//raytracer.hpp
-- Up-to-date symlink: /home/kai137/ee4308/install/ee4308_core/share/ament_index/resource_index/package_run_dependencies/ee4308_core
-- Up-to-date symlink: /home/kai137/ee4308/install/ee4308_core/share/ament_index/resource_index/parent_prefix_path/ee4308_core
-- Up-to-date symlink: /home/kai137/ee4308/install/ee4308_core/share/ee4308_core/environment/ament_prefix_path.sh
-- Up-to-date symlink: /home/kai137/ee4308/install/ee4308_core/share/ee4308_core/environment/ament_prefix_path.dsv
-- Up-to-date symlink: /home/kai137/ee4308/install/ee4308_core/share/ee4308_core/environment/path.sh
-- Up-to-date symlink: /home/kai137/ee4308/install/ee4308_core/share/ee4308_core/environment/path.dsv
-- Up-to-date symlink: /home/kai137/ee4308/install/ee4308_core/share/ee4308_core/local_setup.bash
-- Up-to-date symlink: /home/kai137/ee4308/install/ee4308_core/share/ee4308_core/local_setup.sh
-- Up-to-date symlink: /home/kai137/ee4308/install/ee4308_core/share/ee4308_core/local_setup.zsh
-- Up-to-date symlink: /home/kai137/ee4308/install/ee4308_core/share/ee4308_core/local_setup.dsv
-- Symlinking: /home/kai137/ee4308/install/ee4308_core/share/ee4308_core/package.dsv
-- Up-to-date symlink: /home/kai137/ee4308/install/ee4308_core/share/ament_index/resource_index/packages/ee4308_core
-- Up-to-date symlink: /home/kai137/ee4308/install/ee4308_core/share/ee4308_core/cmake/ament_cmake_export_include_directories-extras.cmake
-- Up-to-date symlink: /home/kai137/ee4308/install/ee4308_core/share/ee4308_core/cmake/ee4308_coreConfig.cmake
-- Up-to-date symlink: /home/kai137/ee4308/install/ee4308_core/share/ee4308_core/cmake/ee4308_coreConfig-version.cmake
-- Up-to-date symlink: /home/kai137/ee4308/install/ee4308_core/share/ee4308_core/package.xml
