[0.071s] DEBUG:colcon:Command line arguments: ['/usr/bin/colcon', 'build', '--symlink-install']
[0.071s] DEBUG:colcon:Parsed command line arguments: Namespace(log_base=None, log_level=None, verb_name='build', build_base='build', install_base='install', merge_install=False, symlink_install=True, test_result_base=None, continue_on_error=False, executor='parallel', parallel_workers=16, event_handlers=None, ignore_user_meta=False, metas=['./colcon.meta'], base_paths=['.'], packages_ignore=None, packages_ignore_regex=None, paths=None, packages_up_to=None, packages_up_to_regex=None, packages_above=None, packages_above_and_dependencies=None, packages_above_depth=None, packages_select_by_dep=None, packages_skip_by_dep=None, packages_skip_up_to=None, packages_select_build_failed=False, packages_skip_build_finished=False, packages_select_test_failures=False, packages_skip_test_passed=False, packages_select=None, packages_skip=None, packages_select_regex=None, packages_skip_regex=None, packages_start=None, packages_end=None, allow_overriding=[], cmake_args=None, cmake_target=None, cmake_target_skip_unavailable=False, cmake_clean_cache=False, cmake_clean_first=False, cmake_force_configure=False, ament_cmake_args=None, catkin_cmake_args=None, catkin_skip_building_tests=False, mixin_files=None, mixin=None, verb_parser=<colcon_mixin.mixin.mixin_argument.MixinArgumentDecorator object at 0x7ddf02458a00>, verb_extension=<colcon_core.verb.build.BuildVerb object at 0x7ddf02561870>, main=<bound method BuildVerb.main of <colcon_core.verb.build.BuildVerb object at 0x7ddf02561870>>, mixin_verb=('build',))
[0.173s] Level 1:colcon.colcon_core.package_discovery:discover_packages(colcon_meta) check parameters
[0.173s] Level 1:colcon.colcon_core.package_discovery:discover_packages(recursive) check parameters
[0.173s] Level 1:colcon.colcon_core.package_discovery:discover_packages(ignore) check parameters
[0.173s] Level 1:colcon.colcon_core.package_discovery:discover_packages(path) check parameters
[0.173s] Level 1:colcon.colcon_core.package_discovery:discover_packages(colcon_meta) discover
[0.173s] Level 1:colcon.colcon_core.package_discovery:discover_packages(recursive) discover
[0.174s] INFO:colcon.colcon_core.package_discovery:Crawling recursively for packages in '/home/kai137/ee4308'
[0.174s] Level 1:colcon.colcon_core.package_identification:_identify(.) by extensions ['ignore', 'ignore_ament_install']
[0.174s] Level 1:colcon.colcon_core.package_identification:_identify(.) by extension 'ignore'
[0.174s] Level 1:colcon.colcon_core.package_identification:_identify(.) by extension 'ignore_ament_install'
[0.174s] Level 1:colcon.colcon_core.package_identification:_identify(.) by extensions ['colcon_pkg']
[0.174s] Level 1:colcon.colcon_core.package_identification:_identify(.) by extension 'colcon_pkg'
[0.174s] Level 1:colcon.colcon_core.package_identification:_identify(.) by extensions ['colcon_meta']
[0.174s] Level 1:colcon.colcon_core.package_identification:_identify(.) by extension 'colcon_meta'
[0.174s] Level 1:colcon.colcon_core.package_identification:_identify(.) by extensions ['ros']
[0.174s] Level 1:colcon.colcon_core.package_identification:_identify(.) by extension 'ros'
[0.181s] Level 1:colcon.colcon_core.package_identification:_identify(.) by extensions ['cmake', 'python']
[0.181s] Level 1:colcon.colcon_core.package_identification:_identify(.) by extension 'cmake'
[0.181s] Level 1:colcon.colcon_core.package_identification:_identify(.) by extension 'python'
[0.182s] Level 1:colcon.colcon_core.package_identification:_identify(.) by extensions ['python_setup_py']
[0.182s] Level 1:colcon.colcon_core.package_identification:_identify(.) by extension 'python_setup_py'
[0.182s] Level 1:colcon.colcon_core.package_identification:_identify(build) by extensions ['ignore', 'ignore_ament_install']
[0.182s] Level 1:colcon.colcon_core.package_identification:_identify(build) by extension 'ignore'
[0.182s] Level 1:colcon.colcon_core.package_identification:_identify(build) ignored
[0.182s] Level 1:colcon.colcon_core.package_identification:_identify(docs) by extensions ['ignore', 'ignore_ament_install']
[0.182s] Level 1:colcon.colcon_core.package_identification:_identify(docs) by extension 'ignore'
[0.182s] Level 1:colcon.colcon_core.package_identification:_identify(docs) by extension 'ignore_ament_install'
[0.182s] Level 1:colcon.colcon_core.package_identification:_identify(docs) by extensions ['colcon_pkg']
[0.182s] Level 1:colcon.colcon_core.package_identification:_identify(docs) by extension 'colcon_pkg'
[0.182s] Level 1:colcon.colcon_core.package_identification:_identify(docs) by extensions ['colcon_meta']
[0.182s] Level 1:colcon.colcon_core.package_identification:_identify(docs) by extension 'colcon_meta'
[0.182s] Level 1:colcon.colcon_core.package_identification:_identify(docs) by extensions ['ros']
[0.182s] Level 1:colcon.colcon_core.package_identification:_identify(docs) by extension 'ros'
[0.182s] Level 1:colcon.colcon_core.package_identification:_identify(docs) by extensions ['cmake', 'python']
[0.182s] Level 1:colcon.colcon_core.package_identification:_identify(docs) by extension 'cmake'
[0.182s] Level 1:colcon.colcon_core.package_identification:_identify(docs) by extension 'python'
[0.182s] Level 1:colcon.colcon_core.package_identification:_identify(docs) by extensions ['python_setup_py']
[0.182s] Level 1:colcon.colcon_core.package_identification:_identify(docs) by extension 'python_setup_py'
[0.182s] Level 1:colcon.colcon_core.package_identification:_identify(docs/img) by extensions ['ignore', 'ignore_ament_install']
[0.182s] Level 1:colcon.colcon_core.package_identification:_identify(docs/img) by extension 'ignore'
[0.182s] Level 1:colcon.colcon_core.package_identification:_identify(docs/img) by extension 'ignore_ament_install'
[0.182s] Level 1:colcon.colcon_core.package_identification:_identify(docs/img) by extensions ['colcon_pkg']
[0.182s] Level 1:colcon.colcon_core.package_identification:_identify(docs/img) by extension 'colcon_pkg'
[0.182s] Level 1:colcon.colcon_core.package_identification:_identify(docs/img) by extensions ['colcon_meta']
[0.182s] Level 1:colcon.colcon_core.package_identification:_identify(docs/img) by extension 'colcon_meta'
[0.182s] Level 1:colcon.colcon_core.package_identification:_identify(docs/img) by extensions ['ros']
[0.182s] Level 1:colcon.colcon_core.package_identification:_identify(docs/img) by extension 'ros'
[0.182s] Level 1:colcon.colcon_core.package_identification:_identify(docs/img) by extensions ['cmake', 'python']
[0.182s] Level 1:colcon.colcon_core.package_identification:_identify(docs/img) by extension 'cmake'
[0.182s] Level 1:colcon.colcon_core.package_identification:_identify(docs/img) by extension 'python'
[0.182s] Level 1:colcon.colcon_core.package_identification:_identify(docs/img) by extensions ['python_setup_py']
[0.183s] Level 1:colcon.colcon_core.package_identification:_identify(docs/img) by extension 'python_setup_py'
[0.183s] Level 1:colcon.colcon_core.package_identification:_identify(install) by extensions ['ignore', 'ignore_ament_install']
[0.183s] Level 1:colcon.colcon_core.package_identification:_identify(install) by extension 'ignore'
[0.183s] Level 1:colcon.colcon_core.package_identification:_identify(install) ignored
[0.183s] Level 1:colcon.colcon_core.package_identification:_identify(log) by extensions ['ignore', 'ignore_ament_install']
[0.183s] Level 1:colcon.colcon_core.package_identification:_identify(log) by extension 'ignore'
[0.183s] Level 1:colcon.colcon_core.package_identification:_identify(log) ignored
[0.183s] Level 1:colcon.colcon_core.package_identification:_identify(src) by extensions ['ignore', 'ignore_ament_install']
[0.183s] Level 1:colcon.colcon_core.package_identification:_identify(src) by extension 'ignore'
[0.183s] Level 1:colcon.colcon_core.package_identification:_identify(src) by extension 'ignore_ament_install'
[0.183s] Level 1:colcon.colcon_core.package_identification:_identify(src) by extensions ['colcon_pkg']
[0.183s] Level 1:colcon.colcon_core.package_identification:_identify(src) by extension 'colcon_pkg'
[0.183s] Level 1:colcon.colcon_core.package_identification:_identify(src) by extensions ['colcon_meta']
[0.183s] Level 1:colcon.colcon_core.package_identification:_identify(src) by extension 'colcon_meta'
[0.183s] Level 1:colcon.colcon_core.package_identification:_identify(src) by extensions ['ros']
[0.183s] Level 1:colcon.colcon_core.package_identification:_identify(src) by extension 'ros'
[0.183s] Level 1:colcon.colcon_core.package_identification:_identify(src) by extensions ['cmake', 'python']
[0.183s] Level 1:colcon.colcon_core.package_identification:_identify(src) by extension 'cmake'
[0.183s] Level 1:colcon.colcon_core.package_identification:_identify(src) by extension 'python'
[0.183s] Level 1:colcon.colcon_core.package_identification:_identify(src) by extensions ['python_setup_py']
[0.183s] Level 1:colcon.colcon_core.package_identification:_identify(src) by extension 'python_setup_py'
[0.183s] Level 1:colcon.colcon_core.package_identification:_identify(src/ee4308_bringup) by extensions ['ignore', 'ignore_ament_install']
[0.183s] Level 1:colcon.colcon_core.package_identification:_identify(src/ee4308_bringup) by extension 'ignore'
[0.183s] Level 1:colcon.colcon_core.package_identification:_identify(src/ee4308_bringup) by extension 'ignore_ament_install'
[0.183s] Level 1:colcon.colcon_core.package_identification:_identify(src/ee4308_bringup) by extensions ['colcon_pkg']
[0.183s] Level 1:colcon.colcon_core.package_identification:_identify(src/ee4308_bringup) by extension 'colcon_pkg'
[0.183s] Level 1:colcon.colcon_core.package_identification:_identify(src/ee4308_bringup) by extensions ['colcon_meta']
[0.183s] Level 1:colcon.colcon_core.package_identification:_identify(src/ee4308_bringup) by extension 'colcon_meta'
[0.183s] Level 1:colcon.colcon_core.package_identification:_identify(src/ee4308_bringup) by extensions ['ros']
[0.183s] Level 1:colcon.colcon_core.package_identification:_identify(src/ee4308_bringup) by extension 'ros'
[0.185s] DEBUG:colcon.colcon_core.package_identification:Package 'src/ee4308_bringup' with type 'ros.ament_cmake' and name 'ee4308_bringup'
[0.185s] Level 1:colcon.colcon_core.package_identification:_identify(src/ee4308_core) by extensions ['ignore', 'ignore_ament_install']
[0.185s] Level 1:colcon.colcon_core.package_identification:_identify(src/ee4308_core) by extension 'ignore'
[0.185s] Level 1:colcon.colcon_core.package_identification:_identify(src/ee4308_core) by extension 'ignore_ament_install'
[0.185s] Level 1:colcon.colcon_core.package_identification:_identify(src/ee4308_core) by extensions ['colcon_pkg']
[0.186s] Level 1:colcon.colcon_core.package_identification:_identify(src/ee4308_core) by extension 'colcon_pkg'
[0.186s] Level 1:colcon.colcon_core.package_identification:_identify(src/ee4308_core) by extensions ['colcon_meta']
[0.186s] Level 1:colcon.colcon_core.package_identification:_identify(src/ee4308_core) by extension 'colcon_meta'
[0.186s] Level 1:colcon.colcon_core.package_identification:_identify(src/ee4308_core) by extensions ['ros']
[0.186s] Level 1:colcon.colcon_core.package_identification:_identify(src/ee4308_core) by extension 'ros'
[0.186s] DEBUG:colcon.colcon_core.package_identification:Package 'src/ee4308_core' with type 'ros.ament_cmake' and name 'ee4308_core'
[0.186s] Level 1:colcon.colcon_core.package_identification:_identify(src/ee4308_turtle) by extensions ['ignore', 'ignore_ament_install']
[0.186s] Level 1:colcon.colcon_core.package_identification:_identify(src/ee4308_turtle) by extension 'ignore'
[0.186s] Level 1:colcon.colcon_core.package_identification:_identify(src/ee4308_turtle) by extension 'ignore_ament_install'
[0.186s] Level 1:colcon.colcon_core.package_identification:_identify(src/ee4308_turtle) by extensions ['colcon_pkg']
[0.186s] Level 1:colcon.colcon_core.package_identification:_identify(src/ee4308_turtle) by extension 'colcon_pkg'
[0.186s] Level 1:colcon.colcon_core.package_identification:_identify(src/ee4308_turtle) by extensions ['colcon_meta']
[0.186s] Level 1:colcon.colcon_core.package_identification:_identify(src/ee4308_turtle) by extension 'colcon_meta'
[0.186s] Level 1:colcon.colcon_core.package_identification:_identify(src/ee4308_turtle) by extensions ['ros']
[0.186s] Level 1:colcon.colcon_core.package_identification:_identify(src/ee4308_turtle) by extension 'ros'
[0.187s] DEBUG:colcon.colcon_core.package_identification:Package 'src/ee4308_turtle' with type 'ros.ament_cmake' and name 'ee4308_turtle'
[0.187s] Level 1:colcon.colcon_core.package_discovery:discover_packages(recursive) using defaults
[0.187s] Level 1:colcon.colcon_core.package_discovery:discover_packages(ignore) discover
[0.187s] Level 1:colcon.colcon_core.package_discovery:discover_packages(ignore) using defaults
[0.187s] Level 1:colcon.colcon_core.package_discovery:discover_packages(path) discover
[0.187s] Level 1:colcon.colcon_core.package_discovery:discover_packages(path) using defaults
[0.208s] Level 1:colcon.colcon_core.package_discovery:discover_packages(prefix_path) check parameters
[0.208s] Level 1:colcon.colcon_core.package_discovery:discover_packages(prefix_path) discover
[0.209s] DEBUG:colcon.colcon_installed_package_information.package_discovery:Found 3 installed packages in /home/kai137/ee4308/install
[0.210s] DEBUG:colcon.colcon_installed_package_information.package_discovery:Found 328 installed packages in /opt/ros/humble
[0.211s] Level 1:colcon.colcon_core.package_discovery:discover_packages(prefix_path) using defaults
[0.237s] Level 5:colcon.colcon_core.verb:set package 'ee4308_bringup' build argument 'cmake_args' from command line to 'None'
[0.237s] Level 5:colcon.colcon_core.verb:set package 'ee4308_bringup' build argument 'cmake_target' from command line to 'None'
[0.237s] Level 5:colcon.colcon_core.verb:set package 'ee4308_bringup' build argument 'cmake_target_skip_unavailable' from command line to 'False'
[0.237s] Level 5:colcon.colcon_core.verb:set package 'ee4308_bringup' build argument 'cmake_clean_cache' from command line to 'False'
[0.237s] Level 5:colcon.colcon_core.verb:set package 'ee4308_bringup' build argument 'cmake_clean_first' from command line to 'False'
[0.237s] Level 5:colcon.colcon_core.verb:set package 'ee4308_bringup' build argument 'cmake_force_configure' from command line to 'False'
[0.237s] Level 5:colcon.colcon_core.verb:set package 'ee4308_bringup' build argument 'ament_cmake_args' from command line to 'None'
[0.237s] Level 5:colcon.colcon_core.verb:set package 'ee4308_bringup' build argument 'catkin_cmake_args' from command line to 'None'
[0.237s] Level 5:colcon.colcon_core.verb:set package 'ee4308_bringup' build argument 'catkin_skip_building_tests' from command line to 'False'
[0.237s] DEBUG:colcon.colcon_core.verb:Building package 'ee4308_bringup' with the following arguments: {'ament_cmake_args': None, 'build_base': '/home/kai137/ee4308/build/ee4308_bringup', 'catkin_cmake_args': None, 'catkin_skip_building_tests': False, 'cmake_args': None, 'cmake_clean_cache': False, 'cmake_clean_first': False, 'cmake_force_configure': False, 'cmake_target': None, 'cmake_target_skip_unavailable': False, 'install_base': '/home/kai137/ee4308/install/ee4308_bringup', 'merge_install': False, 'path': '/home/kai137/ee4308/src/ee4308_bringup', 'symlink_install': True, 'test_result_base': None}
[0.237s] Level 5:colcon.colcon_core.verb:set package 'ee4308_core' build argument 'cmake_args' from command line to 'None'
[0.237s] Level 5:colcon.colcon_core.verb:set package 'ee4308_core' build argument 'cmake_target' from command line to 'None'
[0.237s] Level 5:colcon.colcon_core.verb:set package 'ee4308_core' build argument 'cmake_target_skip_unavailable' from command line to 'False'
[0.237s] Level 5:colcon.colcon_core.verb:set package 'ee4308_core' build argument 'cmake_clean_cache' from command line to 'False'
[0.237s] Level 5:colcon.colcon_core.verb:set package 'ee4308_core' build argument 'cmake_clean_first' from command line to 'False'
[0.237s] Level 5:colcon.colcon_core.verb:set package 'ee4308_core' build argument 'cmake_force_configure' from command line to 'False'
[0.237s] Level 5:colcon.colcon_core.verb:set package 'ee4308_core' build argument 'ament_cmake_args' from command line to 'None'
[0.237s] Level 5:colcon.colcon_core.verb:set package 'ee4308_core' build argument 'catkin_cmake_args' from command line to 'None'
[0.237s] Level 5:colcon.colcon_core.verb:set package 'ee4308_core' build argument 'catkin_skip_building_tests' from command line to 'False'
[0.237s] DEBUG:colcon.colcon_core.verb:Building package 'ee4308_core' with the following arguments: {'ament_cmake_args': None, 'build_base': '/home/kai137/ee4308/build/ee4308_core', 'catkin_cmake_args': None, 'catkin_skip_building_tests': False, 'cmake_args': None, 'cmake_clean_cache': False, 'cmake_clean_first': False, 'cmake_force_configure': False, 'cmake_target': None, 'cmake_target_skip_unavailable': False, 'install_base': '/home/kai137/ee4308/install/ee4308_core', 'merge_install': False, 'path': '/home/kai137/ee4308/src/ee4308_core', 'symlink_install': True, 'test_result_base': None}
[0.237s] Level 5:colcon.colcon_core.verb:set package 'ee4308_turtle' build argument 'cmake_args' from command line to 'None'
[0.237s] Level 5:colcon.colcon_core.verb:set package 'ee4308_turtle' build argument 'cmake_target' from command line to 'None'
[0.237s] Level 5:colcon.colcon_core.verb:set package 'ee4308_turtle' build argument 'cmake_target_skip_unavailable' from command line to 'False'
[0.237s] Level 5:colcon.colcon_core.verb:set package 'ee4308_turtle' build argument 'cmake_clean_cache' from command line to 'False'
[0.237s] Level 5:colcon.colcon_core.verb:set package 'ee4308_turtle' build argument 'cmake_clean_first' from command line to 'False'
[0.237s] Level 5:colcon.colcon_core.verb:set package 'ee4308_turtle' build argument 'cmake_force_configure' from command line to 'False'
[0.237s] Level 5:colcon.colcon_core.verb:set package 'ee4308_turtle' build argument 'ament_cmake_args' from command line to 'None'
[0.237s] Level 5:colcon.colcon_core.verb:set package 'ee4308_turtle' build argument 'catkin_cmake_args' from command line to 'None'
[0.237s] Level 5:colcon.colcon_core.verb:set package 'ee4308_turtle' build argument 'catkin_skip_building_tests' from command line to 'False'
[0.238s] DEBUG:colcon.colcon_core.verb:Building package 'ee4308_turtle' with the following arguments: {'ament_cmake_args': None, 'build_base': '/home/kai137/ee4308/build/ee4308_turtle', 'catkin_cmake_args': None, 'catkin_skip_building_tests': False, 'cmake_args': None, 'cmake_clean_cache': False, 'cmake_clean_first': False, 'cmake_force_configure': False, 'cmake_target': None, 'cmake_target_skip_unavailable': False, 'install_base': '/home/kai137/ee4308/install/ee4308_turtle', 'merge_install': False, 'path': '/home/kai137/ee4308/src/ee4308_turtle', 'symlink_install': True, 'test_result_base': None}
[0.238s] INFO:colcon.colcon_core.executor:Executing jobs using 'parallel' executor
[0.238s] DEBUG:colcon.colcon_parallel_executor.executor.parallel:run_until_complete
[0.239s] INFO:colcon.colcon_ros.task.ament_cmake.build:Building ROS package in '/home/kai137/ee4308/src/ee4308_core' with build type 'ament_cmake'
[0.239s] INFO:colcon.colcon_cmake.task.cmake.build:Building CMake package in '/home/kai137/ee4308/src/ee4308_core'
[0.240s] INFO:colcon.colcon_core.plugin_system:Skipping extension 'colcon_core.shell.bat': Not used on non-Windows systems
[0.240s] INFO:colcon.colcon_core.shell:Skip shell extension 'powershell' for command environment: Not usable outside of PowerShell
[0.240s] DEBUG:colcon.colcon_core.shell:Skip shell extension 'dsv' for command environment
[0.242s] INFO:colcon.colcon_ros.task.ament_cmake.build:Building ROS package in '/home/kai137/ee4308/src/ee4308_bringup' with build type 'ament_cmake'
[0.242s] INFO:colcon.colcon_cmake.task.cmake.build:Building CMake package in '/home/kai137/ee4308/src/ee4308_bringup'
[0.243s] INFO:colcon.colcon_core.shell:Skip shell extension 'powershell' for command environment: Not usable outside of PowerShell
[0.243s] DEBUG:colcon.colcon_core.shell:Skip shell extension 'dsv' for command environment
[0.249s] DEBUG:colcon.colcon_core.event_handler.log_command:Invoking command in '/home/kai137/ee4308/build/ee4308_core': CMAKE_PREFIX_PATH=${CMAKE_PREFIX_PATH}:/opt/ros/humble /usr/bin/cmake --build /home/kai137/ee4308/build/ee4308_core -- -j16 -l16
[0.251s] DEBUG:colcon.colcon_core.event_handler.log_command:Invoking command in '/home/kai137/ee4308/build/ee4308_bringup': CMAKE_PREFIX_PATH=${CMAKE_PREFIX_PATH}:/opt/ros/humble /usr/bin/cmake --build /home/kai137/ee4308/build/ee4308_bringup -- -j16 -l16
[0.277s] DEBUG:colcon.colcon_core.event_handler.log_command:Invoked command in '/home/kai137/ee4308/build/ee4308_core' returned '0': CMAKE_PREFIX_PATH=${CMAKE_PREFIX_PATH}:/opt/ros/humble /usr/bin/cmake --build /home/kai137/ee4308/build/ee4308_core -- -j16 -l16
[0.284s] DEBUG:colcon.colcon_core.event_handler.log_command:Invoking command in '/home/kai137/ee4308/build/ee4308_core': CMAKE_PREFIX_PATH=${CMAKE_PREFIX_PATH}:/opt/ros/humble /usr/bin/cmake --install /home/kai137/ee4308/build/ee4308_core
[0.285s] DEBUG:colcon.colcon_core.event_handler.log_command:Invoked command in '/home/kai137/ee4308/build/ee4308_bringup' returned '0': CMAKE_PREFIX_PATH=${CMAKE_PREFIX_PATH}:/opt/ros/humble /usr/bin/cmake --build /home/kai137/ee4308/build/ee4308_bringup -- -j16 -l16
[0.286s] DEBUG:colcon.colcon_core.event_handler.log_command:Invoking command in '/home/kai137/ee4308/build/ee4308_bringup': CMAKE_PREFIX_PATH=${CMAKE_PREFIX_PATH}:/opt/ros/humble /usr/bin/cmake --install /home/kai137/ee4308/build/ee4308_bringup
[0.299s] Level 1:colcon.colcon_core.environment:create_environment_scripts_only(ee4308_core)
[0.299s] DEBUG:colcon.colcon_core.event_handler.log_command:Invoked command in '/home/kai137/ee4308/build/ee4308_core' returned '0': CMAKE_PREFIX_PATH=${CMAKE_PREFIX_PATH}:/opt/ros/humble /usr/bin/cmake --install /home/kai137/ee4308/build/ee4308_core
[0.301s] Level 1:colcon.colcon_core.environment:checking '/home/kai137/ee4308/install/ee4308_core' for CMake module files
[0.302s] Level 1:colcon.colcon_core.environment:checking '/home/kai137/ee4308/install/ee4308_core' for CMake config files
[0.303s] Level 1:colcon.colcon_core.shell:create_environment_hook('ee4308_core', 'cmake_prefix_path')
[0.303s] INFO:colcon.colcon_core.shell:Creating environment hook '/home/kai137/ee4308/install/ee4308_core/share/ee4308_core/hook/cmake_prefix_path.ps1'
[0.304s] INFO:colcon.colcon_core.shell:Creating environment descriptor '/home/kai137/ee4308/install/ee4308_core/share/ee4308_core/hook/cmake_prefix_path.dsv'
[0.304s] INFO:colcon.colcon_core.shell:Creating environment hook '/home/kai137/ee4308/install/ee4308_core/share/ee4308_core/hook/cmake_prefix_path.sh'
[0.305s] Level 1:colcon.colcon_core.environment:checking '/home/kai137/ee4308/install/ee4308_core/bin'
[0.305s] Level 1:colcon.colcon_core.environment:checking '/home/kai137/ee4308/install/ee4308_core/lib/pkgconfig/ee4308_core.pc'
[0.305s] Level 1:colcon.colcon_core.environment:checking '/home/kai137/ee4308/install/ee4308_core/lib/python3.10/site-packages'
[0.306s] Level 1:colcon.colcon_core.environment:checking '/home/kai137/ee4308/install/ee4308_core/bin'
[0.306s] INFO:colcon.colcon_core.shell:Creating package script '/home/kai137/ee4308/install/ee4308_core/share/ee4308_core/package.ps1'
[0.307s] INFO:colcon.colcon_core.shell:Creating package descriptor '/home/kai137/ee4308/install/ee4308_core/share/ee4308_core/package.dsv'
[0.307s] INFO:colcon.colcon_core.shell:Creating package script '/home/kai137/ee4308/install/ee4308_core/share/ee4308_core/package.sh'
[0.308s] INFO:colcon.colcon_core.shell:Creating package script '/home/kai137/ee4308/install/ee4308_core/share/ee4308_core/package.bash'
[0.308s] INFO:colcon.colcon_core.shell:Creating package script '/home/kai137/ee4308/install/ee4308_core/share/ee4308_core/package.zsh'
[0.309s] Level 1:colcon.colcon_core.environment:create_file_with_runtime_dependencies(/home/kai137/ee4308/install/ee4308_core/share/colcon-core/packages/ee4308_core)
[0.309s] Level 1:colcon.colcon_core.environment:create_environment_scripts_only(ee4308_core)
[0.309s] Level 1:colcon.colcon_core.environment:checking '/home/kai137/ee4308/install/ee4308_core' for CMake module files
[0.310s] Level 1:colcon.colcon_core.environment:checking '/home/kai137/ee4308/install/ee4308_core' for CMake config files
[0.310s] Level 1:colcon.colcon_core.shell:create_environment_hook('ee4308_core', 'cmake_prefix_path')
[0.310s] INFO:colcon.colcon_core.shell:Creating environment hook '/home/kai137/ee4308/install/ee4308_core/share/ee4308_core/hook/cmake_prefix_path.ps1'
[0.310s] INFO:colcon.colcon_core.shell:Creating environment descriptor '/home/kai137/ee4308/install/ee4308_core/share/ee4308_core/hook/cmake_prefix_path.dsv'
[0.310s] INFO:colcon.colcon_core.shell:Creating environment hook '/home/kai137/ee4308/install/ee4308_core/share/ee4308_core/hook/cmake_prefix_path.sh'
[0.311s] Level 1:colcon.colcon_core.environment:checking '/home/kai137/ee4308/install/ee4308_core/bin'
[0.311s] Level 1:colcon.colcon_core.environment:checking '/home/kai137/ee4308/install/ee4308_core/lib/pkgconfig/ee4308_core.pc'
[0.311s] Level 1:colcon.colcon_core.environment:checking '/home/kai137/ee4308/install/ee4308_core/lib/python3.10/site-packages'
[0.311s] Level 1:colcon.colcon_core.environment:checking '/home/kai137/ee4308/install/ee4308_core/bin'
[0.311s] INFO:colcon.colcon_core.shell:Creating package script '/home/kai137/ee4308/install/ee4308_core/share/ee4308_core/package.ps1'
[0.311s] INFO:colcon.colcon_core.shell:Creating package descriptor '/home/kai137/ee4308/install/ee4308_core/share/ee4308_core/package.dsv'
[0.312s] INFO:colcon.colcon_core.shell:Creating package script '/home/kai137/ee4308/install/ee4308_core/share/ee4308_core/package.sh'
[0.312s] INFO:colcon.colcon_core.shell:Creating package script '/home/kai137/ee4308/install/ee4308_core/share/ee4308_core/package.bash'
[0.312s] INFO:colcon.colcon_core.shell:Creating package script '/home/kai137/ee4308/install/ee4308_core/share/ee4308_core/package.zsh'
[0.312s] Level 1:colcon.colcon_core.environment:create_file_with_runtime_dependencies(/home/kai137/ee4308/install/ee4308_core/share/colcon-core/packages/ee4308_core)
[0.312s] INFO:colcon.colcon_ros.task.ament_cmake.build:Building ROS package in '/home/kai137/ee4308/src/ee4308_turtle' with build type 'ament_cmake'
[0.312s] INFO:colcon.colcon_cmake.task.cmake.build:Building CMake package in '/home/kai137/ee4308/src/ee4308_turtle'
[0.313s] INFO:colcon.colcon_core.shell:Skip shell extension 'powershell' for command environment: Not usable outside of PowerShell
[0.313s] DEBUG:colcon.colcon_core.shell:Skip shell extension 'dsv' for command environment
[0.315s] Level 1:colcon.colcon_core.environment:create_environment_scripts_only(ee4308_bringup)
[0.316s] Level 1:colcon.colcon_core.environment:checking '/home/kai137/ee4308/install/ee4308_bringup' for CMake module files
[0.316s] DEBUG:colcon.colcon_core.event_handler.log_command:Invoked command in '/home/kai137/ee4308/build/ee4308_bringup' returned '0': CMAKE_PREFIX_PATH=${CMAKE_PREFIX_PATH}:/opt/ros/humble /usr/bin/cmake --install /home/kai137/ee4308/build/ee4308_bringup
[0.316s] Level 1:colcon.colcon_core.environment:checking '/home/kai137/ee4308/install/ee4308_bringup' for CMake config files
[0.316s] Level 1:colcon.colcon_core.shell:create_environment_hook('ee4308_bringup', 'cmake_prefix_path')
[0.317s] INFO:colcon.colcon_core.shell:Creating environment hook '/home/kai137/ee4308/install/ee4308_bringup/share/ee4308_bringup/hook/cmake_prefix_path.ps1'
[0.317s] INFO:colcon.colcon_core.shell:Creating environment descriptor '/home/kai137/ee4308/install/ee4308_bringup/share/ee4308_bringup/hook/cmake_prefix_path.dsv'
[0.317s] INFO:colcon.colcon_core.shell:Creating environment hook '/home/kai137/ee4308/install/ee4308_bringup/share/ee4308_bringup/hook/cmake_prefix_path.sh'
[0.317s] Level 1:colcon.colcon_core.environment:checking '/home/kai137/ee4308/install/ee4308_bringup/bin'
[0.317s] Level 1:colcon.colcon_core.environment:checking '/home/kai137/ee4308/install/ee4308_bringup/lib/pkgconfig/ee4308_bringup.pc'
[0.317s] Level 1:colcon.colcon_core.environment:checking '/home/kai137/ee4308/install/ee4308_bringup/lib/python3.10/site-packages'
[0.318s] Level 1:colcon.colcon_core.environment:checking '/home/kai137/ee4308/install/ee4308_bringup/bin'
[0.318s] INFO:colcon.colcon_core.shell:Creating package script '/home/kai137/ee4308/install/ee4308_bringup/share/ee4308_bringup/package.ps1'
[0.318s] INFO:colcon.colcon_core.shell:Creating package descriptor '/home/kai137/ee4308/install/ee4308_bringup/share/ee4308_bringup/package.dsv'
[0.318s] INFO:colcon.colcon_core.shell:Creating package script '/home/kai137/ee4308/install/ee4308_bringup/share/ee4308_bringup/package.sh'
[0.318s] INFO:colcon.colcon_core.shell:Creating package script '/home/kai137/ee4308/install/ee4308_bringup/share/ee4308_bringup/package.bash'
[0.318s] INFO:colcon.colcon_core.shell:Creating package script '/home/kai137/ee4308/install/ee4308_bringup/share/ee4308_bringup/package.zsh'
[0.319s] Level 1:colcon.colcon_core.environment:create_file_with_runtime_dependencies(/home/kai137/ee4308/install/ee4308_bringup/share/colcon-core/packages/ee4308_bringup)
[0.319s] Level 1:colcon.colcon_core.environment:create_environment_scripts_only(ee4308_bringup)
[0.319s] Level 1:colcon.colcon_core.environment:checking '/home/kai137/ee4308/install/ee4308_bringup' for CMake module files
[0.319s] Level 1:colcon.colcon_core.environment:checking '/home/kai137/ee4308/install/ee4308_bringup' for CMake config files
[0.319s] Level 1:colcon.colcon_core.shell:create_environment_hook('ee4308_bringup', 'cmake_prefix_path')
[0.320s] INFO:colcon.colcon_core.shell:Creating environment hook '/home/kai137/ee4308/install/ee4308_bringup/share/ee4308_bringup/hook/cmake_prefix_path.ps1'
[0.320s] INFO:colcon.colcon_core.shell:Creating environment descriptor '/home/kai137/ee4308/install/ee4308_bringup/share/ee4308_bringup/hook/cmake_prefix_path.dsv'
[0.320s] INFO:colcon.colcon_core.shell:Creating environment hook '/home/kai137/ee4308/install/ee4308_bringup/share/ee4308_bringup/hook/cmake_prefix_path.sh'
[0.320s] Level 1:colcon.colcon_core.environment:checking '/home/kai137/ee4308/install/ee4308_bringup/bin'
[0.320s] Level 1:colcon.colcon_core.environment:checking '/home/kai137/ee4308/install/ee4308_bringup/lib/pkgconfig/ee4308_bringup.pc'
[0.320s] Level 1:colcon.colcon_core.environment:checking '/home/kai137/ee4308/install/ee4308_bringup/lib/python3.10/site-packages'
[0.321s] Level 1:colcon.colcon_core.environment:checking '/home/kai137/ee4308/install/ee4308_bringup/bin'
[0.321s] INFO:colcon.colcon_core.shell:Creating package script '/home/kai137/ee4308/install/ee4308_bringup/share/ee4308_bringup/package.ps1'
[0.321s] INFO:colcon.colcon_core.shell:Creating package descriptor '/home/kai137/ee4308/install/ee4308_bringup/share/ee4308_bringup/package.dsv'
[0.321s] INFO:colcon.colcon_core.shell:Creating package script '/home/kai137/ee4308/install/ee4308_bringup/share/ee4308_bringup/package.sh'
[0.321s] INFO:colcon.colcon_core.shell:Creating package script '/home/kai137/ee4308/install/ee4308_bringup/share/ee4308_bringup/package.bash'
[0.322s] INFO:colcon.colcon_core.shell:Creating package script '/home/kai137/ee4308/install/ee4308_bringup/share/ee4308_bringup/package.zsh'
[0.322s] Level 1:colcon.colcon_core.environment:create_file_with_runtime_dependencies(/home/kai137/ee4308/install/ee4308_bringup/share/colcon-core/packages/ee4308_bringup)
[0.325s] DEBUG:colcon.colcon_core.event_handler.log_command:Invoking command in '/home/kai137/ee4308/build/ee4308_turtle': CMAKE_PREFIX_PATH=/home/kai137/ee4308/install/ee4308_core:/home/kai137/ee4308/install/ee4308_turtle:/home/kai137/ee4308/install/ee4308_bringup:/opt/ros/humble /usr/bin/cmake --build /home/kai137/ee4308/build/ee4308_turtle -- -j16 -l16
[7.707s] DEBUG:colcon.colcon_core.event_handler.log_command:Invoked command in '/home/kai137/ee4308/build/ee4308_turtle' returned '0': CMAKE_PREFIX_PATH=/home/kai137/ee4308/install/ee4308_core:/home/kai137/ee4308/install/ee4308_turtle:/home/kai137/ee4308/install/ee4308_bringup:/opt/ros/humble /usr/bin/cmake --build /home/kai137/ee4308/build/ee4308_turtle -- -j16 -l16
[7.707s] DEBUG:colcon.colcon_core.event_handler.log_command:Invoking command in '/home/kai137/ee4308/build/ee4308_turtle': CMAKE_PREFIX_PATH=/home/kai137/ee4308/install/ee4308_core:/home/kai137/ee4308/install/ee4308_turtle:/home/kai137/ee4308/install/ee4308_bringup:/opt/ros/humble /usr/bin/cmake --install /home/kai137/ee4308/build/ee4308_turtle
[7.721s] Level 1:colcon.colcon_core.environment:create_environment_scripts_only(ee4308_turtle)
[7.721s] Level 1:colcon.colcon_core.environment:checking '/home/kai137/ee4308/install/ee4308_turtle' for CMake module files
[7.721s] DEBUG:colcon.colcon_core.event_handler.log_command:Invoked command in '/home/kai137/ee4308/build/ee4308_turtle' returned '0': CMAKE_PREFIX_PATH=/home/kai137/ee4308/install/ee4308_core:/home/kai137/ee4308/install/ee4308_turtle:/home/kai137/ee4308/install/ee4308_bringup:/opt/ros/humble /usr/bin/cmake --install /home/kai137/ee4308/build/ee4308_turtle
[7.722s] Level 1:colcon.colcon_core.environment:checking '/home/kai137/ee4308/install/ee4308_turtle' for CMake config files
[7.722s] Level 1:colcon.colcon_core.shell:create_environment_hook('ee4308_turtle', 'cmake_prefix_path')
[7.722s] INFO:colcon.colcon_core.shell:Creating environment hook '/home/kai137/ee4308/install/ee4308_turtle/share/ee4308_turtle/hook/cmake_prefix_path.ps1'
[7.722s] INFO:colcon.colcon_core.shell:Creating environment descriptor '/home/kai137/ee4308/install/ee4308_turtle/share/ee4308_turtle/hook/cmake_prefix_path.dsv'
[7.723s] INFO:colcon.colcon_core.shell:Creating environment hook '/home/kai137/ee4308/install/ee4308_turtle/share/ee4308_turtle/hook/cmake_prefix_path.sh'
[7.723s] Level 1:colcon.colcon_core.environment:checking '/home/kai137/ee4308/install/ee4308_turtle/lib'
[7.723s] Level 1:colcon.colcon_core.shell:create_environment_hook('ee4308_turtle', 'ld_library_path_lib')
[7.723s] INFO:colcon.colcon_core.shell:Creating environment hook '/home/kai137/ee4308/install/ee4308_turtle/share/ee4308_turtle/hook/ld_library_path_lib.ps1'
[7.724s] INFO:colcon.colcon_core.shell:Creating environment descriptor '/home/kai137/ee4308/install/ee4308_turtle/share/ee4308_turtle/hook/ld_library_path_lib.dsv'
[7.724s] INFO:colcon.colcon_core.shell:Creating environment hook '/home/kai137/ee4308/install/ee4308_turtle/share/ee4308_turtle/hook/ld_library_path_lib.sh'
[7.724s] Level 1:colcon.colcon_core.environment:checking '/home/kai137/ee4308/install/ee4308_turtle/bin'
[7.724s] Level 1:colcon.colcon_core.environment:checking '/home/kai137/ee4308/install/ee4308_turtle/lib/pkgconfig/ee4308_turtle.pc'
[7.724s] Level 1:colcon.colcon_core.environment:checking '/home/kai137/ee4308/install/ee4308_turtle/lib/python3.10/site-packages'
[7.724s] Level 1:colcon.colcon_core.environment:checking '/home/kai137/ee4308/install/ee4308_turtle/bin'
[7.724s] INFO:colcon.colcon_core.shell:Creating package script '/home/kai137/ee4308/install/ee4308_turtle/share/ee4308_turtle/package.ps1'
[7.725s] INFO:colcon.colcon_core.shell:Creating package descriptor '/home/kai137/ee4308/install/ee4308_turtle/share/ee4308_turtle/package.dsv'
[7.725s] INFO:colcon.colcon_core.shell:Creating package script '/home/kai137/ee4308/install/ee4308_turtle/share/ee4308_turtle/package.sh'
[7.725s] INFO:colcon.colcon_core.shell:Creating package script '/home/kai137/ee4308/install/ee4308_turtle/share/ee4308_turtle/package.bash'
[7.725s] INFO:colcon.colcon_core.shell:Creating package script '/home/kai137/ee4308/install/ee4308_turtle/share/ee4308_turtle/package.zsh'
[7.726s] Level 1:colcon.colcon_core.environment:create_file_with_runtime_dependencies(/home/kai137/ee4308/install/ee4308_turtle/share/colcon-core/packages/ee4308_turtle)
[7.726s] Level 1:colcon.colcon_core.environment:create_environment_scripts_only(ee4308_turtle)
[7.726s] Level 1:colcon.colcon_core.environment:checking '/home/kai137/ee4308/install/ee4308_turtle' for CMake module files
[7.726s] Level 1:colcon.colcon_core.environment:checking '/home/kai137/ee4308/install/ee4308_turtle' for CMake config files
[7.726s] Level 1:colcon.colcon_core.shell:create_environment_hook('ee4308_turtle', 'cmake_prefix_path')
[7.727s] INFO:colcon.colcon_core.shell:Creating environment hook '/home/kai137/ee4308/install/ee4308_turtle/share/ee4308_turtle/hook/cmake_prefix_path.ps1'
[7.727s] INFO:colcon.colcon_core.shell:Creating environment descriptor '/home/kai137/ee4308/install/ee4308_turtle/share/ee4308_turtle/hook/cmake_prefix_path.dsv'
[7.727s] INFO:colcon.colcon_core.shell:Creating environment hook '/home/kai137/ee4308/install/ee4308_turtle/share/ee4308_turtle/hook/cmake_prefix_path.sh'
[7.727s] Level 1:colcon.colcon_core.environment:checking '/home/kai137/ee4308/install/ee4308_turtle/lib'
[7.727s] Level 1:colcon.colcon_core.shell:create_environment_hook('ee4308_turtle', 'ld_library_path_lib')
[7.727s] INFO:colcon.colcon_core.shell:Creating environment hook '/home/kai137/ee4308/install/ee4308_turtle/share/ee4308_turtle/hook/ld_library_path_lib.ps1'
[7.728s] INFO:colcon.colcon_core.shell:Creating environment descriptor '/home/kai137/ee4308/install/ee4308_turtle/share/ee4308_turtle/hook/ld_library_path_lib.dsv'
[7.728s] INFO:colcon.colcon_core.shell:Creating environment hook '/home/kai137/ee4308/install/ee4308_turtle/share/ee4308_turtle/hook/ld_library_path_lib.sh'
[7.728s] Level 1:colcon.colcon_core.environment:checking '/home/kai137/ee4308/install/ee4308_turtle/bin'
[7.728s] Level 1:colcon.colcon_core.environment:checking '/home/kai137/ee4308/install/ee4308_turtle/lib/pkgconfig/ee4308_turtle.pc'
[7.728s] Level 1:colcon.colcon_core.environment:checking '/home/kai137/ee4308/install/ee4308_turtle/lib/python3.10/site-packages'
[7.728s] Level 1:colcon.colcon_core.environment:checking '/home/kai137/ee4308/install/ee4308_turtle/bin'
[7.729s] INFO:colcon.colcon_core.shell:Creating package script '/home/kai137/ee4308/install/ee4308_turtle/share/ee4308_turtle/package.ps1'
[7.729s] INFO:colcon.colcon_core.shell:Creating package descriptor '/home/kai137/ee4308/install/ee4308_turtle/share/ee4308_turtle/package.dsv'
[7.729s] INFO:colcon.colcon_core.shell:Creating package script '/home/kai137/ee4308/install/ee4308_turtle/share/ee4308_turtle/package.sh'
[7.729s] INFO:colcon.colcon_core.shell:Creating package script '/home/kai137/ee4308/install/ee4308_turtle/share/ee4308_turtle/package.bash'
[7.730s] INFO:colcon.colcon_core.shell:Creating package script '/home/kai137/ee4308/install/ee4308_turtle/share/ee4308_turtle/package.zsh'
[7.730s] Level 1:colcon.colcon_core.environment:create_file_with_runtime_dependencies(/home/kai137/ee4308/install/ee4308_turtle/share/colcon-core/packages/ee4308_turtle)
[7.730s] DEBUG:colcon.colcon_parallel_executor.executor.parallel:closing loop
[7.730s] DEBUG:colcon.colcon_parallel_executor.executor.parallel:loop closed
[7.730s] DEBUG:colcon.colcon_parallel_executor.executor.parallel:run_until_complete finished with '0'
[7.730s] DEBUG:colcon.colcon_core.event_reactor:joining thread
[7.734s] INFO:colcon.colcon_core.plugin_system:Skipping extension 'colcon_notification.desktop_notification.terminal_notifier': Not used on non-Darwin systems
[7.734s] INFO:colcon.colcon_core.plugin_system:Skipping extension 'colcon_notification.desktop_notification.win32': Not used on non-Windows systems
[7.734s] INFO:colcon.colcon_notification.desktop_notification:Sending desktop notification using 'notify2'
[7.742s] DEBUG:colcon.colcon_core.event_reactor:joined thread
[7.742s] INFO:colcon.colcon_core.shell:Creating prefix script '/home/kai137/ee4308/install/local_setup.ps1'
[7.743s] INFO:colcon.colcon_core.shell:Creating prefix util module '/home/kai137/ee4308/install/_local_setup_util_ps1.py'
[7.744s] INFO:colcon.colcon_core.shell:Creating prefix chain script '/home/kai137/ee4308/install/setup.ps1'
[7.744s] INFO:colcon.colcon_core.shell:Creating prefix script '/home/kai137/ee4308/install/local_setup.sh'
[7.745s] INFO:colcon.colcon_core.shell:Creating prefix util module '/home/kai137/ee4308/install/_local_setup_util_sh.py'
[7.745s] INFO:colcon.colcon_core.shell:Creating prefix chain script '/home/kai137/ee4308/install/setup.sh'
[7.746s] INFO:colcon.colcon_core.shell:Creating prefix script '/home/kai137/ee4308/install/local_setup.bash'
[7.746s] INFO:colcon.colcon_core.shell:Creating prefix chain script '/home/kai137/ee4308/install/setup.bash'
[7.746s] INFO:colcon.colcon_core.shell:Creating prefix script '/home/kai137/ee4308/install/local_setup.zsh'
[7.747s] INFO:colcon.colcon_core.shell:Creating prefix chain script '/home/kai137/ee4308/install/setup.zsh'
