[0.058s] DEBUG:colcon:Command line arguments: ['/usr/bin/colcon', 'list', '-p', '--base-paths', '/home/kai137/ee4308']
[0.058s] DEBUG:colcon:Parsed command line arguments: Namespace(log_base=None, log_level=None, verb_name='list', build_base='build', ignore_user_meta=False, metas=['./colcon.meta'], base_paths=['/home/kai137/ee4308'], packages_ignore=None, packages_ignore_regex=None, paths=None, packages_up_to=None, packages_up_to_regex=None, packages_above=None, packages_above_and_dependencies=None, packages_above_depth=None, packages_select_by_dep=None, packages_skip_by_dep=None, packages_skip_up_to=None, packages_select_build_failed=False, packages_skip_build_finished=False, packages_select_test_failures=False, packages_skip_test_passed=False, packages_select=None, packages_skip=None, packages_select_regex=None, packages_skip_regex=None, packages_start=None, packages_end=None, allow_overriding=[], topological_order=False, names_only=False, paths_only=True, topological_graph=False, topological_graph_dot=False, topological_graph_density=False, topological_graph_legend=False, topological_graph_dot_cluster=False, topological_graph_dot_include_skipped=False, mixin_files=None, mixin=None, verb_parser=<colcon_mixin.mixin.mixin_argument.MixinArgumentDecorator object at 0x7907fa3619f0>, verb_extension=<colcon_package_information.verb.list.ListVerb object at 0x7907fa4e5cc0>, main=<bound method ListVerb.main of <colcon_package_information.verb.list.ListVerb object at 0x7907fa4e5cc0>>, mixin_verb=('list',))
[0.150s] Level 1:colcon.colcon_core.package_discovery:discover_packages(colcon_meta) check parameters
[0.150s] Level 1:colcon.colcon_core.package_discovery:discover_packages(recursive) check parameters
[0.150s] Level 1:colcon.colcon_core.package_discovery:discover_packages(ignore) check parameters
[0.150s] Level 1:colcon.colcon_core.package_discovery:discover_packages(path) check parameters
[0.150s] Level 1:colcon.colcon_core.package_discovery:discover_packages(recursive) discover
[0.150s] INFO:colcon.colcon_core.package_discovery:Crawling recursively for packages in '/home/kai137/ee4308'
[0.150s] Level 1:colcon.colcon_core.package_identification:_identify(/home/kai137/ee4308) by extensions ['ignore', 'ignore_ament_install']
[0.150s] Level 1:colcon.colcon_core.package_identification:_identify(/home/kai137/ee4308) by extension 'ignore'
[0.150s] Level 1:colcon.colcon_core.package_identification:_identify(/home/kai137/ee4308) by extension 'ignore_ament_install'
[0.150s] Level 1:colcon.colcon_core.package_identification:_identify(/home/kai137/ee4308) by extensions ['colcon_pkg']
[0.150s] Level 1:colcon.colcon_core.package_identification:_identify(/home/kai137/ee4308) by extension 'colcon_pkg'
[0.150s] Level 1:colcon.colcon_core.package_identification:_identify(/home/kai137/ee4308) by extensions ['colcon_meta']
[0.150s] Level 1:colcon.colcon_core.package_identification:_identify(/home/kai137/ee4308) by extension 'colcon_meta'
[0.150s] Level 1:colcon.colcon_core.package_identification:_identify(/home/kai137/ee4308) by extensions ['ros']
[0.150s] Level 1:colcon.colcon_core.package_identification:_identify(/home/kai137/ee4308) by extension 'ros'
[0.157s] Level 1:colcon.colcon_core.package_identification:_identify(/home/kai137/ee4308) by extensions ['cmake', 'python']
[0.157s] Level 1:colcon.colcon_core.package_identification:_identify(/home/kai137/ee4308) by extension 'cmake'
[0.157s] Level 1:colcon.colcon_core.package_identification:_identify(/home/kai137/ee4308) by extension 'python'
[0.157s] Level 1:colcon.colcon_core.package_identification:_identify(/home/kai137/ee4308) by extensions ['python_setup_py']
[0.157s] Level 1:colcon.colcon_core.package_identification:_identify(/home/kai137/ee4308) by extension 'python_setup_py'
[0.158s] Level 1:colcon.colcon_core.package_identification:_identify(/home/kai137/ee4308/build) by extensions ['ignore', 'ignore_ament_install']
[0.158s] Level 1:colcon.colcon_core.package_identification:_identify(/home/kai137/ee4308/build) by extension 'ignore'
[0.158s] Level 1:colcon.colcon_core.package_identification:_identify(/home/kai137/ee4308/build) ignored
[0.158s] Level 1:colcon.colcon_core.package_identification:_identify(/home/kai137/ee4308/docs) by extensions ['ignore', 'ignore_ament_install']
[0.158s] Level 1:colcon.colcon_core.package_identification:_identify(/home/kai137/ee4308/docs) by extension 'ignore'
[0.158s] Level 1:colcon.colcon_core.package_identification:_identify(/home/kai137/ee4308/docs) by extension 'ignore_ament_install'
[0.158s] Level 1:colcon.colcon_core.package_identification:_identify(/home/kai137/ee4308/docs) by extensions ['colcon_pkg']
[0.158s] Level 1:colcon.colcon_core.package_identification:_identify(/home/kai137/ee4308/docs) by extension 'colcon_pkg'
[0.158s] Level 1:colcon.colcon_core.package_identification:_identify(/home/kai137/ee4308/docs) by extensions ['colcon_meta']
[0.158s] Level 1:colcon.colcon_core.package_identification:_identify(/home/kai137/ee4308/docs) by extension 'colcon_meta'
[0.158s] Level 1:colcon.colcon_core.package_identification:_identify(/home/kai137/ee4308/docs) by extensions ['ros']
[0.158s] Level 1:colcon.colcon_core.package_identification:_identify(/home/kai137/ee4308/docs) by extension 'ros'
[0.158s] Level 1:colcon.colcon_core.package_identification:_identify(/home/kai137/ee4308/docs) by extensions ['cmake', 'python']
[0.158s] Level 1:colcon.colcon_core.package_identification:_identify(/home/kai137/ee4308/docs) by extension 'cmake'
[0.158s] Level 1:colcon.colcon_core.package_identification:_identify(/home/kai137/ee4308/docs) by extension 'python'
[0.158s] Level 1:colcon.colcon_core.package_identification:_identify(/home/kai137/ee4308/docs) by extensions ['python_setup_py']
[0.158s] Level 1:colcon.colcon_core.package_identification:_identify(/home/kai137/ee4308/docs) by extension 'python_setup_py'
[0.158s] Level 1:colcon.colcon_core.package_identification:_identify(/home/kai137/ee4308/docs/img) by extensions ['ignore', 'ignore_ament_install']
[0.158s] Level 1:colcon.colcon_core.package_identification:_identify(/home/kai137/ee4308/docs/img) by extension 'ignore'
[0.158s] Level 1:colcon.colcon_core.package_identification:_identify(/home/kai137/ee4308/docs/img) by extension 'ignore_ament_install'
[0.158s] Level 1:colcon.colcon_core.package_identification:_identify(/home/kai137/ee4308/docs/img) by extensions ['colcon_pkg']
[0.158s] Level 1:colcon.colcon_core.package_identification:_identify(/home/kai137/ee4308/docs/img) by extension 'colcon_pkg'
[0.158s] Level 1:colcon.colcon_core.package_identification:_identify(/home/kai137/ee4308/docs/img) by extensions ['colcon_meta']
[0.158s] Level 1:colcon.colcon_core.package_identification:_identify(/home/kai137/ee4308/docs/img) by extension 'colcon_meta'
[0.158s] Level 1:colcon.colcon_core.package_identification:_identify(/home/kai137/ee4308/docs/img) by extensions ['ros']
[0.158s] Level 1:colcon.colcon_core.package_identification:_identify(/home/kai137/ee4308/docs/img) by extension 'ros'
[0.158s] Level 1:colcon.colcon_core.package_identification:_identify(/home/kai137/ee4308/docs/img) by extensions ['cmake', 'python']
[0.158s] Level 1:colcon.colcon_core.package_identification:_identify(/home/kai137/ee4308/docs/img) by extension 'cmake'
[0.158s] Level 1:colcon.colcon_core.package_identification:_identify(/home/kai137/ee4308/docs/img) by extension 'python'
[0.158s] Level 1:colcon.colcon_core.package_identification:_identify(/home/kai137/ee4308/docs/img) by extensions ['python_setup_py']
[0.158s] Level 1:colcon.colcon_core.package_identification:_identify(/home/kai137/ee4308/docs/img) by extension 'python_setup_py'
[0.158s] Level 1:colcon.colcon_core.package_identification:_identify(/home/kai137/ee4308/install) by extensions ['ignore', 'ignore_ament_install']
[0.159s] Level 1:colcon.colcon_core.package_identification:_identify(/home/kai137/ee4308/install) by extension 'ignore'
[0.159s] Level 1:colcon.colcon_core.package_identification:_identify(/home/kai137/ee4308/install) ignored
[0.159s] Level 1:colcon.colcon_core.package_identification:_identify(/home/kai137/ee4308/log) by extensions ['ignore', 'ignore_ament_install']
[0.159s] Level 1:colcon.colcon_core.package_identification:_identify(/home/kai137/ee4308/log) by extension 'ignore'
[0.159s] Level 1:colcon.colcon_core.package_identification:_identify(/home/kai137/ee4308/log) ignored
[0.159s] Level 1:colcon.colcon_core.package_identification:_identify(/home/kai137/ee4308/src) by extensions ['ignore', 'ignore_ament_install']
[0.159s] Level 1:colcon.colcon_core.package_identification:_identify(/home/kai137/ee4308/src) by extension 'ignore'
[0.159s] Level 1:colcon.colcon_core.package_identification:_identify(/home/kai137/ee4308/src) by extension 'ignore_ament_install'
[0.159s] Level 1:colcon.colcon_core.package_identification:_identify(/home/kai137/ee4308/src) by extensions ['colcon_pkg']
[0.159s] Level 1:colcon.colcon_core.package_identification:_identify(/home/kai137/ee4308/src) by extension 'colcon_pkg'
[0.159s] Level 1:colcon.colcon_core.package_identification:_identify(/home/kai137/ee4308/src) by extensions ['colcon_meta']
[0.159s] Level 1:colcon.colcon_core.package_identification:_identify(/home/kai137/ee4308/src) by extension 'colcon_meta'
[0.159s] Level 1:colcon.colcon_core.package_identification:_identify(/home/kai137/ee4308/src) by extensions ['ros']
[0.159s] Level 1:colcon.colcon_core.package_identification:_identify(/home/kai137/ee4308/src) by extension 'ros'
[0.159s] Level 1:colcon.colcon_core.package_identification:_identify(/home/kai137/ee4308/src) by extensions ['cmake', 'python']
[0.159s] Level 1:colcon.colcon_core.package_identification:_identify(/home/kai137/ee4308/src) by extension 'cmake'
[0.159s] Level 1:colcon.colcon_core.package_identification:_identify(/home/kai137/ee4308/src) by extension 'python'
[0.159s] Level 1:colcon.colcon_core.package_identification:_identify(/home/kai137/ee4308/src) by extensions ['python_setup_py']
[0.159s] Level 1:colcon.colcon_core.package_identification:_identify(/home/kai137/ee4308/src) by extension 'python_setup_py'
[0.159s] Level 1:colcon.colcon_core.package_identification:_identify(/home/kai137/ee4308/src/ee4308_bringup) by extensions ['ignore', 'ignore_ament_install']
[0.159s] Level 1:colcon.colcon_core.package_identification:_identify(/home/kai137/ee4308/src/ee4308_bringup) by extension 'ignore'
[0.159s] Level 1:colcon.colcon_core.package_identification:_identify(/home/kai137/ee4308/src/ee4308_bringup) by extension 'ignore_ament_install'
[0.159s] Level 1:colcon.colcon_core.package_identification:_identify(/home/kai137/ee4308/src/ee4308_bringup) by extensions ['colcon_pkg']
[0.159s] Level 1:colcon.colcon_core.package_identification:_identify(/home/kai137/ee4308/src/ee4308_bringup) by extension 'colcon_pkg'
[0.159s] Level 1:colcon.colcon_core.package_identification:_identify(/home/kai137/ee4308/src/ee4308_bringup) by extensions ['colcon_meta']
[0.159s] Level 1:colcon.colcon_core.package_identification:_identify(/home/kai137/ee4308/src/ee4308_bringup) by extension 'colcon_meta'
[0.159s] Level 1:colcon.colcon_core.package_identification:_identify(/home/kai137/ee4308/src/ee4308_bringup) by extensions ['ros']
[0.159s] Level 1:colcon.colcon_core.package_identification:_identify(/home/kai137/ee4308/src/ee4308_bringup) by extension 'ros'
[0.161s] DEBUG:colcon.colcon_core.package_identification:Package '/home/kai137/ee4308/src/ee4308_bringup' with type 'ros.ament_cmake' and name 'ee4308_bringup'
[0.161s] Level 1:colcon.colcon_core.package_identification:_identify(/home/kai137/ee4308/src/ee4308_core) by extensions ['ignore', 'ignore_ament_install']
[0.161s] Level 1:colcon.colcon_core.package_identification:_identify(/home/kai137/ee4308/src/ee4308_core) by extension 'ignore'
[0.161s] Level 1:colcon.colcon_core.package_identification:_identify(/home/kai137/ee4308/src/ee4308_core) by extension 'ignore_ament_install'
[0.161s] Level 1:colcon.colcon_core.package_identification:_identify(/home/kai137/ee4308/src/ee4308_core) by extensions ['colcon_pkg']
[0.161s] Level 1:colcon.colcon_core.package_identification:_identify(/home/kai137/ee4308/src/ee4308_core) by extension 'colcon_pkg'
[0.161s] Level 1:colcon.colcon_core.package_identification:_identify(/home/kai137/ee4308/src/ee4308_core) by extensions ['colcon_meta']
[0.161s] Level 1:colcon.colcon_core.package_identification:_identify(/home/kai137/ee4308/src/ee4308_core) by extension 'colcon_meta'
[0.161s] Level 1:colcon.colcon_core.package_identification:_identify(/home/kai137/ee4308/src/ee4308_core) by extensions ['ros']
[0.161s] Level 1:colcon.colcon_core.package_identification:_identify(/home/kai137/ee4308/src/ee4308_core) by extension 'ros'
[0.162s] DEBUG:colcon.colcon_core.package_identification:Package '/home/kai137/ee4308/src/ee4308_core' with type 'ros.ament_cmake' and name 'ee4308_core'
[0.162s] Level 1:colcon.colcon_core.package_identification:_identify(/home/kai137/ee4308/src/ee4308_turtle) by extensions ['ignore', 'ignore_ament_install']
[0.162s] Level 1:colcon.colcon_core.package_identification:_identify(/home/kai137/ee4308/src/ee4308_turtle) by extension 'ignore'
[0.162s] Level 1:colcon.colcon_core.package_identification:_identify(/home/kai137/ee4308/src/ee4308_turtle) by extension 'ignore_ament_install'
[0.162s] Level 1:colcon.colcon_core.package_identification:_identify(/home/kai137/ee4308/src/ee4308_turtle) by extensions ['colcon_pkg']
[0.162s] Level 1:colcon.colcon_core.package_identification:_identify(/home/kai137/ee4308/src/ee4308_turtle) by extension 'colcon_pkg'
[0.162s] Level 1:colcon.colcon_core.package_identification:_identify(/home/kai137/ee4308/src/ee4308_turtle) by extensions ['colcon_meta']
[0.162s] Level 1:colcon.colcon_core.package_identification:_identify(/home/kai137/ee4308/src/ee4308_turtle) by extension 'colcon_meta'
[0.162s] Level 1:colcon.colcon_core.package_identification:_identify(/home/kai137/ee4308/src/ee4308_turtle) by extensions ['ros']
[0.162s] Level 1:colcon.colcon_core.package_identification:_identify(/home/kai137/ee4308/src/ee4308_turtle) by extension 'ros'
[0.163s] DEBUG:colcon.colcon_core.package_identification:Package '/home/kai137/ee4308/src/ee4308_turtle' with type 'ros.ament_cmake' and name 'ee4308_turtle'
[0.163s] Level 1:colcon.colcon_core.package_discovery:discover_packages(recursive) using defaults
