[0.005s] Invoking command in '/home/kai137/ee4308/build/ee4308_turtle': AMENT_PREFIX_PATH=/home/kai137/ee4308/install/ee4308_core:${AMENT_PREFIX_PATH} CMAKE_PREFIX_PATH=/home/kai137/ee4308/install/ee4308_core:/opt/ros/humble /usr/bin/cmake /home/kai137/ee4308/src/ee4308_turtle -DAMENT_CMAKE_SYMLINK_INSTALL=1 -DCMAKE_INSTALL_PREFIX=/home/kai137/ee4308/install/ee4308_turtle
[0.047s] -- The C compiler identification is GNU 11.4.0
[0.089s] -- The CXX compiler identification is GNU 11.4.0
[0.093s] -- Detecting C compiler ABI info
[0.147s] -- Detecting C compiler ABI info - done
[0.155s] -- Check for working C compiler: /usr/bin/cc - skipped
[0.155s] -- Detecting C compile features
[0.155s] -- Detecting C compile features - done
[0.158s] -- Detecting CXX compiler ABI info
[0.213s] -- Detecting CXX compiler ABI info - done
[0.220s] -- Check for working CXX compiler: /usr/bin/c++ - skipped
[0.220s] -- Detecting CXX compile features
[0.220s] -- Detecting CXX compile features - done
[0.222s] -- Found ament_cmake: 1.3.11 (/opt/ros/humble/share/ament_cmake/cmake)
[0.332s] -- Found Python3: /usr/bin/python3 (found version "3.10.12") found components: Interpreter 
[0.369s] -- Override CMake install command with custom implementation using symlinks instead of copying resources
[0.381s] -- Found rclcpp: 16.0.11 (/opt/ros/humble/share/rclcpp/cmake)
[0.402s] -- Found rosidl_generator_c: 3.1.6 (/opt/ros/humble/share/rosidl_generator_c/cmake)
[0.404s] -- Found rosidl_adapter: 3.1.6 (/opt/ros/humble/share/rosidl_adapter/cmake)
[0.408s] -- Found rosidl_generator_cpp: 3.1.6 (/opt/ros/humble/share/rosidl_generator_cpp/cmake)
[0.414s] -- Using all available rosidl_typesupport_c: rosidl_typesupport_fastrtps_c;rosidl_typesupport_introspection_c
[0.423s] -- Using all available rosidl_typesupport_cpp: rosidl_typesupport_fastrtps_cpp;rosidl_typesupport_introspection_cpp
[0.445s] -- Found rmw_implementation_cmake: 6.1.2 (/opt/ros/humble/share/rmw_implementation_cmake/cmake)
[0.446s] -- Found rmw_fastrtps_cpp: 6.2.7 (/opt/ros/humble/share/rmw_fastrtps_cpp/cmake)
[0.515s] -- Found OpenSSL: /usr/lib/x86_64-linux-gnu/libcrypto.so (found version "3.0.2")  
[0.540s] -- Found FastRTPS: /opt/ros/humble/include  
[0.565s] -- Using RMW implementation 'rmw_fastrtps_cpp' as default
[0.570s] -- Looking for pthread.h
[0.629s] -- Looking for pthread.h - found
[0.629s] -- Performing Test CMAKE_HAVE_LIBC_PTHREAD
[0.689s] -- Performing Test CMAKE_HAVE_LIBC_PTHREAD - Success
[0.690s] -- Found Threads: TRUE  
[0.721s] -- Found rclcpp_lifecycle: 16.0.11 (/opt/ros/humble/share/rclcpp_lifecycle/cmake)
[0.731s] -- Found sensor_msgs: 4.2.4 (/opt/ros/humble/share/sensor_msgs/cmake)
[0.748s] -- Found nav_msgs: 4.2.4 (/opt/ros/humble/share/nav_msgs/cmake)
[0.758s] -- Found tf2: 0.25.11 (/opt/ros/humble/share/tf2/cmake)
[0.763s] -- Found tf2_ros: 0.25.11 (/opt/ros/humble/share/tf2_ros/cmake)
[0.815s] [31mCMake Error at CMakeLists.txt:20 (find_package):
[0.815s]   By not providing "Findnav2_common.cmake" in CMAKE_MODULE_PATH this project
[0.815s]   has asked CMake to find a package configuration file provided by
[0.815s]   "nav2_common", but CMake did not find one.
[0.815s] 
[0.815s]   Could not find a package configuration file provided by "nav2_common" with
[0.815s]   any of the following names:
[0.815s] 
[0.815s]     nav2_commonConfig.cmake
[0.815s]     nav2_common-config.cmake
[0.815s] 
[0.815s]   Add the installation prefix of "nav2_common" to CMAKE_PREFIX_PATH or set
[0.815s]   "nav2_common_DIR" to a directory containing one of the above files.  If
[0.815s]   "nav2_common" provides a separate development package or SDK, be sure it
[0.815s]   has been installed.
[0.815s] 
[0.815s] [0m
[0.815s] -- Configuring incomplete, errors occurred!
[0.815s] See also "/home/kai137/ee4308/build/ee4308_turtle/CMakeFiles/CMakeOutput.log".
[0.821s] Invoked command in '/home/kai137/ee4308/build/ee4308_turtle' returned '1': AMENT_PREFIX_PATH=/home/kai137/ee4308/install/ee4308_core:${AMENT_PREFIX_PATH} CMAKE_PREFIX_PATH=/home/kai137/ee4308/install/ee4308_core:/opt/ros/humble /usr/bin/cmake /home/kai137/ee4308/src/ee4308_turtle -DAMENT_CMAKE_SYMLINK_INSTALL=1 -DCMAKE_INSTALL_PREFIX=/home/kai137/ee4308/install/ee4308_turtle
