[0.057s] DEBUG:colcon:Command line arguments: ['/usr/bin/colcon', 'build', '--symlink-install']
[0.058s] DEBUG:colcon:Parsed command line arguments: Namespace(log_base=None, log_level=None, verb_name='build', build_base='build', install_base='install', merge_install=False, symlink_install=True, test_result_base=None, continue_on_error=False, executor='parallel', parallel_workers=16, event_handlers=None, ignore_user_meta=False, metas=['./colcon.meta'], base_paths=['.'], packages_ignore=None, packages_ignore_regex=None, paths=None, packages_up_to=None, packages_up_to_regex=None, packages_above=None, packages_above_and_dependencies=None, packages_above_depth=None, packages_select_by_dep=None, packages_skip_by_dep=None, packages_skip_up_to=None, packages_select_build_failed=False, packages_skip_build_finished=False, packages_select_test_failures=False, packages_skip_test_passed=False, packages_select=None, packages_skip=None, packages_select_regex=None, packages_skip_regex=None, packages_start=None, packages_end=None, allow_overriding=[], cmake_args=None, cmake_target=None, cmake_target_skip_unavailable=False, cmake_clean_cache=False, cmake_clean_first=False, cmake_force_configure=False, ament_cmake_args=None, catkin_cmake_args=None, catkin_skip_building_tests=False, mixin_files=None, mixin=None, verb_parser=<colcon_mixin.mixin.mixin_argument.MixinArgumentDecorator object at 0x7f574916ca00>, verb_extension=<colcon_core.verb.build.BuildVerb object at 0x7f5749275870>, main=<bound method BuildVerb.main of <colcon_core.verb.build.BuildVerb object at 0x7f5749275870>>, mixin_verb=('build',))
[0.141s] Level 1:colcon.colcon_core.package_discovery:discover_packages(colcon_meta) check parameters
[0.141s] Level 1:colcon.colcon_core.package_discovery:discover_packages(recursive) check parameters
[0.141s] Level 1:colcon.colcon_core.package_discovery:discover_packages(ignore) check parameters
[0.141s] Level 1:colcon.colcon_core.package_discovery:discover_packages(path) check parameters
[0.141s] Level 1:colcon.colcon_core.package_discovery:discover_packages(colcon_meta) discover
[0.142s] Level 1:colcon.colcon_core.package_discovery:discover_packages(recursive) discover
[0.142s] INFO:colcon.colcon_core.package_discovery:Crawling recursively for packages in '/home/kai137/ee4308'
[0.142s] Level 1:colcon.colcon_core.package_identification:_identify(.) by extensions ['ignore', 'ignore_ament_install']
[0.142s] Level 1:colcon.colcon_core.package_identification:_identify(.) by extension 'ignore'
[0.142s] Level 1:colcon.colcon_core.package_identification:_identify(.) by extension 'ignore_ament_install'
[0.142s] Level 1:colcon.colcon_core.package_identification:_identify(.) by extensions ['colcon_pkg']
[0.142s] Level 1:colcon.colcon_core.package_identification:_identify(.) by extension 'colcon_pkg'
[0.142s] Level 1:colcon.colcon_core.package_identification:_identify(.) by extensions ['colcon_meta']
[0.142s] Level 1:colcon.colcon_core.package_identification:_identify(.) by extension 'colcon_meta'
[0.142s] Level 1:colcon.colcon_core.package_identification:_identify(.) by extensions ['ros']
[0.142s] Level 1:colcon.colcon_core.package_identification:_identify(.) by extension 'ros'
[0.148s] Level 1:colcon.colcon_core.package_identification:_identify(.) by extensions ['cmake', 'python']
[0.148s] Level 1:colcon.colcon_core.package_identification:_identify(.) by extension 'cmake'
[0.148s] Level 1:colcon.colcon_core.package_identification:_identify(.) by extension 'python'
[0.148s] Level 1:colcon.colcon_core.package_identification:_identify(.) by extensions ['python_setup_py']
[0.148s] Level 1:colcon.colcon_core.package_identification:_identify(.) by extension 'python_setup_py'
[0.148s] Level 1:colcon.colcon_core.package_identification:_identify(build) by extensions ['ignore', 'ignore_ament_install']
[0.148s] Level 1:colcon.colcon_core.package_identification:_identify(build) by extension 'ignore'
[0.148s] Level 1:colcon.colcon_core.package_identification:_identify(build) ignored
[0.148s] Level 1:colcon.colcon_core.package_identification:_identify(docs) by extensions ['ignore', 'ignore_ament_install']
[0.149s] Level 1:colcon.colcon_core.package_identification:_identify(docs) by extension 'ignore'
[0.149s] Level 1:colcon.colcon_core.package_identification:_identify(docs) by extension 'ignore_ament_install'
[0.149s] Level 1:colcon.colcon_core.package_identification:_identify(docs) by extensions ['colcon_pkg']
[0.149s] Level 1:colcon.colcon_core.package_identification:_identify(docs) by extension 'colcon_pkg'
[0.149s] Level 1:colcon.colcon_core.package_identification:_identify(docs) by extensions ['colcon_meta']
[0.149s] Level 1:colcon.colcon_core.package_identification:_identify(docs) by extension 'colcon_meta'
[0.149s] Level 1:colcon.colcon_core.package_identification:_identify(docs) by extensions ['ros']
[0.149s] Level 1:colcon.colcon_core.package_identification:_identify(docs) by extension 'ros'
[0.149s] Level 1:colcon.colcon_core.package_identification:_identify(docs) by extensions ['cmake', 'python']
[0.149s] Level 1:colcon.colcon_core.package_identification:_identify(docs) by extension 'cmake'
[0.149s] Level 1:colcon.colcon_core.package_identification:_identify(docs) by extension 'python'
[0.149s] Level 1:colcon.colcon_core.package_identification:_identify(docs) by extensions ['python_setup_py']
[0.149s] Level 1:colcon.colcon_core.package_identification:_identify(docs) by extension 'python_setup_py'
[0.149s] Level 1:colcon.colcon_core.package_identification:_identify(docs/img) by extensions ['ignore', 'ignore_ament_install']
[0.149s] Level 1:colcon.colcon_core.package_identification:_identify(docs/img) by extension 'ignore'
[0.149s] Level 1:colcon.colcon_core.package_identification:_identify(docs/img) by extension 'ignore_ament_install'
[0.149s] Level 1:colcon.colcon_core.package_identification:_identify(docs/img) by extensions ['colcon_pkg']
[0.149s] Level 1:colcon.colcon_core.package_identification:_identify(docs/img) by extension 'colcon_pkg'
[0.149s] Level 1:colcon.colcon_core.package_identification:_identify(docs/img) by extensions ['colcon_meta']
[0.149s] Level 1:colcon.colcon_core.package_identification:_identify(docs/img) by extension 'colcon_meta'
[0.149s] Level 1:colcon.colcon_core.package_identification:_identify(docs/img) by extensions ['ros']
[0.149s] Level 1:colcon.colcon_core.package_identification:_identify(docs/img) by extension 'ros'
[0.149s] Level 1:colcon.colcon_core.package_identification:_identify(docs/img) by extensions ['cmake', 'python']
[0.149s] Level 1:colcon.colcon_core.package_identification:_identify(docs/img) by extension 'cmake'
[0.149s] Level 1:colcon.colcon_core.package_identification:_identify(docs/img) by extension 'python'
[0.149s] Level 1:colcon.colcon_core.package_identification:_identify(docs/img) by extensions ['python_setup_py']
[0.149s] Level 1:colcon.colcon_core.package_identification:_identify(docs/img) by extension 'python_setup_py'
[0.149s] Level 1:colcon.colcon_core.package_identification:_identify(install) by extensions ['ignore', 'ignore_ament_install']
[0.149s] Level 1:colcon.colcon_core.package_identification:_identify(install) by extension 'ignore'
[0.149s] Level 1:colcon.colcon_core.package_identification:_identify(install) ignored
[0.149s] Level 1:colcon.colcon_core.package_identification:_identify(log) by extensions ['ignore', 'ignore_ament_install']
[0.149s] Level 1:colcon.colcon_core.package_identification:_identify(log) by extension 'ignore'
[0.149s] Level 1:colcon.colcon_core.package_identification:_identify(log) ignored
[0.149s] Level 1:colcon.colcon_core.package_identification:_identify(src) by extensions ['ignore', 'ignore_ament_install']
[0.149s] Level 1:colcon.colcon_core.package_identification:_identify(src) by extension 'ignore'
[0.149s] Level 1:colcon.colcon_core.package_identification:_identify(src) by extension 'ignore_ament_install'
[0.150s] Level 1:colcon.colcon_core.package_identification:_identify(src) by extensions ['colcon_pkg']
[0.150s] Level 1:colcon.colcon_core.package_identification:_identify(src) by extension 'colcon_pkg'
[0.150s] Level 1:colcon.colcon_core.package_identification:_identify(src) by extensions ['colcon_meta']
[0.150s] Level 1:colcon.colcon_core.package_identification:_identify(src) by extension 'colcon_meta'
[0.150s] Level 1:colcon.colcon_core.package_identification:_identify(src) by extensions ['ros']
[0.150s] Level 1:colcon.colcon_core.package_identification:_identify(src) by extension 'ros'
[0.150s] Level 1:colcon.colcon_core.package_identification:_identify(src) by extensions ['cmake', 'python']
[0.150s] Level 1:colcon.colcon_core.package_identification:_identify(src) by extension 'cmake'
[0.150s] Level 1:colcon.colcon_core.package_identification:_identify(src) by extension 'python'
[0.150s] Level 1:colcon.colcon_core.package_identification:_identify(src) by extensions ['python_setup_py']
[0.150s] Level 1:colcon.colcon_core.package_identification:_identify(src) by extension 'python_setup_py'
[0.150s] Level 1:colcon.colcon_core.package_identification:_identify(src/ee4308_bringup) by extensions ['ignore', 'ignore_ament_install']
[0.150s] Level 1:colcon.colcon_core.package_identification:_identify(src/ee4308_bringup) by extension 'ignore'
[0.150s] Level 1:colcon.colcon_core.package_identification:_identify(src/ee4308_bringup) by extension 'ignore_ament_install'
[0.150s] Level 1:colcon.colcon_core.package_identification:_identify(src/ee4308_bringup) by extensions ['colcon_pkg']
[0.150s] Level 1:colcon.colcon_core.package_identification:_identify(src/ee4308_bringup) by extension 'colcon_pkg'
[0.150s] Level 1:colcon.colcon_core.package_identification:_identify(src/ee4308_bringup) by extensions ['colcon_meta']
[0.150s] Level 1:colcon.colcon_core.package_identification:_identify(src/ee4308_bringup) by extension 'colcon_meta'
[0.150s] Level 1:colcon.colcon_core.package_identification:_identify(src/ee4308_bringup) by extensions ['ros']
[0.150s] Level 1:colcon.colcon_core.package_identification:_identify(src/ee4308_bringup) by extension 'ros'
[0.151s] DEBUG:colcon.colcon_core.package_identification:Package 'src/ee4308_bringup' with type 'ros.ament_cmake' and name 'ee4308_bringup'
[0.151s] Level 1:colcon.colcon_core.package_identification:_identify(src/ee4308_core) by extensions ['ignore', 'ignore_ament_install']
[0.151s] Level 1:colcon.colcon_core.package_identification:_identify(src/ee4308_core) by extension 'ignore'
[0.152s] Level 1:colcon.colcon_core.package_identification:_identify(src/ee4308_core) by extension 'ignore_ament_install'
[0.152s] Level 1:colcon.colcon_core.package_identification:_identify(src/ee4308_core) by extensions ['colcon_pkg']
[0.152s] Level 1:colcon.colcon_core.package_identification:_identify(src/ee4308_core) by extension 'colcon_pkg'
[0.152s] Level 1:colcon.colcon_core.package_identification:_identify(src/ee4308_core) by extensions ['colcon_meta']
[0.152s] Level 1:colcon.colcon_core.package_identification:_identify(src/ee4308_core) by extension 'colcon_meta'
[0.152s] Level 1:colcon.colcon_core.package_identification:_identify(src/ee4308_core) by extensions ['ros']
[0.152s] Level 1:colcon.colcon_core.package_identification:_identify(src/ee4308_core) by extension 'ros'
[0.152s] DEBUG:colcon.colcon_core.package_identification:Package 'src/ee4308_core' with type 'ros.ament_cmake' and name 'ee4308_core'
[0.152s] Level 1:colcon.colcon_core.package_identification:_identify(src/ee4308_turtle) by extensions ['ignore', 'ignore_ament_install']
[0.152s] Level 1:colcon.colcon_core.package_identification:_identify(src/ee4308_turtle) by extension 'ignore'
[0.152s] Level 1:colcon.colcon_core.package_identification:_identify(src/ee4308_turtle) by extension 'ignore_ament_install'
[0.152s] Level 1:colcon.colcon_core.package_identification:_identify(src/ee4308_turtle) by extensions ['colcon_pkg']
[0.152s] Level 1:colcon.colcon_core.package_identification:_identify(src/ee4308_turtle) by extension 'colcon_pkg'
[0.152s] Level 1:colcon.colcon_core.package_identification:_identify(src/ee4308_turtle) by extensions ['colcon_meta']
[0.152s] Level 1:colcon.colcon_core.package_identification:_identify(src/ee4308_turtle) by extension 'colcon_meta'
[0.152s] Level 1:colcon.colcon_core.package_identification:_identify(src/ee4308_turtle) by extensions ['ros']
[0.152s] Level 1:colcon.colcon_core.package_identification:_identify(src/ee4308_turtle) by extension 'ros'
[0.153s] DEBUG:colcon.colcon_core.package_identification:Package 'src/ee4308_turtle' with type 'ros.ament_cmake' and name 'ee4308_turtle'
[0.153s] Level 1:colcon.colcon_core.package_discovery:discover_packages(recursive) using defaults
[0.153s] Level 1:colcon.colcon_core.package_discovery:discover_packages(ignore) discover
[0.153s] Level 1:colcon.colcon_core.package_discovery:discover_packages(ignore) using defaults
[0.153s] Level 1:colcon.colcon_core.package_discovery:discover_packages(path) discover
[0.153s] Level 1:colcon.colcon_core.package_discovery:discover_packages(path) using defaults
[0.171s] Level 1:colcon.colcon_core.package_discovery:discover_packages(prefix_path) check parameters
[0.171s] Level 1:colcon.colcon_core.package_discovery:discover_packages(prefix_path) discover
[0.172s] DEBUG:colcon.colcon_installed_package_information.package_discovery:Found 3 installed packages in /home/kai137/ee4308/install
[0.173s] DEBUG:colcon.colcon_installed_package_information.package_discovery:Found 328 installed packages in /opt/ros/humble
[0.174s] Level 1:colcon.colcon_core.package_discovery:discover_packages(prefix_path) using defaults
[0.194s] Level 5:colcon.colcon_core.verb:set package 'ee4308_bringup' build argument 'cmake_args' from command line to 'None'
[0.194s] Level 5:colcon.colcon_core.verb:set package 'ee4308_bringup' build argument 'cmake_target' from command line to 'None'
[0.194s] Level 5:colcon.colcon_core.verb:set package 'ee4308_bringup' build argument 'cmake_target_skip_unavailable' from command line to 'False'
[0.194s] Level 5:colcon.colcon_core.verb:set package 'ee4308_bringup' build argument 'cmake_clean_cache' from command line to 'False'
[0.195s] Level 5:colcon.colcon_core.verb:set package 'ee4308_bringup' build argument 'cmake_clean_first' from command line to 'False'
[0.195s] Level 5:colcon.colcon_core.verb:set package 'ee4308_bringup' build argument 'cmake_force_configure' from command line to 'False'
[0.195s] Level 5:colcon.colcon_core.verb:set package 'ee4308_bringup' build argument 'ament_cmake_args' from command line to 'None'
[0.195s] Level 5:colcon.colcon_core.verb:set package 'ee4308_bringup' build argument 'catkin_cmake_args' from command line to 'None'
[0.195s] Level 5:colcon.colcon_core.verb:set package 'ee4308_bringup' build argument 'catkin_skip_building_tests' from command line to 'False'
[0.195s] DEBUG:colcon.colcon_core.verb:Building package 'ee4308_bringup' with the following arguments: {'ament_cmake_args': None, 'build_base': '/home/kai137/ee4308/build/ee4308_bringup', 'catkin_cmake_args': None, 'catkin_skip_building_tests': False, 'cmake_args': None, 'cmake_clean_cache': False, 'cmake_clean_first': False, 'cmake_force_configure': False, 'cmake_target': None, 'cmake_target_skip_unavailable': False, 'install_base': '/home/kai137/ee4308/install/ee4308_bringup', 'merge_install': False, 'path': '/home/kai137/ee4308/src/ee4308_bringup', 'symlink_install': True, 'test_result_base': None}
[0.195s] Level 5:colcon.colcon_core.verb:set package 'ee4308_core' build argument 'cmake_args' from command line to 'None'
[0.195s] Level 5:colcon.colcon_core.verb:set package 'ee4308_core' build argument 'cmake_target' from command line to 'None'
[0.195s] Level 5:colcon.colcon_core.verb:set package 'ee4308_core' build argument 'cmake_target_skip_unavailable' from command line to 'False'
[0.195s] Level 5:colcon.colcon_core.verb:set package 'ee4308_core' build argument 'cmake_clean_cache' from command line to 'False'
[0.195s] Level 5:colcon.colcon_core.verb:set package 'ee4308_core' build argument 'cmake_clean_first' from command line to 'False'
[0.195s] Level 5:colcon.colcon_core.verb:set package 'ee4308_core' build argument 'cmake_force_configure' from command line to 'False'
[0.195s] Level 5:colcon.colcon_core.verb:set package 'ee4308_core' build argument 'ament_cmake_args' from command line to 'None'
[0.195s] Level 5:colcon.colcon_core.verb:set package 'ee4308_core' build argument 'catkin_cmake_args' from command line to 'None'
[0.195s] Level 5:colcon.colcon_core.verb:set package 'ee4308_core' build argument 'catkin_skip_building_tests' from command line to 'False'
[0.195s] DEBUG:colcon.colcon_core.verb:Building package 'ee4308_core' with the following arguments: {'ament_cmake_args': None, 'build_base': '/home/kai137/ee4308/build/ee4308_core', 'catkin_cmake_args': None, 'catkin_skip_building_tests': False, 'cmake_args': None, 'cmake_clean_cache': False, 'cmake_clean_first': False, 'cmake_force_configure': False, 'cmake_target': None, 'cmake_target_skip_unavailable': False, 'install_base': '/home/kai137/ee4308/install/ee4308_core', 'merge_install': False, 'path': '/home/kai137/ee4308/src/ee4308_core', 'symlink_install': True, 'test_result_base': None}
[0.195s] Level 5:colcon.colcon_core.verb:set package 'ee4308_turtle' build argument 'cmake_args' from command line to 'None'
[0.195s] Level 5:colcon.colcon_core.verb:set package 'ee4308_turtle' build argument 'cmake_target' from command line to 'None'
[0.195s] Level 5:colcon.colcon_core.verb:set package 'ee4308_turtle' build argument 'cmake_target_skip_unavailable' from command line to 'False'
[0.195s] Level 5:colcon.colcon_core.verb:set package 'ee4308_turtle' build argument 'cmake_clean_cache' from command line to 'False'
[0.195s] Level 5:colcon.colcon_core.verb:set package 'ee4308_turtle' build argument 'cmake_clean_first' from command line to 'False'
[0.195s] Level 5:colcon.colcon_core.verb:set package 'ee4308_turtle' build argument 'cmake_force_configure' from command line to 'False'
[0.195s] Level 5:colcon.colcon_core.verb:set package 'ee4308_turtle' build argument 'ament_cmake_args' from command line to 'None'
[0.195s] Level 5:colcon.colcon_core.verb:set package 'ee4308_turtle' build argument 'catkin_cmake_args' from command line to 'None'
[0.195s] Level 5:colcon.colcon_core.verb:set package 'ee4308_turtle' build argument 'catkin_skip_building_tests' from command line to 'False'
[0.195s] DEBUG:colcon.colcon_core.verb:Building package 'ee4308_turtle' with the following arguments: {'ament_cmake_args': None, 'build_base': '/home/kai137/ee4308/build/ee4308_turtle', 'catkin_cmake_args': None, 'catkin_skip_building_tests': False, 'cmake_args': None, 'cmake_clean_cache': False, 'cmake_clean_first': False, 'cmake_force_configure': False, 'cmake_target': None, 'cmake_target_skip_unavailable': False, 'install_base': '/home/kai137/ee4308/install/ee4308_turtle', 'merge_install': False, 'path': '/home/kai137/ee4308/src/ee4308_turtle', 'symlink_install': True, 'test_result_base': None}
[0.195s] INFO:colcon.colcon_core.executor:Executing jobs using 'parallel' executor
[0.196s] DEBUG:colcon.colcon_parallel_executor.executor.parallel:run_until_complete
[0.196s] INFO:colcon.colcon_ros.task.ament_cmake.build:Building ROS package in '/home/kai137/ee4308/src/ee4308_core' with build type 'ament_cmake'
[0.196s] INFO:colcon.colcon_cmake.task.cmake.build:Building CMake package in '/home/kai137/ee4308/src/ee4308_core'
[0.197s] INFO:colcon.colcon_core.plugin_system:Skipping extension 'colcon_core.shell.bat': Not used on non-Windows systems
[0.198s] INFO:colcon.colcon_core.shell:Skip shell extension 'powershell' for command environment: Not usable outside of PowerShell
[0.198s] DEBUG:colcon.colcon_core.shell:Skip shell extension 'dsv' for command environment
[0.200s] INFO:colcon.colcon_ros.task.ament_cmake.build:Building ROS package in '/home/kai137/ee4308/src/ee4308_bringup' with build type 'ament_cmake'
[0.200s] INFO:colcon.colcon_cmake.task.cmake.build:Building CMake package in '/home/kai137/ee4308/src/ee4308_bringup'
[0.200s] INFO:colcon.colcon_core.shell:Skip shell extension 'powershell' for command environment: Not usable outside of PowerShell
[0.200s] DEBUG:colcon.colcon_core.shell:Skip shell extension 'dsv' for command environment
[0.204s] DEBUG:colcon.colcon_core.event_handler.log_command:Invoking command in '/home/kai137/ee4308/build/ee4308_core': CMAKE_PREFIX_PATH=${CMAKE_PREFIX_PATH}:/opt/ros/humble /usr/bin/cmake --build /home/kai137/ee4308/build/ee4308_core -- -j16 -l16
[0.207s] DEBUG:colcon.colcon_core.event_handler.log_command:Invoking command in '/home/kai137/ee4308/build/ee4308_bringup': CMAKE_PREFIX_PATH=${CMAKE_PREFIX_PATH}:/opt/ros/humble /usr/bin/cmake --build /home/kai137/ee4308/build/ee4308_bringup -- -j16 -l16
[0.234s] DEBUG:colcon.colcon_core.event_handler.log_command:Invoked command in '/home/kai137/ee4308/build/ee4308_core' returned '0': CMAKE_PREFIX_PATH=${CMAKE_PREFIX_PATH}:/opt/ros/humble /usr/bin/cmake --build /home/kai137/ee4308/build/ee4308_core -- -j16 -l16
[0.240s] DEBUG:colcon.colcon_core.event_handler.log_command:Invoking command in '/home/kai137/ee4308/build/ee4308_core': CMAKE_PREFIX_PATH=${CMAKE_PREFIX_PATH}:/opt/ros/humble /usr/bin/cmake --install /home/kai137/ee4308/build/ee4308_core
[0.241s] DEBUG:colcon.colcon_core.event_handler.log_command:Invoked command in '/home/kai137/ee4308/build/ee4308_bringup' returned '0': CMAKE_PREFIX_PATH=${CMAKE_PREFIX_PATH}:/opt/ros/humble /usr/bin/cmake --build /home/kai137/ee4308/build/ee4308_bringup -- -j16 -l16
[0.241s] DEBUG:colcon.colcon_core.event_handler.log_command:Invoking command in '/home/kai137/ee4308/build/ee4308_bringup': CMAKE_PREFIX_PATH=${CMAKE_PREFIX_PATH}:/opt/ros/humble /usr/bin/cmake --install /home/kai137/ee4308/build/ee4308_bringup
[0.257s] Level 1:colcon.colcon_core.environment:create_environment_scripts_only(ee4308_core)
[0.257s] DEBUG:colcon.colcon_core.event_handler.log_command:Invoked command in '/home/kai137/ee4308/build/ee4308_core' returned '0': CMAKE_PREFIX_PATH=${CMAKE_PREFIX_PATH}:/opt/ros/humble /usr/bin/cmake --install /home/kai137/ee4308/build/ee4308_core
[0.259s] Level 1:colcon.colcon_core.environment:checking '/home/kai137/ee4308/install/ee4308_core' for CMake module files
[0.259s] Level 1:colcon.colcon_core.environment:checking '/home/kai137/ee4308/install/ee4308_core' for CMake config files
[0.260s] Level 1:colcon.colcon_core.shell:create_environment_hook('ee4308_core', 'cmake_prefix_path')
[0.260s] INFO:colcon.colcon_core.shell:Creating environment hook '/home/kai137/ee4308/install/ee4308_core/share/ee4308_core/hook/cmake_prefix_path.ps1'
[0.260s] INFO:colcon.colcon_core.shell:Creating environment descriptor '/home/kai137/ee4308/install/ee4308_core/share/ee4308_core/hook/cmake_prefix_path.dsv'
[0.260s] INFO:colcon.colcon_core.shell:Creating environment hook '/home/kai137/ee4308/install/ee4308_core/share/ee4308_core/hook/cmake_prefix_path.sh'
[0.261s] Level 1:colcon.colcon_core.environment:checking '/home/kai137/ee4308/install/ee4308_core/bin'
[0.261s] Level 1:colcon.colcon_core.environment:checking '/home/kai137/ee4308/install/ee4308_core/lib/pkgconfig/ee4308_core.pc'
[0.261s] Level 1:colcon.colcon_core.environment:checking '/home/kai137/ee4308/install/ee4308_core/lib/python3.10/site-packages'
[0.261s] Level 1:colcon.colcon_core.environment:checking '/home/kai137/ee4308/install/ee4308_core/bin'
[0.262s] INFO:colcon.colcon_core.shell:Creating package script '/home/kai137/ee4308/install/ee4308_core/share/ee4308_core/package.ps1'
[0.262s] INFO:colcon.colcon_core.shell:Creating package descriptor '/home/kai137/ee4308/install/ee4308_core/share/ee4308_core/package.dsv'
[0.262s] INFO:colcon.colcon_core.shell:Creating package script '/home/kai137/ee4308/install/ee4308_core/share/ee4308_core/package.sh'
[0.263s] INFO:colcon.colcon_core.shell:Creating package script '/home/kai137/ee4308/install/ee4308_core/share/ee4308_core/package.bash'
[0.263s] INFO:colcon.colcon_core.shell:Creating package script '/home/kai137/ee4308/install/ee4308_core/share/ee4308_core/package.zsh'
[0.264s] Level 1:colcon.colcon_core.environment:create_file_with_runtime_dependencies(/home/kai137/ee4308/install/ee4308_core/share/colcon-core/packages/ee4308_core)
[0.264s] Level 1:colcon.colcon_core.environment:create_environment_scripts_only(ee4308_core)
[0.264s] Level 1:colcon.colcon_core.environment:checking '/home/kai137/ee4308/install/ee4308_core' for CMake module files
[0.264s] Level 1:colcon.colcon_core.environment:checking '/home/kai137/ee4308/install/ee4308_core' for CMake config files
[0.265s] Level 1:colcon.colcon_core.shell:create_environment_hook('ee4308_core', 'cmake_prefix_path')
[0.265s] INFO:colcon.colcon_core.shell:Creating environment hook '/home/kai137/ee4308/install/ee4308_core/share/ee4308_core/hook/cmake_prefix_path.ps1'
[0.265s] INFO:colcon.colcon_core.shell:Creating environment descriptor '/home/kai137/ee4308/install/ee4308_core/share/ee4308_core/hook/cmake_prefix_path.dsv'
[0.265s] INFO:colcon.colcon_core.shell:Creating environment hook '/home/kai137/ee4308/install/ee4308_core/share/ee4308_core/hook/cmake_prefix_path.sh'
[0.265s] Level 1:colcon.colcon_core.environment:checking '/home/kai137/ee4308/install/ee4308_core/bin'
[0.266s] Level 1:colcon.colcon_core.environment:checking '/home/kai137/ee4308/install/ee4308_core/lib/pkgconfig/ee4308_core.pc'
[0.266s] Level 1:colcon.colcon_core.environment:checking '/home/kai137/ee4308/install/ee4308_core/lib/python3.10/site-packages'
[0.266s] Level 1:colcon.colcon_core.environment:checking '/home/kai137/ee4308/install/ee4308_core/bin'
[0.266s] INFO:colcon.colcon_core.shell:Creating package script '/home/kai137/ee4308/install/ee4308_core/share/ee4308_core/package.ps1'
[0.266s] INFO:colcon.colcon_core.shell:Creating package descriptor '/home/kai137/ee4308/install/ee4308_core/share/ee4308_core/package.dsv'
[0.267s] INFO:colcon.colcon_core.shell:Creating package script '/home/kai137/ee4308/install/ee4308_core/share/ee4308_core/package.sh'
[0.267s] INFO:colcon.colcon_core.shell:Creating package script '/home/kai137/ee4308/install/ee4308_core/share/ee4308_core/package.bash'
[0.267s] INFO:colcon.colcon_core.shell:Creating package script '/home/kai137/ee4308/install/ee4308_core/share/ee4308_core/package.zsh'
[0.267s] Level 1:colcon.colcon_core.environment:create_file_with_runtime_dependencies(/home/kai137/ee4308/install/ee4308_core/share/colcon-core/packages/ee4308_core)
[0.268s] INFO:colcon.colcon_ros.task.ament_cmake.build:Building ROS package in '/home/kai137/ee4308/src/ee4308_turtle' with build type 'ament_cmake'
[0.268s] INFO:colcon.colcon_cmake.task.cmake.build:Building CMake package in '/home/kai137/ee4308/src/ee4308_turtle'
[0.268s] INFO:colcon.colcon_core.shell:Skip shell extension 'powershell' for command environment: Not usable outside of PowerShell
[0.268s] DEBUG:colcon.colcon_core.shell:Skip shell extension 'dsv' for command environment
[0.270s] Level 1:colcon.colcon_core.environment:create_environment_scripts_only(ee4308_bringup)
[0.271s] Level 1:colcon.colcon_core.environment:checking '/home/kai137/ee4308/install/ee4308_bringup' for CMake module files
[0.271s] DEBUG:colcon.colcon_core.event_handler.log_command:Invoked command in '/home/kai137/ee4308/build/ee4308_bringup' returned '0': CMAKE_PREFIX_PATH=${CMAKE_PREFIX_PATH}:/opt/ros/humble /usr/bin/cmake --install /home/kai137/ee4308/build/ee4308_bringup
[0.271s] Level 1:colcon.colcon_core.environment:checking '/home/kai137/ee4308/install/ee4308_bringup' for CMake config files
[0.271s] Level 1:colcon.colcon_core.shell:create_environment_hook('ee4308_bringup', 'cmake_prefix_path')
[0.272s] INFO:colcon.colcon_core.shell:Creating environment hook '/home/kai137/ee4308/install/ee4308_bringup/share/ee4308_bringup/hook/cmake_prefix_path.ps1'
[0.272s] INFO:colcon.colcon_core.shell:Creating environment descriptor '/home/kai137/ee4308/install/ee4308_bringup/share/ee4308_bringup/hook/cmake_prefix_path.dsv'
[0.272s] INFO:colcon.colcon_core.shell:Creating environment hook '/home/kai137/ee4308/install/ee4308_bringup/share/ee4308_bringup/hook/cmake_prefix_path.sh'
[0.272s] Level 1:colcon.colcon_core.environment:checking '/home/kai137/ee4308/install/ee4308_bringup/bin'
[0.272s] Level 1:colcon.colcon_core.environment:checking '/home/kai137/ee4308/install/ee4308_bringup/lib/pkgconfig/ee4308_bringup.pc'
[0.273s] Level 1:colcon.colcon_core.environment:checking '/home/kai137/ee4308/install/ee4308_bringup/lib/python3.10/site-packages'
[0.273s] Level 1:colcon.colcon_core.environment:checking '/home/kai137/ee4308/install/ee4308_bringup/bin'
[0.273s] INFO:colcon.colcon_core.shell:Creating package script '/home/kai137/ee4308/install/ee4308_bringup/share/ee4308_bringup/package.ps1'
[0.273s] INFO:colcon.colcon_core.shell:Creating package descriptor '/home/kai137/ee4308/install/ee4308_bringup/share/ee4308_bringup/package.dsv'
[0.273s] INFO:colcon.colcon_core.shell:Creating package script '/home/kai137/ee4308/install/ee4308_bringup/share/ee4308_bringup/package.sh'
[0.274s] INFO:colcon.colcon_core.shell:Creating package script '/home/kai137/ee4308/install/ee4308_bringup/share/ee4308_bringup/package.bash'
[0.274s] INFO:colcon.colcon_core.shell:Creating package script '/home/kai137/ee4308/install/ee4308_bringup/share/ee4308_bringup/package.zsh'
[0.274s] Level 1:colcon.colcon_core.environment:create_file_with_runtime_dependencies(/home/kai137/ee4308/install/ee4308_bringup/share/colcon-core/packages/ee4308_bringup)
[0.274s] Level 1:colcon.colcon_core.environment:create_environment_scripts_only(ee4308_bringup)
[0.274s] Level 1:colcon.colcon_core.environment:checking '/home/kai137/ee4308/install/ee4308_bringup' for CMake module files
[0.275s] Level 1:colcon.colcon_core.environment:checking '/home/kai137/ee4308/install/ee4308_bringup' for CMake config files
[0.275s] Level 1:colcon.colcon_core.shell:create_environment_hook('ee4308_bringup', 'cmake_prefix_path')
[0.275s] INFO:colcon.colcon_core.shell:Creating environment hook '/home/kai137/ee4308/install/ee4308_bringup/share/ee4308_bringup/hook/cmake_prefix_path.ps1'
[0.275s] INFO:colcon.colcon_core.shell:Creating environment descriptor '/home/kai137/ee4308/install/ee4308_bringup/share/ee4308_bringup/hook/cmake_prefix_path.dsv'
[0.275s] INFO:colcon.colcon_core.shell:Creating environment hook '/home/kai137/ee4308/install/ee4308_bringup/share/ee4308_bringup/hook/cmake_prefix_path.sh'
[0.276s] Level 1:colcon.colcon_core.environment:checking '/home/kai137/ee4308/install/ee4308_bringup/bin'
[0.276s] Level 1:colcon.colcon_core.environment:checking '/home/kai137/ee4308/install/ee4308_bringup/lib/pkgconfig/ee4308_bringup.pc'
[0.276s] Level 1:colcon.colcon_core.environment:checking '/home/kai137/ee4308/install/ee4308_bringup/lib/python3.10/site-packages'
[0.276s] Level 1:colcon.colcon_core.environment:checking '/home/kai137/ee4308/install/ee4308_bringup/bin'
[0.276s] INFO:colcon.colcon_core.shell:Creating package script '/home/kai137/ee4308/install/ee4308_bringup/share/ee4308_bringup/package.ps1'
[0.277s] INFO:colcon.colcon_core.shell:Creating package descriptor '/home/kai137/ee4308/install/ee4308_bringup/share/ee4308_bringup/package.dsv'
[0.277s] INFO:colcon.colcon_core.shell:Creating package script '/home/kai137/ee4308/install/ee4308_bringup/share/ee4308_bringup/package.sh'
[0.277s] INFO:colcon.colcon_core.shell:Creating package script '/home/kai137/ee4308/install/ee4308_bringup/share/ee4308_bringup/package.bash'
[0.277s] INFO:colcon.colcon_core.shell:Creating package script '/home/kai137/ee4308/install/ee4308_bringup/share/ee4308_bringup/package.zsh'
[0.277s] Level 1:colcon.colcon_core.environment:create_file_with_runtime_dependencies(/home/kai137/ee4308/install/ee4308_bringup/share/colcon-core/packages/ee4308_bringup)
[0.280s] DEBUG:colcon.colcon_core.event_handler.log_command:Invoking command in '/home/kai137/ee4308/build/ee4308_turtle': CMAKE_PREFIX_PATH=/home/kai137/ee4308/install/ee4308_core:/home/kai137/ee4308/install/ee4308_turtle:/home/kai137/ee4308/install/ee4308_bringup:/opt/ros/humble /usr/bin/cmake --build /home/kai137/ee4308/build/ee4308_turtle -- -j16 -l16
[7.827s] DEBUG:colcon.colcon_core.event_handler.log_command:Invoked command in '/home/kai137/ee4308/build/ee4308_turtle' returned '0': CMAKE_PREFIX_PATH=/home/kai137/ee4308/install/ee4308_core:/home/kai137/ee4308/install/ee4308_turtle:/home/kai137/ee4308/install/ee4308_bringup:/opt/ros/humble /usr/bin/cmake --build /home/kai137/ee4308/build/ee4308_turtle -- -j16 -l16
[7.829s] DEBUG:colcon.colcon_core.event_handler.log_command:Invoking command in '/home/kai137/ee4308/build/ee4308_turtle': CMAKE_PREFIX_PATH=/home/kai137/ee4308/install/ee4308_core:/home/kai137/ee4308/install/ee4308_turtle:/home/kai137/ee4308/install/ee4308_bringup:/opt/ros/humble /usr/bin/cmake --install /home/kai137/ee4308/build/ee4308_turtle
[7.843s] Level 1:colcon.colcon_core.environment:create_environment_scripts_only(ee4308_turtle)
[7.844s] Level 1:colcon.colcon_core.environment:checking '/home/kai137/ee4308/install/ee4308_turtle' for CMake module files
[7.844s] DEBUG:colcon.colcon_core.event_handler.log_command:Invoked command in '/home/kai137/ee4308/build/ee4308_turtle' returned '0': CMAKE_PREFIX_PATH=/home/kai137/ee4308/install/ee4308_core:/home/kai137/ee4308/install/ee4308_turtle:/home/kai137/ee4308/install/ee4308_bringup:/opt/ros/humble /usr/bin/cmake --install /home/kai137/ee4308/build/ee4308_turtle
[7.844s] Level 1:colcon.colcon_core.environment:checking '/home/kai137/ee4308/install/ee4308_turtle' for CMake config files
[7.845s] Level 1:colcon.colcon_core.shell:create_environment_hook('ee4308_turtle', 'cmake_prefix_path')
[7.845s] INFO:colcon.colcon_core.shell:Creating environment hook '/home/kai137/ee4308/install/ee4308_turtle/share/ee4308_turtle/hook/cmake_prefix_path.ps1'
[7.845s] INFO:colcon.colcon_core.shell:Creating environment descriptor '/home/kai137/ee4308/install/ee4308_turtle/share/ee4308_turtle/hook/cmake_prefix_path.dsv'
[7.845s] INFO:colcon.colcon_core.shell:Creating environment hook '/home/kai137/ee4308/install/ee4308_turtle/share/ee4308_turtle/hook/cmake_prefix_path.sh'
[7.846s] Level 1:colcon.colcon_core.environment:checking '/home/kai137/ee4308/install/ee4308_turtle/lib'
[7.846s] Level 1:colcon.colcon_core.shell:create_environment_hook('ee4308_turtle', 'ld_library_path_lib')
[7.846s] INFO:colcon.colcon_core.shell:Creating environment hook '/home/kai137/ee4308/install/ee4308_turtle/share/ee4308_turtle/hook/ld_library_path_lib.ps1'
[7.846s] INFO:colcon.colcon_core.shell:Creating environment descriptor '/home/kai137/ee4308/install/ee4308_turtle/share/ee4308_turtle/hook/ld_library_path_lib.dsv'
[7.846s] INFO:colcon.colcon_core.shell:Creating environment hook '/home/kai137/ee4308/install/ee4308_turtle/share/ee4308_turtle/hook/ld_library_path_lib.sh'
[7.847s] Level 1:colcon.colcon_core.environment:checking '/home/kai137/ee4308/install/ee4308_turtle/bin'
[7.847s] Level 1:colcon.colcon_core.environment:checking '/home/kai137/ee4308/install/ee4308_turtle/lib/pkgconfig/ee4308_turtle.pc'
[7.847s] Level 1:colcon.colcon_core.environment:checking '/home/kai137/ee4308/install/ee4308_turtle/lib/python3.10/site-packages'
[7.847s] Level 1:colcon.colcon_core.environment:checking '/home/kai137/ee4308/install/ee4308_turtle/bin'
[7.847s] INFO:colcon.colcon_core.shell:Creating package script '/home/kai137/ee4308/install/ee4308_turtle/share/ee4308_turtle/package.ps1'
[7.847s] INFO:colcon.colcon_core.shell:Creating package descriptor '/home/kai137/ee4308/install/ee4308_turtle/share/ee4308_turtle/package.dsv'
[7.848s] INFO:colcon.colcon_core.shell:Creating package script '/home/kai137/ee4308/install/ee4308_turtle/share/ee4308_turtle/package.sh'
[7.848s] INFO:colcon.colcon_core.shell:Creating package script '/home/kai137/ee4308/install/ee4308_turtle/share/ee4308_turtle/package.bash'
[7.848s] INFO:colcon.colcon_core.shell:Creating package script '/home/kai137/ee4308/install/ee4308_turtle/share/ee4308_turtle/package.zsh'
[7.848s] Level 1:colcon.colcon_core.environment:create_file_with_runtime_dependencies(/home/kai137/ee4308/install/ee4308_turtle/share/colcon-core/packages/ee4308_turtle)
[7.849s] Level 1:colcon.colcon_core.environment:create_environment_scripts_only(ee4308_turtle)
[7.849s] Level 1:colcon.colcon_core.environment:checking '/home/kai137/ee4308/install/ee4308_turtle' for CMake module files
[7.849s] Level 1:colcon.colcon_core.environment:checking '/home/kai137/ee4308/install/ee4308_turtle' for CMake config files
[7.849s] Level 1:colcon.colcon_core.shell:create_environment_hook('ee4308_turtle', 'cmake_prefix_path')
[7.849s] INFO:colcon.colcon_core.shell:Creating environment hook '/home/kai137/ee4308/install/ee4308_turtle/share/ee4308_turtle/hook/cmake_prefix_path.ps1'
[7.850s] INFO:colcon.colcon_core.shell:Creating environment descriptor '/home/kai137/ee4308/install/ee4308_turtle/share/ee4308_turtle/hook/cmake_prefix_path.dsv'
[7.850s] INFO:colcon.colcon_core.shell:Creating environment hook '/home/kai137/ee4308/install/ee4308_turtle/share/ee4308_turtle/hook/cmake_prefix_path.sh'
[7.850s] Level 1:colcon.colcon_core.environment:checking '/home/kai137/ee4308/install/ee4308_turtle/lib'
[7.850s] Level 1:colcon.colcon_core.shell:create_environment_hook('ee4308_turtle', 'ld_library_path_lib')
[7.850s] INFO:colcon.colcon_core.shell:Creating environment hook '/home/kai137/ee4308/install/ee4308_turtle/share/ee4308_turtle/hook/ld_library_path_lib.ps1'
[7.850s] INFO:colcon.colcon_core.shell:Creating environment descriptor '/home/kai137/ee4308/install/ee4308_turtle/share/ee4308_turtle/hook/ld_library_path_lib.dsv'
[7.851s] INFO:colcon.colcon_core.shell:Creating environment hook '/home/kai137/ee4308/install/ee4308_turtle/share/ee4308_turtle/hook/ld_library_path_lib.sh'
[7.851s] Level 1:colcon.colcon_core.environment:checking '/home/kai137/ee4308/install/ee4308_turtle/bin'
[7.851s] Level 1:colcon.colcon_core.environment:checking '/home/kai137/ee4308/install/ee4308_turtle/lib/pkgconfig/ee4308_turtle.pc'
[7.851s] Level 1:colcon.colcon_core.environment:checking '/home/kai137/ee4308/install/ee4308_turtle/lib/python3.10/site-packages'
[7.851s] Level 1:colcon.colcon_core.environment:checking '/home/kai137/ee4308/install/ee4308_turtle/bin'
[7.851s] INFO:colcon.colcon_core.shell:Creating package script '/home/kai137/ee4308/install/ee4308_turtle/share/ee4308_turtle/package.ps1'
[7.852s] INFO:colcon.colcon_core.shell:Creating package descriptor '/home/kai137/ee4308/install/ee4308_turtle/share/ee4308_turtle/package.dsv'
[7.852s] INFO:colcon.colcon_core.shell:Creating package script '/home/kai137/ee4308/install/ee4308_turtle/share/ee4308_turtle/package.sh'
[7.852s] INFO:colcon.colcon_core.shell:Creating package script '/home/kai137/ee4308/install/ee4308_turtle/share/ee4308_turtle/package.bash'
[7.852s] INFO:colcon.colcon_core.shell:Creating package script '/home/kai137/ee4308/install/ee4308_turtle/share/ee4308_turtle/package.zsh'
[7.853s] Level 1:colcon.colcon_core.environment:create_file_with_runtime_dependencies(/home/kai137/ee4308/install/ee4308_turtle/share/colcon-core/packages/ee4308_turtle)
[7.853s] DEBUG:colcon.colcon_parallel_executor.executor.parallel:closing loop
[7.853s] DEBUG:colcon.colcon_parallel_executor.executor.parallel:loop closed
[7.853s] DEBUG:colcon.colcon_parallel_executor.executor.parallel:run_until_complete finished with '0'
[7.853s] DEBUG:colcon.colcon_core.event_reactor:joining thread
[7.857s] INFO:colcon.colcon_core.plugin_system:Skipping extension 'colcon_notification.desktop_notification.terminal_notifier': Not used on non-Darwin systems
[7.857s] INFO:colcon.colcon_core.plugin_system:Skipping extension 'colcon_notification.desktop_notification.win32': Not used on non-Windows systems
[7.857s] INFO:colcon.colcon_notification.desktop_notification:Sending desktop notification using 'notify2'
[7.864s] DEBUG:colcon.colcon_core.event_reactor:joined thread
[7.864s] INFO:colcon.colcon_core.shell:Creating prefix script '/home/kai137/ee4308/install/local_setup.ps1'
[7.865s] INFO:colcon.colcon_core.shell:Creating prefix util module '/home/kai137/ee4308/install/_local_setup_util_ps1.py'
[7.865s] INFO:colcon.colcon_core.shell:Creating prefix chain script '/home/kai137/ee4308/install/setup.ps1'
[7.866s] INFO:colcon.colcon_core.shell:Creating prefix script '/home/kai137/ee4308/install/local_setup.sh'
[7.866s] INFO:colcon.colcon_core.shell:Creating prefix util module '/home/kai137/ee4308/install/_local_setup_util_sh.py'
[7.867s] INFO:colcon.colcon_core.shell:Creating prefix chain script '/home/kai137/ee4308/install/setup.sh'
[7.867s] INFO:colcon.colcon_core.shell:Creating prefix script '/home/kai137/ee4308/install/local_setup.bash'
[7.867s] INFO:colcon.colcon_core.shell:Creating prefix chain script '/home/kai137/ee4308/install/setup.bash'
[7.868s] INFO:colcon.colcon_core.shell:Creating prefix script '/home/kai137/ee4308/install/local_setup.zsh'
[7.868s] INFO:colcon.colcon_core.shell:Creating prefix chain script '/home/kai137/ee4308/install/setup.zsh'
