[0.017s] Invoking command in '/home/kai137/ee4308/build/ee4308_turtle': CMAKE_PREFIX_PATH=/home/kai137/ee4308/install/ee4308_core:/home/kai137/ee4308/install/ee4308_turtle:/home/kai137/ee4308/install/ee4308_bringup:/opt/ros/humble /usr/bin/cmake --build /home/kai137/ee4308/build/ee4308_turtle -- -j16 -l16
[0.060s] [35m[1mConsolidate compiler generated dependencies of target ee4308_turtle_controller[0m
[0.075s] [ 50%] Built target ee4308_turtle_planner
[0.080s] [ 75%] [32mBuilding CXX object CMakeFiles/ee4308_turtle_controller.dir/src/controller.cpp.o[0m
[3.873s] [100%] [32m[1mLinking CXX shared library libee4308_turtle_controller.so[0m
[4.072s] [100%] Built target ee4308_turtle_controller
[4.082s] Invoked command in '/home/kai137/ee4308/build/ee4308_turtle' returned '0': CMAKE_PREFIX_PATH=/home/kai137/ee4308/install/ee4308_core:/home/kai137/ee4308/install/ee4308_turtle:/home/kai137/ee4308/install/ee4308_bringup:/opt/ros/humble /usr/bin/cmake --build /home/kai137/ee4308/build/ee4308_turtle -- -j16 -l16
[4.084s] Invoking command in '/home/kai137/ee4308/build/ee4308_turtle': CMAKE_PREFIX_PATH=/home/kai137/ee4308/install/ee4308_core:/home/kai137/ee4308/install/ee4308_turtle:/home/kai137/ee4308/install/ee4308_bringup:/opt/ros/humble /usr/bin/cmake --install /home/kai137/ee4308/build/ee4308_turtle
[4.091s] -- Install configuration: "Release"
[4.092s] -- Execute custom install script
[4.092s] -- Up-to-date symlink: /home/kai137/ee4308/install/ee4308_turtle/lib/libee4308_turtle_controller.so
[4.092s] -- Up-to-date symlink: /home/kai137/ee4308/install/ee4308_turtle/share/ee4308_turtle//ee4308_turtle_controller.xml
[4.092s] -- Up-to-date symlink: /home/kai137/ee4308/install/ee4308_turtle/lib/libee4308_turtle_planner.so
[4.093s] -- Up-to-date symlink: /home/kai137/ee4308/install/ee4308_turtle/share/ee4308_turtle//ee4308_turtle_planner.xml
[4.093s] -- Up-to-date symlink: /home/kai137/ee4308/install/ee4308_turtle/include//ee4308_turtle/controller.hpp
[4.093s] -- Up-to-date symlink: /home/kai137/ee4308/install/ee4308_turtle/include//ee4308_turtle/planner.hpp
[4.093s] -- Up-to-date symlink: /home/kai137/ee4308/install/ee4308_turtle/share/ament_index/resource_index/package_run_dependencies/ee4308_turtle
[4.093s] -- Up-to-date symlink: /home/kai137/ee4308/install/ee4308_turtle/share/ament_index/resource_index/parent_prefix_path/ee4308_turtle
[4.093s] -- Up-to-date symlink: /home/kai137/ee4308/install/ee4308_turtle/share/ee4308_turtle/environment/ament_prefix_path.sh
[4.093s] -- Up-to-date symlink: /home/kai137/ee4308/install/ee4308_turtle/share/ee4308_turtle/environment/ament_prefix_path.dsv
[4.093s] -- Up-to-date symlink: /home/kai137/ee4308/install/ee4308_turtle/share/ee4308_turtle/environment/path.sh
[4.093s] -- Up-to-date symlink: /home/kai137/ee4308/install/ee4308_turtle/share/ee4308_turtle/environment/path.dsv
[4.093s] -- Up-to-date symlink: /home/kai137/ee4308/install/ee4308_turtle/share/ee4308_turtle/local_setup.bash
[4.094s] -- Up-to-date symlink: /home/kai137/ee4308/install/ee4308_turtle/share/ee4308_turtle/local_setup.sh
[4.094s] -- Up-to-date symlink: /home/kai137/ee4308/install/ee4308_turtle/share/ee4308_turtle/local_setup.zsh
[4.094s] -- Up-to-date symlink: /home/kai137/ee4308/install/ee4308_turtle/share/ee4308_turtle/local_setup.dsv
[4.094s] -- Symlinking: /home/kai137/ee4308/install/ee4308_turtle/share/ee4308_turtle/package.dsv
[4.100s] -- Up-to-date symlink: /home/kai137/ee4308/install/ee4308_turtle/share/ament_index/resource_index/packages/ee4308_turtle
[4.100s] -- Up-to-date symlink: /home/kai137/ee4308/install/ee4308_turtle/share/ament_index/resource_index/nav2_core__pluginlib__plugin/ee4308_turtle
[4.100s] -- Up-to-date symlink: /home/kai137/ee4308/install/ee4308_turtle/share/ee4308_turtle/cmake/ament_cmake_export_include_directories-extras.cmake
[4.100s] -- Up-to-date symlink: /home/kai137/ee4308/install/ee4308_turtle/share/ee4308_turtle/cmake/ament_cmake_export_dependencies-extras.cmake
[4.100s] -- Up-to-date symlink: /home/kai137/ee4308/install/ee4308_turtle/share/ee4308_turtle/cmake/ee4308_turtleConfig.cmake
[4.100s] -- Up-to-date symlink: /home/kai137/ee4308/install/ee4308_turtle/share/ee4308_turtle/cmake/ee4308_turtleConfig-version.cmake
[4.100s] -- Up-to-date symlink: /home/kai137/ee4308/install/ee4308_turtle/share/ee4308_turtle/package.xml
[4.102s] Invoked command in '/home/kai137/ee4308/build/ee4308_turtle' returned '0': CMAKE_PREFIX_PATH=/home/kai137/ee4308/install/ee4308_core:/home/kai137/ee4308/install/ee4308_turtle:/home/kai137/ee4308/install/ee4308_bringup:/opt/ros/humble /usr/bin/cmake --install /home/kai137/ee4308/build/ee4308_turtle
